0 verbose cli C:\Program Files\nodejs\node.exe C:\Program Files\nodejs\node_modules\npm\bin\npm-cli.js
1 info using npm@11.10.1
2 info using node@v25.7.0
3 silly config load:file:C:\Program Files\nodejs\node_modules\npm\npmrc
4 silly config load:file:C:\xampp\htdocs\repo\kyro-3\.npmrc
5 silly config load:file:C:\Users\Dansa\.npmrc
6 silly config load:file:C:\Users\Dansa\AppData\Roaming\npm\etc\npmrc
7 verbose title npm audit
8 verbose argv "audit" "--json"
9 verbose logfile logs-max:10 dir:C:\xampp\htdocs\repo\kyro-3\.npm-cache\_logs\2026-03-10T04_44_40_913Z-
10 verbose logfile C:\xampp\htdocs\repo\kyro-3\.npm-cache\_logs\2026-03-10T04_44_40_913Z-debug-0.log
11 silly logfile done cleaning log files
12 silly packumentCache heap:2348810240 maxSize:587202560 maxEntrySize:293601280
13 silly audit bulk request {
13 silly audit   '@alloc/quick-lru': [ '5.2.0' ],
13 silly audit   '@ampproject/remapping': [ '2.3.0' ],
13 silly audit   '@babel/code-frame': [ '7.27.1' ],
13 silly audit   '@babel/compat-data': [ '7.28.0' ],
13 silly audit   '@babel/core': [ '7.28.3' ],
13 silly audit   '@babel/generator': [ '7.28.3' ],
13 silly audit   '@babel/helper-compilation-targets': [ '7.27.2' ],
13 silly audit   '@babel/helper-globals': [ '7.28.0' ],
13 silly audit   '@babel/helper-module-imports': [ '7.27.1' ],
13 silly audit   '@babel/helper-module-transforms': [ '7.28.3' ],
13 silly audit   '@babel/helper-plugin-utils': [ '7.27.1' ],
13 silly audit   '@babel/helper-string-parser': [ '7.27.1' ],
13 silly audit   '@babel/helper-validator-identifier': [ '7.27.1' ],
13 silly audit   '@babel/helper-validator-option': [ '7.27.1' ],
13 silly audit   '@babel/helpers': [ '7.28.3' ],
13 silly audit   '@babel/parser': [ '7.28.3' ],
13 silly audit   '@babel/plugin-transform-react-jsx-self': [ '7.27.1' ],
13 silly audit   '@babel/plugin-transform-react-jsx-source': [ '7.27.1' ],
13 silly audit   '@babel/runtime': [ '7.28.4' ],
13 silly audit   '@babel/template': [ '7.27.2' ],
13 silly audit   '@babel/traverse': [ '7.28.3' ],
13 silly audit   '@babel/types': [ '7.28.2' ],
13 silly audit   '@date-fns/tz': [ '1.4.1' ],
13 silly audit   '@esbuild/aix-ppc64': [ '0.21.5' ],
13 silly audit   '@esbuild/android-arm': [ '0.21.5' ],
13 silly audit   '@esbuild/android-arm64': [ '0.21.5' ],
13 silly audit   '@esbuild/android-x64': [ '0.21.5' ],
13 silly audit   '@esbuild/darwin-arm64': [ '0.21.5' ],
13 silly audit   '@esbuild/darwin-x64': [ '0.21.5' ],
13 silly audit   '@esbuild/freebsd-arm64': [ '0.21.5' ],
13 silly audit   '@esbuild/freebsd-x64': [ '0.21.5' ],
13 silly audit   '@esbuild/linux-arm': [ '0.21.5' ],
13 silly audit   '@esbuild/linux-arm64': [ '0.21.5' ],
13 silly audit   '@esbuild/linux-ia32': [ '0.21.5' ],
13 silly audit   '@esbuild/linux-loong64': [ '0.21.5' ],
13 silly audit   '@esbuild/linux-mips64el': [ '0.21.5' ],
13 silly audit   '@esbuild/linux-ppc64': [ '0.21.5' ],
13 silly audit   '@esbuild/linux-riscv64': [ '0.21.5' ],
13 silly audit   '@esbuild/linux-s390x': [ '0.21.5' ],
13 silly audit   '@esbuild/linux-x64': [ '0.21.5' ],
13 silly audit   '@esbuild/netbsd-x64': [ '0.21.5' ],
13 silly audit   '@esbuild/openbsd-x64': [ '0.21.5' ],
13 silly audit   '@esbuild/sunos-x64': [ '0.21.5' ],
13 silly audit   '@esbuild/win32-arm64': [ '0.21.5' ],
13 silly audit   '@esbuild/win32-ia32': [ '0.21.5' ],
13 silly audit   '@esbuild/win32-x64': [ '0.21.5' ],
13 silly audit   '@floating-ui/core': [ '1.7.3' ],
13 silly audit   '@floating-ui/dom': [ '1.7.4' ],
13 silly audit   '@floating-ui/react': [ '0.27.16' ],
13 silly audit   '@floating-ui/react-dom': [ '2.1.6' ],
13 silly audit   '@floating-ui/utils': [ '0.2.10' ],
13 silly audit   '@fullcalendar/core': [ '6.1.19' ],
13 silly audit   '@fullcalendar/daygrid': [ '6.1.19' ],
13 silly audit   '@fullcalendar/interaction': [ '6.1.19' ],
13 silly audit   '@fullcalendar/react': [ '6.1.19' ],
13 silly audit   '@fullcalendar/timegrid': [ '6.1.19' ],
13 silly audit   '@headlessui/react': [ '1.7.19' ],
13 silly audit   '@hello-pangea/dnd': [ '18.0.1' ],
13 silly audit   '@inertiajs/core': [ '1.3.0', '2.1.3' ],
13 silly audit   '@inertiajs/react': [ '1.3.0' ],
13 silly audit   '@inertiajs/vue3': [ '2.1.3' ],
13 silly audit   '@isaacs/cliui': [ '8.0.2' ],
13 silly audit   '@jridgewell/gen-mapping': [ '0.3.13' ],
13 silly audit   '@jridgewell/resolve-uri': [ '3.1.2' ],
13 silly audit   '@jridgewell/sourcemap-codec': [ '1.5.5' ],
13 silly audit   '@jridgewell/trace-mapping': [ '0.3.30' ],
13 silly audit   '@nodelib/fs.scandir': [ '2.1.5' ],
13 silly audit   '@nodelib/fs.stat': [ '2.0.5' ],
13 silly audit   '@nodelib/fs.walk': [ '1.2.8' ],
13 silly audit   '@pkgjs/parseargs': [ '0.11.0' ],
13 silly audit   '@radix-ui/number': [ '1.1.1' ],
13 silly audit   '@radix-ui/primitive': [ '1.1.3' ],
13 silly audit   '@radix-ui/react-alert-dialog': [ '1.1.15' ],
13 silly audit   '@radix-ui/react-arrow': [ '1.1.7' ],
13 silly audit   '@radix-ui/react-avatar': [ '1.1.10' ],
13 silly audit   '@radix-ui/react-checkbox': [ '1.3.3' ],
13 silly audit   '@radix-ui/react-collapsible': [ '1.1.12' ],
13 silly audit   '@radix-ui/react-collection': [ '1.1.7' ],
13 silly audit   '@radix-ui/react-compose-refs': [ '1.1.2' ],
13 silly audit   '@radix-ui/react-context': [ '1.1.2' ],
13 silly audit   '@radix-ui/react-dialog': [ '1.1.15' ],
13 silly audit   '@radix-ui/react-direction': [ '1.1.1' ],
13 silly audit   '@radix-ui/react-dismissable-layer': [ '1.1.11' ],
13 silly audit   '@radix-ui/react-dropdown-menu': [ '2.1.16' ],
13 silly audit   '@radix-ui/react-focus-guards': [ '1.1.3' ],
13 silly audit   '@radix-ui/react-focus-scope': [ '1.1.7' ],
13 silly audit   '@radix-ui/react-id': [ '1.1.1' ],
13 silly audit   '@radix-ui/react-label': [ '2.1.7' ],
13 silly audit   '@radix-ui/react-menu': [ '2.1.16' ],
13 silly audit   '@radix-ui/react-popover': [ '1.1.15' ],
13 silly audit   '@radix-ui/react-popper': [ '1.2.8' ],
13 silly audit   '@radix-ui/react-portal': [ '1.1.9' ],
13 silly audit   '@radix-ui/react-presence': [ '1.1.5' ],
13 silly audit   '@radix-ui/react-primitive': [ '2.1.3' ],
13 silly audit   '@radix-ui/react-radio-group': [ '1.3.8' ],
13 silly audit   '@radix-ui/react-roving-focus': [ '1.1.11' ],
13 silly audit   '@radix-ui/react-scroll-area': [ '1.2.10' ],
13 silly audit   '@radix-ui/react-select': [ '2.2.6' ],
13 silly audit   '@radix-ui/react-separator': [ '1.1.7' ],
13 silly audit   '@radix-ui/react-slider': [ '1.3.6' ],
13 silly audit   '@radix-ui/react-slot': [ '1.2.3' ],
13 silly audit   '@radix-ui/react-switch': [ '1.2.6' ],
13 silly audit   '@radix-ui/react-toggle': [ '1.1.10' ],
13 silly audit   '@radix-ui/react-tooltip': [ '1.2.8' ],
13 silly audit   '@radix-ui/react-use-callback-ref': [ '1.1.1' ],
13 silly audit   '@radix-ui/react-use-controllable-state': [ '1.2.2' ],
13 silly audit   '@radix-ui/react-use-effect-event': [ '0.0.2' ],
13 silly audit   '@radix-ui/react-use-escape-keydown': [ '1.1.1' ],
13 silly audit   '@radix-ui/react-use-is-hydrated': [ '0.1.0' ],
13 silly audit   '@radix-ui/react-use-layout-effect': [ '1.1.1' ],
13 silly audit   '@radix-ui/react-use-previous': [ '1.1.1' ],
13 silly audit   '@radix-ui/react-use-rect': [ '1.1.1' ],
13 silly audit   '@radix-ui/react-use-size': [ '1.1.1' ],
13 silly audit   '@radix-ui/react-visually-hidden': [ '1.2.3' ],
13 silly audit   '@radix-ui/rect': [ '1.1.1' ],
13 silly audit   '@reduxjs/toolkit': [ '2.9.0' ],
13 silly audit   '@remirror/core-constants': [ '3.0.0' ],
13 silly audit   '@rolldown/pluginutils': [ '1.0.0-beta.27' ],
13 silly audit   '@rollup/rollup-android-arm-eabi': [ '4.49.0' ],
13 silly audit   '@rollup/rollup-android-arm64': [ '4.49.0' ],
13 silly audit   '@rollup/rollup-darwin-arm64': [ '4.49.0' ],
13 silly audit   '@rollup/rollup-darwin-x64': [ '4.49.0' ],
13 silly audit   '@rollup/rollup-freebsd-arm64': [ '4.49.0' ],
13 silly audit   '@rollup/rollup-freebsd-x64': [ '4.49.0' ],
13 silly audit   '@rollup/rollup-linux-arm-gnueabihf': [ '4.49.0' ],
13 silly audit   '@rollup/rollup-linux-arm-musleabihf': [ '4.49.0' ],
13 silly audit   '@rollup/rollup-linux-arm64-gnu': [ '4.49.0' ],
13 silly audit   '@rollup/rollup-linux-arm64-musl': [ '4.49.0' ],
13 silly audit   '@rollup/rollup-linux-loongarch64-gnu': [ '4.49.0' ],
13 silly audit   '@rollup/rollup-linux-ppc64-gnu': [ '4.49.0' ],
13 silly audit   '@rollup/rollup-linux-riscv64-gnu': [ '4.49.0' ],
13 silly audit   '@rollup/rollup-linux-riscv64-musl': [ '4.49.0' ],
13 silly audit   '@rollup/rollup-linux-s390x-gnu': [ '4.49.0' ],
13 silly audit   '@rollup/rollup-linux-x64-gnu': [ '4.49.0' ],
13 silly audit   '@rollup/rollup-linux-x64-musl': [ '4.49.0' ],
13 silly audit   '@rollup/rollup-win32-arm64-msvc': [ '4.49.0' ],
13 silly audit   '@rollup/rollup-win32-ia32-msvc': [ '4.49.0' ],
13 silly audit   '@rollup/rollup-win32-x64-msvc': [ '4.49.0' ],
13 silly audit   '@standard-schema/spec': [ '1.0.0' ],
13 silly audit   '@standard-schema/utils': [ '0.3.0' ],
13 silly audit   '@syncfusion/ej2-base': [ '31.2.12' ],
13 silly audit   '@syncfusion/ej2-buttons': [ '31.2.12' ],
13 silly audit   '@syncfusion/ej2-data': [ '31.2.12' ],
13 silly audit   '@syncfusion/ej2-diagrams': [ '31.2.15' ],
13 silly audit   '@syncfusion/ej2-icons': [ '31.2.12' ],
13 silly audit   '@syncfusion/ej2-inputs': [ '31.2.15' ],
13 silly audit   '@syncfusion/ej2-lists': [ '31.2.12' ],
13 silly audit   '@syncfusion/ej2-navigations': [ '31.2.12' ],
13 silly audit   '@syncfusion/ej2-popups': [ '31.2.12' ],
13 silly audit   '@syncfusion/ej2-react-base': [ '31.2.12' ],
13 silly audit   '@syncfusion/ej2-react-diagrams': [ '31.2.15' ],
13 silly audit   '@syncfusion/ej2-react-navigations': [ '31.2.12' ],
13 silly audit   '@syncfusion/ej2-splitbuttons': [ '31.2.12' ],
13 silly audit   '@tailwindcss/forms': [ '0.5.10' ],
13 silly audit   '@tanstack/react-virtual': [ '3.13.12' ],
13 silly audit   '@tanstack/virtual-core': [ '3.13.12' ],
13 silly audit   '@tiptap/core': [ '3.3.0' ],
13 silly audit   '@tiptap/extension-blockquote': [ '3.3.0' ],
13 silly audit   '@tiptap/extension-bold': [ '3.3.0' ],
13 silly audit   '@tiptap/extension-bubble-menu': [ '3.3.0' ],
13 silly audit   '@tiptap/extension-bullet-list': [ '3.3.0' ],
13 silly audit   '@tiptap/extension-code': [ '3.3.0' ],
13 silly audit   '@tiptap/extension-code-block': [ '3.3.0' ],
13 silly audit   '@tiptap/extension-color': [ '3.3.0' ],
13 silly audit   '@tiptap/extension-document': [ '3.3.0' ],
13 silly audit   '@tiptap/extension-dropcursor': [ '3.3.0' ],
13 silly audit   '@tiptap/extension-floating-menu': [ '3.3.0' ],
13 silly audit   '@tiptap/extension-gapcursor': [ '3.3.0' ],
13 silly audit   '@tiptap/extension-hard-break': [ '3.3.0' ],
13 silly audit   '@tiptap/extension-heading': [ '3.3.0' ],
13 silly audit   '@tiptap/extension-highlight': [ '3.3.0' ],
13 silly audit   '@tiptap/extension-horizontal-rule': [ '3.3.0' ],
13 silly audit   '@tiptap/extension-italic': [ '3.3.0' ],
13 silly audit   '@tiptap/extension-link': [ '3.3.0' ],
13 silly audit   '@tiptap/extension-list': [ '3.3.0' ],
13 silly audit   '@tiptap/extension-list-item': [ '3.3.0' ],
13 silly audit   '@tiptap/extension-list-keymap': [ '3.3.0' ],
13 silly audit   '@tiptap/extension-ordered-list': [ '3.3.0' ],
13 silly audit   '@tiptap/extension-paragraph': [ '3.3.0' ],
13 silly audit   '@tiptap/extension-strike': [ '3.3.0' ],
13 silly audit   '@tiptap/extension-text': [ '3.3.0' ],
13 silly audit   '@tiptap/extension-text-align': [ '3.3.0' ],
13 silly audit   '@tiptap/extension-text-style': [ '3.3.0' ],
13 silly audit   '@tiptap/extension-underline': [ '3.3.0' ],
13 silly audit   '@tiptap/extensions': [ '3.3.0' ],
13 silly audit   '@tiptap/pm': [ '3.3.0' ],
13 silly audit   '@tiptap/react': [ '3.3.0' ],
13 silly audit   '@tiptap/starter-kit': [ '3.3.0' ],
13 silly audit   '@types/babel__core': [ '7.20.5' ],
13 silly audit   '@types/babel__generator': [ '7.27.0' ],
13 silly audit   '@types/babel__template': [ '7.4.4' ],
13 silly audit   '@types/babel__traverse': [ '7.28.0' ],
13 silly audit   '@types/d3-array': [ '3.2.2' ],
13 silly audit   '@types/d3-color': [ '3.1.3' ],
13 silly audit   '@types/d3-ease': [ '3.0.2' ],
13 silly audit   '@types/d3-interpolate': [ '3.0.4' ],
13 silly audit   '@types/d3-path': [ '3.1.1' ],
13 silly audit   '@types/d3-scale': [ '4.0.9' ],
13 silly audit   '@types/d3-shape': [ '3.1.7' ],
13 silly audit   '@types/d3-time': [ '3.0.4' ],
13 silly audit   '@types/d3-timer': [ '3.0.2' ],
13 silly audit   '@types/estree': [ '1.0.8' ],
13 silly audit   '@types/jsbarcode': [ '3.11.4' ],
13 silly audit   '@types/linkify-it': [ '5.0.0' ],
13 silly audit   '@types/lodash': [ '4.17.20' ],
13 silly audit   '@types/lodash-es': [ '4.17.12' ],
13 silly audit   '@types/markdown-it': [ '14.1.2' ],
13 silly audit   '@types/mdurl': [ '2.0.0' ],
13 silly audit   '@types/node': [ '18.19.123' ],
13 silly audit   '@types/pako': [ '2.0.4' ],
13 silly audit   '@types/prop-types': [ '15.7.15' ],
13 silly audit   '@types/qrcode': [ '1.5.5' ],
13 silly audit   '@types/raf': [ '3.4.3' ],
13 silly audit   '@types/react': [ '18.3.24' ],
13 silly audit   '@types/react-dom': [ '18.3.7' ],
13 silly audit   '@types/react-google-recaptcha': [ '2.1.9' ],
13 silly audit   '@types/trusted-types': [ '2.0.7' ],
13 silly audit   '@types/use-sync-external-store': [ '0.0.6' ],
13 silly audit   '@vitejs/plugin-react': [ '4.7.0' ],
13 silly audit   '@vue/compiler-core': [ '3.5.20' ],
13 silly audit   '@vue/compiler-dom': [ '3.5.20' ],
13 silly audit   '@vue/compiler-sfc': [ '3.5.20' ],
13 silly audit   '@vue/compiler-ssr': [ '3.5.20' ],
13 silly audit   '@vue/reactivity': [ '3.5.20' ],
13 silly audit   '@vue/runtime-core': [ '3.5.20' ],
13 silly audit   '@vue/runtime-dom': [ '3.5.20' ],
13 silly audit   '@vue/server-renderer': [ '3.5.20' ],
13 silly audit   '@vue/shared': [ '3.5.20' ],
13 silly audit   'ansi-escapes': [ '1.4.0' ],
13 silly audit   'ansi-regex': [ '6.2.0', '2.1.1', '5.0.1', '3.0.1' ],
13 silly audit   'ansi-styles': [ '6.2.1', '2.2.1', '4.3.0' ],
13 silly audit   'any-promise': [ '1.3.0' ],
13 silly audit   anymatch: [ '3.1.3' ],
13 silly audit   arg: [ '5.0.2' ],
13 silly audit   argparse: [ '2.0.1' ],
13 silly audit   'aria-hidden': [ '1.2.6' ],
13 silly audit   asynckit: [ '0.4.0' ],
13 silly audit   autoprefixer: [ '10.4.21' ],
13 silly audit   axios: [ '1.12.0' ],
13 silly audit   'babel-polyfill': [ '6.23.0' ],
13 silly audit   'core-js': [ '2.6.12', '3.45.1' ],
13 silly audit   'regenerator-runtime': [ '0.10.5', '0.11.1', '0.13.11' ],
13 silly audit   'babel-runtime': [ '6.26.0' ],
13 silly audit   'balanced-match': [ '1.0.2' ],
13 silly audit   'base64-arraybuffer': [ '1.0.2' ],
13 silly audit   'binary-extensions': [ '2.3.0' ],
13 silly audit   'brace-expansion': [ '2.0.2' ],
13 silly audit   braces: [ '3.0.3' ],
13 silly audit   browserslist: [ '4.25.3' ],
13 silly audit   'call-bind-apply-helpers': [ '1.0.2' ],
13 silly audit   'call-bound': [ '1.0.4' ],
13 silly audit   camelcase: [ '5.3.1' ],
13 silly audit   'camelcase-css': [ '2.0.1' ],
13 silly audit   'caniuse-lite': [ '1.0.30001737' ],
13 silly audit   canvg: [ '3.0.11' ],
13 silly audit   chalk: [ '1.1.3' ],
13 silly audit   'escape-string-regexp': [ '1.0.5', '4.0.0' ],
13 silly audit   'strip-ansi': [ '3.0.1', '6.0.1', '4.0.0', '7.1.0' ],
13 silly audit   chardet: [ '0.4.2' ],
13 silly audit   chokidar: [ '3.6.0' ],
13 silly audit   'glob-parent': [ '5.1.2', '6.0.2' ],
13 silly audit   'class-variance-authority': [ '0.7.1' ],
13 silly audit   'cli-cursor': [ '2.1.0' ],
13 silly audit   'cli-width': [ '2.2.1' ],
13 silly audit   'client-only': [ '0.0.1' ],
13 silly audit   cliui: [ '6.0.0' ],
13 silly audit   'emoji-regex': [ '8.0.0', '9.2.2' ],
13 silly audit   'string-width': [ '4.2.3', '2.1.1', '5.1.2' ],
13 silly audit   'wrap-ansi': [ '6.2.0', '8.1.0', '7.0.0' ],
13 silly audit   clsx: [ '2.1.1' ],
13 silly audit   'color-convert': [ '2.0.1' ],
13 silly audit   'color-name': [ '1.1.4' ],
13 silly audit   'combined-stream': [ '1.0.8' ],
13 silly audit   commander: [ '4.1.1' ],
13 silly audit   'convert-source-map': [ '2.0.0' ],
13 silly audit   'copy-anything': [ '2.0.6' ],
13 silly audit   crelt: [ '1.0.6' ],
13 silly audit   'cross-fetch': [ '4.0.0' ],
13 silly audit   'cross-spawn': [ '7.0.6' ],
13 silly audit   'css-box-model': [ '1.2.1' ],
13 silly audit   'css-line-break': [ '2.1.0' ],
13 silly audit   cssesc: [ '3.0.0' ],
13 silly audit   csstype: [ '3.1.3' ],
13 silly audit   'd3-array': [ '3.2.4' ],
13 silly audit   'd3-color': [ '3.1.0' ],
13 silly audit   'd3-ease': [ '3.0.1' ],
13 silly audit   'd3-format': [ '3.1.0' ],
13 silly audit   'd3-interpolate': [ '3.0.1' ],
13 silly audit   'd3-path': [ '3.1.0' ],
13 silly audit   'd3-scale': [ '4.0.2' ],
13 silly audit   'd3-shape': [ '3.2.0' ],
13 silly audit   'd3-time': [ '3.1.0' ],
13 silly audit   'd3-time-format': [ '4.1.0' ],
13 silly audit   'd3-timer': [ '3.0.1' ],
13 silly audit   'date-fns': [ '3.6.0', '4.1.0' ],
13 silly audit   'date-fns-jalali': [ '4.1.0-0' ],
13 silly audit   debug: [ '4.4.1' ],
13 silly audit   decamelize: [ '1.2.0' ],
13 silly audit   'decimal.js-light': [ '2.5.1' ],
13 silly audit   deepmerge: [ '4.3.1' ],
13 silly audit   'delayed-stream': [ '1.0.0' ],
13 silly audit   'detect-node-es': [ '1.1.0' ],
13 silly audit   didyoumean: [ '1.2.2' ],
13 silly audit   dijkstrajs: [ '1.0.3' ],
13 silly audit   dlv: [ '1.1.3' ],
13 silly audit   dompurify: [ '3.2.7' ],
13 silly audit   'dunder-proto': [ '1.0.1' ],
13 silly audit   eastasianwidth: [ '0.2.0' ],
13 silly audit   'electron-to-chromium': [ '1.5.211' ],
13 silly audit   encoding: [ '0.1.13' ],
13 silly audit   entities: [ '4.5.0' ],
13 silly audit   errno: [ '0.1.8' ],
13 silly audit   'es-define-property': [ '1.0.1' ],
13 silly audit   'es-errors': [ '1.3.0' ],
13 silly audit   'es-object-atoms': [ '1.1.1' ],
13 silly audit   'es-set-tostringtag': [ '2.1.0' ],
13 silly audit   'es-toolkit': [ '1.39.10' ],
13 silly audit   esbuild: [ '0.21.5' ],
13 silly audit   escalade: [ '3.2.0' ],
13 silly audit   'estree-walker': [ '2.0.2' ],
13 silly audit   eventemitter3: [ '5.0.1' ],
13 silly audit   'external-editor': [ '2.2.0' ],
13 silly audit   'iconv-lite': [ '0.4.24', '0.6.3' ],
13 silly audit   'fast-deep-equal': [ '3.1.3' ],
13 silly audit   'fast-glob': [ '3.3.3' ],
13 silly audit   'fast-png': [ '6.4.0' ],
13 silly audit   fastq: [ '1.19.1' ],
13 silly audit   fflate: [ '0.8.2' ],
13 silly audit   figures: [ '2.0.0' ],
13 silly audit   'fill-range': [ '7.1.1' ],
13 silly audit   'find-up': [ '4.1.0' ],
13 silly audit   'follow-redirects': [ '1.15.11' ],
13 silly audit   'foreground-child': [ '3.3.1' ],
13 silly audit   'form-data': [ '4.0.4' ],
13 silly audit   'fraction.js': [ '4.3.7' ],
13 silly audit   fsevents: [ '2.3.3' ],
13 silly audit   'function-bind': [ '1.1.2' ],
13 silly audit   gensync: [ '1.0.0-beta.2' ],
13 silly audit   'get-caller-file': [ '2.0.5' ],
13 silly audit   'get-intrinsic': [ '1.3.0' ],
13 silly audit   'get-nonce': [ '1.0.1' ],
13 silly audit   'get-proto': [ '1.0.1' ],
13 silly audit   glob: [ '10.4.5' ],
13 silly audit   gopd: [ '1.2.0' ],
13 silly audit   'graceful-fs': [ '4.2.11' ],
13 silly audit   'has-ansi': [ '2.0.0' ],
13 silly audit   'has-symbols': [ '1.1.0' ],
13 silly audit   'has-tostringtag': [ '1.0.2' ],
13 silly audit   hasown: [ '2.0.2' ],
13 silly audit   'hoist-non-react-statics': [ '3.3.2' ],
13 silly audit   'html-parse-stringify': [ '3.0.1' ],
13 silly audit   html2canvas: [ '1.4.1' ],
13 silly audit   'html2pdf.js': [ '0.12.1' ],
13 silly audit   i18next: [ '25.4.2' ],
13 silly audit   'i18next-browser-languagedetector': [ '8.2.0' ],
13 silly audit   'i18next-http-backend': [ '3.0.2' ],
13 silly audit   'image-size': [ '0.5.5' ],
13 silly audit   immer: [ '10.1.3' ],
13 silly audit   inquirer: [ '3.0.6' ],
13 silly audit   'is-fullwidth-code-point': [ '2.0.0', '3.0.0' ],
13 silly audit   internmap: [ '2.0.3' ],
13 silly audit   iobuffer: [ '5.4.0' ],
13 silly audit   'is-binary-path': [ '2.1.0' ],
13 silly audit   'is-core-module': [ '2.16.1' ],
13 silly audit   'is-extglob': [ '2.1.1' ],
13 silly audit   'is-glob': [ '4.0.3' ],
13 silly audit   'is-number': [ '7.0.0' ],
13 silly audit   'is-stream': [ '1.1.0' ],
13 silly audit   'is-what': [ '3.14.1' ],
13 silly audit   isexe: [ '2.0.0' ],
13 silly audit   jackspeak: [ '3.4.3' ],
13 silly audit   jiti: [ '1.21.7' ],
13 silly audit   'js-tokens': [ '4.0.0' ],
13 silly audit   jsbarcode: [ '3.12.1' ],
13 silly audit   jsesc: [ '3.1.0' ],
13 silly audit   json5: [ '2.2.3' ],
13 silly audit   jspdf: [ '3.0.4' ],
13 silly audit   'jspdf-autotable': [ '5.0.2' ],
13 silly audit   'laravel-echo': [ '1.19.0' ],
13 silly audit   'laravel-vite-plugin': [ '1.3.0' ],
13 silly audit   less: [ '4.4.2' ],
13 silly audit   lilconfig: [ '3.1.3' ],
13 silly audit   'lines-and-columns': [ '1.2.4' ],
13 silly audit   'linkify-it': [ '5.0.0' ],
13 silly audit   linkifyjs: [ '4.3.2' ],
13 silly audit   'locate-path': [ '5.0.0' ],
13 silly audit   lodash: [ '4.17.21' ],
13 silly audit   'lodash-es': [ '4.17.21' ],
13 silly audit   'lodash.isequal': [ '4.5.0' ],
13 silly audit   'loose-envify': [ '1.4.0' ],
13 silly audit   'lru-cache': [ '5.1.1', '10.4.3' ],
13 silly audit   'lucide-react': [ '0.378.0' ],
13 silly audit   'magic-string': [ '0.30.18' ],
13 silly audit   'make-dir': [ '2.1.0' ],
13 silly audit   pify: [ '4.0.1', '2.3.0' ],
13 silly audit   semver: [ '5.7.2', '6.3.1' ],
13 silly audit   'markdown-it': [ '14.1.0' ],
13 silly audit   'math-intrinsics': [ '1.1.0' ],
13 silly audit   mdurl: [ '2.0.0' ],
13 silly audit   merge2: [ '1.4.1' ],
13 silly audit   micromatch: [ '4.0.8' ],
13 silly audit   mime: [ '1.6.0' ],
13 silly audit   'mime-db': [ '1.52.0' ],
13 silly audit   'mime-types': [ '2.1.35' ],
13 silly audit   'mimic-fn': [ '1.2.0' ],
13 silly audit   'mini-svg-data-uri': [ '1.4.4' ],
13 silly audit   minimatch: [ '9.0.5' ],
13 silly audit   minimist: [ '1.2.0' ],
13 silly audit   minipass: [ '7.1.2' ],
13 silly audit   ms: [ '2.1.3' ],
13 silly audit   'mute-stream': [ '0.0.7' ],
13 silly audit   mz: [ '2.7.0' ],
13 silly audit   nanoid: [ '3.3.11' ],
13 silly audit   needle: [ '3.3.1' ],
13 silly audit   'next-themes': [ '0.3.0' ],
13 silly audit   'node-fetch': [ '2.7.0', '1.6.3' ],
13 silly audit   'node-releases': [ '2.0.19' ],
13 silly audit   'normalize-path': [ '3.0.0' ],
13 silly audit   'normalize-range': [ '0.1.2' ],
13 silly audit   nprogress: [ '0.2.0' ],
13 silly audit   'object-assign': [ '4.1.1' ],
13 silly audit   'object-hash': [ '3.0.0' ],
13 silly audit   'object-inspect': [ '1.13.4' ],
13 silly audit   onetime: [ '2.0.1' ],
13 silly audit   opencollective: [ '1.0.3' ],
13 silly audit   'opencollective-postinstall': [ '2.0.3' ],
13 silly audit   opn: [ '4.0.2' ],
13 silly audit   orderedmap: [ '2.1.1' ],
13 silly audit   'os-tmpdir': [ '1.0.2' ],
13 silly audit   'p-limit': [ '2.3.0' ],
13 silly audit   'p-locate': [ '4.1.0' ],
13 silly audit   'p-try': [ '2.2.0' ],
13 silly audit   'package-json-from-dist': [ '1.0.1' ],
13 silly audit   pako: [ '2.1.0' ],
13 silly audit   'parse-node-version': [ '1.0.1' ],
13 silly audit   'path-exists': [ '4.0.0' ],
13 silly audit   'path-key': [ '3.1.1' ],
13 silly audit   'path-parse': [ '1.0.7' ],
13 silly audit   'path-scurry': [ '1.11.1' ],
13 silly audit   'performance-now': [ '2.1.0' ],
13 silly audit   picocolors: [ '1.1.1' ],
13 silly audit   picomatch: [ '2.3.1' ],
13 silly audit   pinkie: [ '2.0.4' ],
13 silly audit   'pinkie-promise': [ '2.0.1' ],
13 silly audit   pirates: [ '4.0.7' ],
13 silly audit   pngjs: [ '5.0.0' ],
13 silly audit   postcss: [ '8.5.6' ],
13 silly audit   'postcss-import': [ '15.1.0' ],
13 silly audit   'postcss-js': [ '4.0.1' ],
13 silly audit   'postcss-load-config': [ '4.0.2' ],
13 silly audit   'postcss-nested': [ '6.2.0' ],
13 silly audit   'postcss-selector-parser': [ '6.1.2' ],
13 silly audit   'postcss-value-parser': [ '4.2.0' ],
13 silly audit   preact: [ '10.12.1' ],
13 silly audit   'prop-types': [ '15.8.1' ],
13 silly audit   'prosemirror-changeset': [ '2.3.1' ],
13 silly audit   'prosemirror-collab': [ '1.3.1' ],
13 silly audit   'prosemirror-commands': [ '1.7.1' ],
13 silly audit   'prosemirror-dropcursor': [ '1.8.2' ],
13 silly audit   'prosemirror-gapcursor': [ '1.3.2' ],
13 silly audit   'prosemirror-history': [ '1.4.1' ],
13 silly audit   'prosemirror-inputrules': [ '1.5.0' ],
13 silly audit   'prosemirror-keymap': [ '1.2.3' ],
13 silly audit   'prosemirror-markdown': [ '1.13.2' ],
13 silly audit   'prosemirror-menu': [ '1.2.5' ],
13 silly audit   'prosemirror-model': [ '1.25.3' ],
13 silly audit   'prosemirror-schema-basic': [ '1.2.4' ],
13 silly audit   'prosemirror-schema-list': [ '1.5.1' ],
13 silly audit   'prosemirror-state': [ '1.4.3' ],
13 silly audit   'prosemirror-tables': [ '1.8.1' ],
13 silly audit   'prosemirror-trailing-node': [ '3.0.0' ],
13 silly audit   'prosemirror-transform': [ '1.10.4' ],
13 silly audit   'prosemirror-view': [ '1.40.1' ],
13 silly audit   'proxy-from-env': [ '1.1.0' ],
13 silly audit   prr: [ '1.0.1' ],
13 silly audit   'punycode.js': [ '2.3.1' ],
13 silly audit   'pusher-js': [ '8.4.0' ],
13 silly audit   qrcode: [ '1.5.4' ],
13 silly audit   qs: [ '6.14.0' ],
13 silly audit   'queue-microtask': [ '1.2.3' ],
13 silly audit   raf: [ '3.4.1' ],
13 silly audit   'raf-schd': [ '4.0.3' ],
13 silly audit   react: [ '18.3.1' ],
13 silly audit   'react-async-script': [ '1.2.0' ],
13 silly audit   'react-datepicker': [ '8.7.0' ],
13 silly audit   'react-day-picker': [ '9.9.0' ],
13 silly audit   'react-dom': [ '18.3.1' ],
13 silly audit   'react-google-recaptcha': [ '3.1.0' ],
13 silly audit   'react-i18next': [ '15.7.2' ],
13 silly audit   'react-is': [ '16.13.1' ],
13 silly audit   'react-redux': [ '9.2.0' ],
13 silly audit   'react-refresh': [ '0.17.0' ],
13 silly audit   'react-remove-scroll': [ '2.7.1' ],
13 silly audit   'react-remove-scroll-bar': [ '2.3.8' ],
13 silly audit   'react-signature-canvas': [ '1.0.7' ],
13 silly audit   'react-style-singleton': [ '2.2.3' ],
13 silly audit   'read-cache': [ '1.0.0' ],
13 silly audit   readdirp: [ '3.6.0' ],
13 silly audit   recharts: [ '3.2.0' ],
13 silly audit   redux: [ '5.0.1' ],
13 silly audit   'redux-thunk': [ '3.1.0' ],
13 silly audit   'require-directory': [ '2.1.1' ],
13 silly audit   'require-main-filename': [ '2.0.0' ],
13 silly audit   reselect: [ '5.1.1' ],
13 silly audit   resolve: [ '1.22.10' ],
13 silly audit   'restore-cursor': [ '2.0.0' ],
13 silly audit   'signal-exit': [ '3.0.7', '4.1.0' ],
13 silly audit   reusify: [ '1.1.0' ],
13 silly audit   rgbcolor: [ '1.0.1' ],
13 silly audit   rollup: [ '4.49.0' ],
13 silly audit   'rope-sequence': [ '1.3.4' ],
13 silly audit   'run-async': [ '2.4.1' ],
13 silly audit   'run-parallel': [ '1.2.0' ],
13 silly audit   rx: [ '4.1.0' ],
13 silly audit   'safer-buffer': [ '2.1.2' ],
13 silly audit   sax: [ '1.4.3' ],
13 silly audit   scheduler: [ '0.23.2' ],
13 silly audit   'set-blocking': [ '2.0.0' ],
13 silly audit   'shebang-command': [ '2.0.0' ],
13 silly audit   'shebang-regex': [ '3.0.0' ],
13 silly audit   'side-channel': [ '1.1.0' ],
13 silly audit   'side-channel-list': [ '1.0.0' ],
13 silly audit   'side-channel-map': [ '1.0.1' ],
13 silly audit   'side-channel-weakmap': [ '1.0.2' ],
13 silly audit   signature_pad: [ '2.3.2' ],
13 silly audit   sonner: [ '2.0.7' ],
13 silly audit   'source-map': [ '0.6.1' ],
13 silly audit   'source-map-js': [ '1.2.1' ],
13 silly audit   'stackblur-canvas': [ '2.7.0' ],
13 silly audit   sucrase: [ '3.35.0' ],
13 silly audit   'supports-color': [ '2.0.0' ],
13 silly audit   'supports-preserve-symlinks-flag': [ '1.0.0' ],
13 silly audit   'svg-pathdata': [ '6.0.3' ],
13 silly audit   tabbable: [ '6.2.0' ],
13 silly audit   'tailwind-merge': [ '2.6.0' ],
13 silly audit   tailwindcss: [ '3.4.17' ],
13 silly audit   'tailwindcss-animate': [ '1.0.7' ],
13 silly audit   'text-segmentation': [ '1.0.3' ],
13 silly audit   thenify: [ '3.3.1' ],
13 silly audit   'thenify-all': [ '1.6.0' ],
13 silly audit   through: [ '2.3.8' ],
13 silly audit   'tiny-invariant': [ '1.3.3' ],
13 silly audit   tmp: [ '0.0.33' ],
13 silly audit   'to-regex-range': [ '5.0.1' ],
13 silly audit   tr46: [ '0.0.3' ],
13 silly audit   'trim-canvas': [ '0.1.2' ],
13 silly audit   'ts-interface-checker': [ '0.1.13' ],
13 silly audit   tslib: [ '2.8.1' ],
13 silly audit   tweetnacl: [ '1.0.3' ],
13 silly audit   typescript: [ '5.9.2' ],
13 silly audit   'uc.micro': [ '2.1.0' ],
13 silly audit   'undici-types': [ '5.26.5' ],
13 silly audit   'unicode-emoji-json': [ '0.8.0' ],
13 silly audit   'update-browserslist-db': [ '1.1.3' ],
13 silly audit   'use-callback-ref': [ '1.3.3' ],
13 silly audit   'use-sidecar': [ '1.1.3' ],
13 silly audit   'use-sync-external-store': [ '1.5.0' ],
13 silly audit   'util-deprecate': [ '1.0.2' ],
13 silly audit   utrie: [ '1.0.2' ],
13 silly audit   'victory-vendor': [ '37.3.6' ],
13 silly audit   vite: [ '5.4.20' ],
13 silly audit   'vite-plugin-full-reload': [ '1.2.0' ],
13 silly audit   'void-elements': [ '3.1.0' ],
13 silly audit   vue: [ '3.5.20' ],
13 silly audit   'w3c-keyname': [ '2.2.8' ],
13 silly audit   'webidl-conversions': [ '3.0.1' ],
13 silly audit   'whatwg-url': [ '5.0.0' ],
13 silly audit   which: [ '2.0.2' ],
13 silly audit   'which-module': [ '2.0.1' ],
13 silly audit   'x-data-spreadsheet': [ '1.1.9' ],
13 silly audit   y18n: [ '4.0.3' ],
13 silly audit   yallist: [ '3.1.1' ],
13 silly audit   yaml: [ '2.8.1' ],
13 silly audit   yargs: [ '15.4.1' ],
13 silly audit   'yargs-parser': [ '18.1.3' ]
13 silly audit }
14 http fetch GET 200 https://registry.npmjs.org/npm 534ms
15 http fetch POST 200 https://registry.npmjs.org/-/npm/v1/security/advisories/bulk 505ms
16 silly audit report {
16 silly audit report   axios: [
16 silly audit report     {
16 silly audit report       id: 1113275,
16 silly audit report       url: 'https://github.com/advisories/GHSA-43fc-jf86-j433',
16 silly audit report       title: 'Axios is Vulnerable to Denial of Service via __proto__ Key in mergeConfig',
16 silly audit report       severity: 'high',
16 silly audit report       vulnerable_versions: '>=1.0.0 <=1.13.4',
16 silly audit report       cwe: [Array],
16 silly audit report       cvss: [Object]
16 silly audit report     }
16 silly audit report   ],
16 silly audit report   dompurify: [
16 silly audit report     {
16 silly audit report       id: 1114017,
16 silly audit report       url: 'https://github.com/advisories/GHSA-v2wj-7wpq-c8vv',
16 silly audit report       title: 'DOMPurify contains a Cross-site Scripting vulnerability',
16 silly audit report       severity: 'moderate',
16 silly audit report       vulnerable_versions: '>=3.1.3 <=3.3.1',
16 silly audit report       cwe: [Array],
16 silly audit report       cvss: [Object]
16 silly audit report     }
16 silly audit report   ],
16 silly audit report   esbuild: [
16 silly audit report     {
16 silly audit report       id: 1102341,
16 silly audit report       url: 'https://github.com/advisories/GHSA-67mh-4wv8-2f99',
16 silly audit report       title: 'esbuild enables any website to send any requests to the development server and read the response',
16 silly audit report       severity: 'moderate',
16 silly audit report       vulnerable_versions: '<=0.24.2',
16 silly audit report       cwe: [Array],
16 silly audit report       cvss: [Object]
16 silly audit report     }
16 silly audit report   ],
16 silly audit report   glob: [
16 silly audit report     {
16 silly audit report       id: 1109842,
16 silly audit report       url: 'https://github.com/advisories/GHSA-5j98-mcp5-4vw2',
16 silly audit report       title: 'glob CLI: Command injection via -c/--cmd executes matches with shell:true',
16 silly audit report       severity: 'high',
16 silly audit report       vulnerable_versions: '>=10.2.0 <10.5.0',
16 silly audit report       cwe: [Array],
16 silly audit report       cvss: [Object]
16 silly audit report     }
16 silly audit report   ],
16 silly audit report   'html2pdf.js': [
16 silly audit report     {
16 silly audit report       id: 1112433,
16 silly audit report       url: 'https://github.com/advisories/GHSA-w8x4-x68c-m6fc',
16 silly audit report       title: 'html2pdf.js contains a cross-site scripting vulnerability',
16 silly audit report       severity: 'high',
16 silly audit report       vulnerable_versions: '<0.14.0',
16 silly audit report       cwe: [Array],
16 silly audit report       cvss: [Object]
16 silly audit report     }
16 silly audit report   ],
16 silly audit report   jspdf: [
16 silly audit report     {
16 silly audit report       id: 1112264,
16 silly audit report       url: 'https://github.com/advisories/GHSA-f8cm-6447-x5h2',
16 silly audit report       title: 'jsPDF has Local File Inclusion/Path Traversal vulnerability',
16 silly audit report       severity: 'critical',
16 silly audit report       vulnerable_versions: '<=3.0.4',
16 silly audit report       cwe: [Array],
16 silly audit report       cvss: [Object]
16 silly audit report     },
16 silly audit report     {
16 silly audit report       id: 1112801,
16 silly audit report       url: 'https://github.com/advisories/GHSA-pqxr-3g65-p328',
16 silly audit report       title: 'jsPDF has PDF Injection in AcroFormChoiceField that allows Arbitrary JavaScript Execution',
16 silly audit report       severity: 'high',
16 silly audit report       vulnerable_versions: '<=4.0.0',
16 silly audit report       cwe: [Array],
16 silly audit report       cvss: [Object]
16 silly audit report     },
16 silly audit report     {
16 silly audit report       id: 1112802,
16 silly audit report       url: 'https://github.com/advisories/GHSA-95fx-jjr5-f39c',
16 silly audit report       title: 'jsPDF Vulnerable to Denial of Service (DoS) via Unvalidated BMP Dimensions in BMPDecoder',
16 silly audit report       severity: 'high',
16 silly audit report       vulnerable_versions: '<=4.0.0',
16 silly audit report       cwe: [Array],
16 silly audit report       cvss: [Object]
16 silly audit report     },
16 silly audit report     {
16 silly audit report       id: 1112803,
16 silly audit report       url: 'https://github.com/advisories/GHSA-vm32-vv63-w422',
16 silly audit report       title: 'jsPDF Vulnerable to Stored XMP Metadata Injection (Spoofing & Integrity Violation)',
16 silly audit report       severity: 'moderate',
16 silly audit report       vulnerable_versions: '<=4.0.0',
16 silly audit report       cwe: [Array],
16 silly audit report       cvss: [Object]
16 silly audit report     },
16 silly audit report     {
16 silly audit report       id: 1112804,
16 silly audit report       url: 'https://github.com/advisories/GHSA-cjw8-79x6-5cj4',
16 silly audit report       title: 'jsPDF has Shared State Race Condition in addJS Plugin',
16 silly audit report       severity: 'moderate',
16 silly audit report       vulnerable_versions: '<=4.0.0',
16 silly audit report       cwe: [Array],
16 silly audit report       cvss: [Object]
16 silly audit report     },
16 silly audit report     {
16 silly audit report       id: 1113309,
16 silly audit report       url: 'https://github.com/advisories/GHSA-p5xg-68wr-hm3m',
16 silly audit report       title: 'jsPDF has a PDF Injection in AcroForm module allows Arbitrary JavaScript Execution (RadioButton.createOption and "AS" property)',
16 silly audit report       severity: 'high',
16 silly audit report       vulnerable_versions: '<4.2.0',
16 silly audit report       cwe: [Array],
16 silly audit report       cvss: [Object]
16 silly audit report     },
16 silly audit report     {
16 silly audit report       id: 1113310,
16 silly audit report       url: 'https://github.com/advisories/GHSA-9vjf-qc39-jprp',
16 silly audit report       title: 'jsPDF has a PDF Object Injection via Unsanitized Input in addJS Method',
16 silly audit report       severity: 'high',
16 silly audit report       vulnerable_versions: '<4.2.0',
16 silly audit report       cwe: [Array],
16 silly audit report       cvss: [Object]
16 silly audit report     },
16 silly audit report     {
16 silly audit report       id: 1113324,
16 silly audit report       url: 'https://github.com/advisories/GHSA-67pg-wm7f-q7fj',
16 silly audit report       title: 'jsPDF Affected by Client-Side/Server-Side Denial of Service via Malicious GIF Dimensions',
16 silly audit report       severity: 'high',
16 silly audit report       vulnerable_versions: '<4.2.0',
16 silly audit report       cwe: [Array],
16 silly audit report       cvss: [Object]
16 silly audit report     }
16 silly audit report   ],
16 silly audit report   lodash: [
16 silly audit report     {
16 silly audit report       id: 1112455,
16 silly audit report       url: 'https://github.com/advisories/GHSA-xxjr-mmjv-4gpg',
16 silly audit report       title: 'Lodash has Prototype Pollution Vulnerability in `_.unset` and `_.omit` functions',
16 silly audit report       severity: 'moderate',
16 silly audit report       vulnerable_versions: '>=4.0.0 <=4.17.22',
16 silly audit report       cwe: [Array],
16 silly audit report       cvss: [Object]
16 silly audit report     }
16 silly audit report   ],
16 silly audit report   'lodash-es': [
16 silly audit report     {
16 silly audit report       id: 1112453,
16 silly audit report       url: 'https://github.com/advisories/GHSA-xxjr-mmjv-4gpg',
16 silly audit report       title: 'Lodash has Prototype Pollution Vulnerability in `_.unset` and `_.omit` functions',
16 silly audit report       severity: 'moderate',
16 silly audit report       vulnerable_versions: '>=4.0.0 <=4.17.22',
16 silly audit report       cwe: [Array],
16 silly audit report       cvss: [Object]
16 silly audit report     }
16 silly audit report   ],
16 silly audit report   'markdown-it': [
16 silly audit report     {
16 silly audit report       id: 1113190,
16 silly audit report       url: 'https://github.com/advisories/GHSA-38c4-r59v-3vqw',
16 silly audit report       title: 'markdown-it is has a Regular Expression Denial of Service (ReDoS)',
16 silly audit report       severity: 'moderate',
16 silly audit report       vulnerable_versions: '>=13.0.0 <14.1.1',
16 silly audit report       cwe: [Array],
16 silly audit report       cvss: [Object]
16 silly audit report     }
16 silly audit report   ],
16 silly audit report   minimatch: [
16 silly audit report     {
16 silly audit report       id: 1113465,
16 silly audit report       url: 'https://github.com/advisories/GHSA-3ppc-4f35-3m26',
16 silly audit report       title: 'minimatch has a ReDoS via repeated wildcards with non-matching literal in pattern',
16 silly audit report       severity: 'high',
16 silly audit report       vulnerable_versions: '>=9.0.0 <9.0.6',
16 silly audit report       cwe: [Array],
16 silly audit report       cvss: [Object]
16 silly audit report     },
16 silly audit report     {
16 silly audit report       id: 1113544,
16 silly audit report       url: 'https://github.com/advisories/GHSA-7r86-cg39-jmmj',
16 silly audit report       title: 'minimatch has ReDoS: matchOne() combinatorial backtracking via multiple non-adjacent GLOBSTAR segments',
16 silly audit report       severity: 'high',
16 silly audit report       vulnerable_versions: '>=9.0.0 <9.0.7',
16 silly audit report       cwe: [Array],
16 silly audit report       cvss: [Object]
16 silly audit report     },
16 silly audit report     {
16 silly audit report       id: 1113552,
16 silly audit report       url: 'https://github.com/advisories/GHSA-23c5-xmqv-rm74',
16 silly audit report       title: 'minimatch ReDoS: nested *() extglobs generate catastrophically backtracking regular expressions',
16 silly audit report       severity: 'high',
16 silly audit report       vulnerable_versions: '>=9.0.0 <9.0.7',
16 silly audit report       cwe: [Array],
16 silly audit report       cvss: [Object]
16 silly audit report     }
16 silly audit report   ],
16 silly audit report   minimist: [
16 silly audit report     {
16 silly audit report       id: 1097678,
16 silly audit report       url: 'https://github.com/advisories/GHSA-xvch-5gv4-984h',
16 silly audit report       title: 'Prototype Pollution in minimist',
16 silly audit report       severity: 'critical',
16 silly audit report       vulnerable_versions: '>=1.0.0 <1.2.6',
16 silly audit report       cwe: [Array],
16 silly audit report       cvss: [Object]
16 silly audit report     },
16 silly audit report     {
16 silly audit report       id: 1096465,
16 silly audit report       url: 'https://github.com/advisories/GHSA-vh95-rmgr-6w4m',
16 silly audit report       title: 'Prototype Pollution in minimist',
16 silly audit report       severity: 'moderate',
16 silly audit report       vulnerable_versions: '>=1.0.0 <1.2.3',
16 silly audit report       cwe: [Array],
16 silly audit report       cvss: [Object]
16 silly audit report     }
16 silly audit report   ],
16 silly audit report   'node-fetch': [
16 silly audit report     {
16 silly audit report       id: 1095073,
16 silly audit report       url: 'https://github.com/advisories/GHSA-r683-j2x4-v87g',
16 silly audit report       title: 'node-fetch forwards secure headers to untrusted sites',
16 silly audit report       severity: 'high',
16 silly audit report       vulnerable_versions: '<2.6.7',
16 silly audit report       cwe: [Array],
16 silly audit report       cvss: [Object]
16 silly audit report     }
16 silly audit report   ],
16 silly audit report   qs: [
16 silly audit report     {
16 silly audit report       id: 1113161,
16 silly audit report       url: 'https://github.com/advisories/GHSA-w7fw-mjwx-w883',
16 silly audit report       title: "qs's arrayLimit bypass in comma parsing allows denial of service",
16 silly audit report       severity: 'low',
16 silly audit report       vulnerable_versions: '>=6.7.0 <=6.14.1',
16 silly audit report       cwe: [Array],
16 silly audit report       cvss: [Object]
16 silly audit report     },
16 silly audit report     {
16 silly audit report       id: 1113719,
16 silly audit report       url: 'https://github.com/advisories/GHSA-6rw7-vpxm-498p',
16 silly audit report       title: "qs's arrayLimit bypass in its bracket notation allows DoS via memory exhaustion",
16 silly audit report       severity: 'moderate',
16 silly audit report       vulnerable_versions: '<6.14.1',
16 silly audit report       cwe: [Array],
16 silly audit report       cvss: [Object]
16 silly audit report     }
16 silly audit report   ],
16 silly audit report   rollup: [
16 silly audit report     {
16 silly audit report       id: 1113515,
16 silly audit report       url: 'https://github.com/advisories/GHSA-mw96-cpmx-2vgc',
16 silly audit report       title: 'Rollup 4 has Arbitrary File Write via Path Traversal',
16 silly audit report       severity: 'high',
16 silly audit report       vulnerable_versions: '>=4.0.0 <4.59.0',
16 silly audit report       cwe: [Array],
16 silly audit report       cvss: [Object]
16 silly audit report     }
16 silly audit report   ],
16 silly audit report   tmp: [
16 silly audit report     {
16 silly audit report       id: 1109537,
16 silly audit report       url: 'https://github.com/advisories/GHSA-52f5-9888-hmc6',
16 silly audit report       title: 'tmp allows arbitrary temporary file / directory write via symbolic link `dir` parameter',
16 silly audit report       severity: 'low',
16 silly audit report       vulnerable_versions: '<=0.2.3',
16 silly audit report       cwe: [Array],
16 silly audit report       cvss: [Object]
16 silly audit report     }
16 silly audit report   ],
16 silly audit report   vite: [
16 silly audit report     {
16 silly audit report       id: 1109131,
16 silly audit report       url: 'https://github.com/advisories/GHSA-93m4-6634-74q7',
16 silly audit report       title: 'vite allows server.fs.deny bypass via backslash on Windows',
16 silly audit report       severity: 'moderate',
16 silly audit report       vulnerable_versions: '>=5.2.6 <=5.4.20',
16 silly audit report       cwe: [Array],
16 silly audit report       cvss: [Object]
16 silly audit report     }
16 silly audit report   ],
16 silly audit report   'x-data-spreadsheet': [
16 silly audit report     {
16 silly audit report       id: 1088849,
16 silly audit report       url: 'https://github.com/advisories/GHSA-x5cw-843f-r366',
16 silly audit report       title: 'x-data-spreadsheet through 1.1.9 vulnerable to Cross-site Scripting',
16 silly audit report       severity: 'moderate',
16 silly audit report       vulnerable_versions: '<=1.1.9',
16 silly audit report       cwe: [Array],
16 silly audit report       cvss: [Object]
16 silly audit report     }
16 silly audit report   ]
16 silly audit report }
17 silly packumentCache corgi:https://registry.npmjs.org/axios cache-miss
18 silly packumentCache corgi:https://registry.npmjs.org/dompurify cache-miss
19 silly packumentCache corgi:https://registry.npmjs.org/esbuild cache-miss
20 silly packumentCache corgi:https://registry.npmjs.org/glob cache-miss
21 silly packumentCache corgi:https://registry.npmjs.org/html2pdf.js cache-miss
22 silly packumentCache corgi:https://registry.npmjs.org/jspdf cache-miss
23 silly packumentCache corgi:https://registry.npmjs.org/lodash cache-miss
24 silly packumentCache corgi:https://registry.npmjs.org/lodash-es cache-miss
25 silly packumentCache corgi:https://registry.npmjs.org/markdown-it cache-miss
26 silly packumentCache corgi:https://registry.npmjs.org/minimatch cache-miss
27 silly packumentCache corgi:https://registry.npmjs.org/minimist cache-miss
28 silly packumentCache corgi:https://registry.npmjs.org/node-fetch cache-miss
29 silly packumentCache corgi:https://registry.npmjs.org/qs cache-miss
30 silly packumentCache corgi:https://registry.npmjs.org/rollup cache-miss
31 silly packumentCache corgi:https://registry.npmjs.org/tmp cache-miss
32 silly packumentCache corgi:https://registry.npmjs.org/vite cache-miss
33 silly packumentCache corgi:https://registry.npmjs.org/x-data-spreadsheet cache-miss
34 http fetch GET 200 https://registry.npmjs.org/axios 99ms (cache miss)
35 silly packumentCache corgi:https://registry.npmjs.org/axios set size:undefined disposed:false
36 http fetch GET 200 https://registry.npmjs.org/dompurify 122ms (cache miss)
37 silly packumentCache corgi:https://registry.npmjs.org/dompurify set size:undefined disposed:false
38 http fetch GET 200 https://registry.npmjs.org/html2pdf.js 300ms (cache miss)
39 silly packumentCache corgi:https://registry.npmjs.org/html2pdf.js set size:undefined disposed:false
40 http fetch GET 200 https://registry.npmjs.org/x-data-spreadsheet 301ms (cache miss)
41 silly packumentCache corgi:https://registry.npmjs.org/x-data-spreadsheet set size:undefined disposed:false
42 http fetch GET 200 https://registry.npmjs.org/tmp 303ms (cache miss)
43 silly packumentCache corgi:https://registry.npmjs.org/tmp set size:undefined disposed:false
44 http fetch GET 200 https://registry.npmjs.org/minimist 310ms (cache miss)
45 silly packumentCache corgi:https://registry.npmjs.org/minimist set size:undefined disposed:false
46 http fetch GET 200 https://registry.npmjs.org/jspdf 317ms (cache miss)
47 silly packumentCache corgi:https://registry.npmjs.org/jspdf set size:undefined disposed:false
48 http fetch GET 200 https://registry.npmjs.org/lodash-es 323ms (cache miss)
49 silly packumentCache corgi:https://registry.npmjs.org/lodash-es set size:undefined disposed:false
50 http fetch GET 200 https://registry.npmjs.org/markdown-it 332ms (cache miss)
51 silly packumentCache corgi:https://registry.npmjs.org/markdown-it set size:undefined disposed:false
52 http fetch GET 200 https://registry.npmjs.org/lodash 336ms (cache miss)
53 silly packumentCache corgi:https://registry.npmjs.org/lodash set size:undefined disposed:false
54 http fetch GET 200 https://registry.npmjs.org/node-fetch 347ms (cache miss)
55 silly packumentCache corgi:https://registry.npmjs.org/node-fetch set size:undefined disposed:false
56 http fetch GET 200 https://registry.npmjs.org/qs 350ms (cache miss)
57 silly packumentCache corgi:https://registry.npmjs.org/qs set size:undefined disposed:false
58 http fetch GET 200 https://registry.npmjs.org/glob 358ms (cache miss)
59 silly packumentCache corgi:https://registry.npmjs.org/glob set size:undefined disposed:false
60 http fetch GET 200 https://registry.npmjs.org/minimatch 363ms (cache miss)
61 silly packumentCache corgi:https://registry.npmjs.org/minimatch set size:undefined disposed:false
62 http fetch GET 200 https://registry.npmjs.org/esbuild 395ms (cache miss)
63 silly packumentCache corgi:https://registry.npmjs.org/esbuild set size:undefined disposed:false
64 http fetch GET 200 https://registry.npmjs.org/vite 401ms (cache miss)
65 silly packumentCache corgi:https://registry.npmjs.org/vite set size:undefined disposed:false
66 http fetch GET 200 https://registry.npmjs.org/rollup 433ms (cache miss)
67 silly packumentCache corgi:https://registry.npmjs.org/rollup set size:undefined disposed:false
68 silly packumentCache corgi:https://registry.npmjs.org/@inertiajs%2fcore cache-miss
69 http fetch GET 200 https://registry.npmjs.org/@inertiajs%2fcore 66ms (cache miss)
70 silly packumentCache corgi:https://registry.npmjs.org/@inertiajs%2fcore set size:undefined disposed:false
71 silly packumentCache corgi:https://registry.npmjs.org/sucrase cache-miss
72 http fetch GET 200 https://registry.npmjs.org/sucrase 54ms (cache miss)
73 silly packumentCache corgi:https://registry.npmjs.org/sucrase set size:undefined disposed:false
74 silly packumentCache corgi:https://registry.npmjs.org/jspdf-autotable cache-miss
75 http fetch GET 200 https://registry.npmjs.org/jspdf-autotable 77ms (cache miss)
76 silly packumentCache corgi:https://registry.npmjs.org/jspdf-autotable set size:undefined disposed:false
77 silly packumentCache corgi:https://registry.npmjs.org/inquirer cache-miss
78 http fetch GET 200 https://registry.npmjs.org/inquirer 78ms (cache miss)
79 silly packumentCache corgi:https://registry.npmjs.org/inquirer set size:undefined disposed:false
80 silly packumentCache corgi:https://registry.npmjs.org/@inertiajs%2fvue3 cache-miss
81 http fetch GET 200 https://registry.npmjs.org/@inertiajs%2fvue3 271ms (cache miss)
82 silly packumentCache corgi:https://registry.npmjs.org/@inertiajs%2fvue3 set size:undefined disposed:false
83 silly packumentCache corgi:https://registry.npmjs.org/prosemirror-markdown cache-miss
84 http fetch GET 200 https://registry.npmjs.org/prosemirror-markdown 72ms (cache miss)
85 silly packumentCache corgi:https://registry.npmjs.org/prosemirror-markdown set size:undefined disposed:false
86 silly packumentCache corgi:https://registry.npmjs.org/opencollective cache-miss
87 http fetch GET 200 https://registry.npmjs.org/opencollective 495ms (cache miss)
88 silly packumentCache corgi:https://registry.npmjs.org/opencollective set size:undefined disposed:false
89 silly packumentCache corgi:https://registry.npmjs.org/external-editor cache-miss
90 http fetch GET 200 https://registry.npmjs.org/external-editor 50ms (cache miss)
91 silly packumentCache corgi:https://registry.npmjs.org/external-editor set size:undefined disposed:false
92 silly packumentCache corgi:https://registry.npmjs.org/@vitejs%2fplugin-react cache-miss
93 silly packumentCache corgi:https://registry.npmjs.org/laravel-vite-plugin cache-miss
94 http fetch GET 200 https://registry.npmjs.org/laravel-vite-plugin 55ms (cache miss)
95 silly packumentCache corgi:https://registry.npmjs.org/laravel-vite-plugin set size:undefined disposed:false
96 http fetch GET 200 https://registry.npmjs.org/@vitejs%2fplugin-react 77ms (cache miss)
97 silly packumentCache corgi:https://registry.npmjs.org/@vitejs%2fplugin-react set size:undefined disposed:false
98 verbose cwd C:\xampp\htdocs\repo\kyro-3
99 verbose os Windows_NT 10.0.26200
100 verbose node v25.7.0
101 verbose npm  v11.10.1
102 notice
102 notice New minor version of npm available! 11.10.1 -> 11.11.0
102 notice Changelog: https://github.com/npm/cli/releases/tag/v11.11.0
102 notice To update run: npm install -g npm@11.11.0
102 notice  { force: true, Symbol(proc-log.meta): true }
103 verbose exit 1
104 verbose code 1
