0 verbose cli C:\Program Files\nodejs\node.exe C:\Program Files\nodejs\node_modules\npm\bin\npm-cli.js
1 info using npm@11.10.1
2 info using node@v25.7.0
3 silly config load:file:C:\Program Files\nodejs\node_modules\npm\npmrc
4 silly config load:file:C:\xampp\htdocs\repo\kyro-3\.npmrc
5 silly config load:file:C:\Users\Dansa\.npmrc
6 silly config load:file:C:\Users\Dansa\AppData\Roaming\npm\etc\npmrc
7 verbose title npm install @inertiajs/react@^2.1.3 axios@^1.13.5 vite@^6.4.1 html2pdf.js@^0.14.0 jspdf@^4.2.0 jspdf-autotable@latest glob@^10.5.0
8 verbose argv "install" "@inertiajs/react@^2.1.3" "axios@^1.13.5" "vite@^6.4.1" "html2pdf.js@^0.14.0" "jspdf@^4.2.0" "jspdf-autotable@latest" "glob@^10.5.0" "--save"
9 verbose logfile logs-max:10 dir:C:\xampp\htdocs\repo\kyro-3\.npm-cache\_logs\2026-03-10T04_47_19_544Z-
10 verbose logfile C:\xampp\htdocs\repo\kyro-3\.npm-cache\_logs\2026-03-10T04_47_19_544Z-debug-0.log
11 silly logfile done cleaning log files
12 silly packumentCache heap:2348810240 maxSize:587202560 maxEntrySize:293601280
13 silly packumentCache corgi:https://registry.npmjs.org/jspdf-autotable cache-miss
14 http cache https://registry.npmjs.org/jspdf-autotable 478ms (cache hit)
15 silly packumentCache corgi:https://registry.npmjs.org/jspdf-autotable set size:193650 disposed:false
16 silly idealTree buildDeps
17 silly fetch manifest html2pdf.js@^0.14.0
18 silly packumentCache full:https://registry.npmjs.org/html2pdf.js cache-miss
19 http fetch GET 200 https://registry.npmjs.org/html2pdf.js 394ms (cache miss)
20 silly packumentCache full:https://registry.npmjs.org/html2pdf.js set size:undefined disposed:false
21 silly fetch manifest jspdf@^4.2.0
22 silly packumentCache full:https://registry.npmjs.org/jspdf cache-miss
23 http fetch GET 200 https://registry.npmjs.org/jspdf 112ms (cache miss)
24 silly packumentCache full:https://registry.npmjs.org/jspdf set size:undefined disposed:false
25 silly fetch manifest jspdf-autotable@5.0.7
26 silly packumentCache full:https://registry.npmjs.org/jspdf-autotable cache-miss
27 http fetch GET 200 https://registry.npmjs.org/jspdf-autotable 114ms (cache miss)
28 silly packumentCache full:https://registry.npmjs.org/jspdf-autotable set size:undefined disposed:false
29 silly fetch manifest glob@^10.5.0
30 silly packumentCache full:https://registry.npmjs.org/glob cache-miss
31 http fetch GET 200 https://registry.npmjs.org/glob 106ms (cache miss)
32 silly packumentCache full:https://registry.npmjs.org/glob set size:undefined disposed:false
33 silly fetch manifest @inertiajs/react@^2.1.3
34 silly packumentCache full:https://registry.npmjs.org/@inertiajs%2freact cache-miss
35 http fetch GET 200 https://registry.npmjs.org/@inertiajs%2freact 1121ms (cache miss)
36 silly packumentCache full:https://registry.npmjs.org/@inertiajs%2freact set size:undefined disposed:false
37 silly fetch manifest react@^18.2.0
38 silly packumentCache full:https://registry.npmjs.org/react cache-miss
39 http fetch GET 200 https://registry.npmjs.org/react 314ms (cache miss)
40 silly packumentCache full:https://registry.npmjs.org/react set size:undefined disposed:false
41 silly fetch manifest react-dom@^18.2.0
42 silly packumentCache full:https://registry.npmjs.org/react-dom cache-miss
43 http fetch GET 200 https://registry.npmjs.org/react-dom 373ms (cache miss)
44 silly packumentCache full:https://registry.npmjs.org/react-dom set size:undefined disposed:false
45 silly fetch manifest axios@^1.13.5
46 silly packumentCache full:https://registry.npmjs.org/axios cache-miss
47 http fetch GET 200 https://registry.npmjs.org/axios 124ms (cache miss)
48 silly packumentCache full:https://registry.npmjs.org/axios set size:undefined disposed:false
49 silly fetch manifest vite@^6.4.1
50 silly packumentCache full:https://registry.npmjs.org/vite cache-miss
51 http fetch GET 200 https://registry.npmjs.org/vite 1235ms (cache miss)
52 silly packumentCache full:https://registry.npmjs.org/vite set size:undefined disposed:false
53 silly fetch manifest @types/node@^18.13.0
54 silly packumentCache full:https://registry.npmjs.org/@types%2fnode cache-miss
55 http fetch GET 200 https://registry.npmjs.org/@types%2fnode 1124ms (cache miss)
56 silly packumentCache full:https://registry.npmjs.org/@types%2fnode set size:undefined disposed:false
57 silly fetch manifest jiti@>=1.21.0
58 silly packumentCache full:https://registry.npmjs.org/jiti cache-miss
59 http fetch GET 200 https://registry.npmjs.org/jiti 100ms (cache miss)
60 silly packumentCache full:https://registry.npmjs.org/jiti set size:undefined disposed:false
61 silly fetch manifest less@^4.4.2
62 silly packumentCache full:https://registry.npmjs.org/less cache-miss
63 http fetch GET 200 https://registry.npmjs.org/less 83ms (cache miss)
64 silly packumentCache full:https://registry.npmjs.org/less set size:undefined disposed:false
65 silly fetch manifest lightningcss@^1.21.0
66 silly packumentCache full:https://registry.npmjs.org/lightningcss cache-miss
67 http fetch GET 200 https://registry.npmjs.org/lightningcss 120ms (cache miss)
68 silly packumentCache full:https://registry.npmjs.org/lightningcss set size:undefined disposed:false
69 silly fetch manifest sass@*
70 silly packumentCache full:https://registry.npmjs.org/sass cache-miss
71 http fetch GET 200 https://registry.npmjs.org/sass 430ms (cache miss)
72 silly packumentCache full:https://registry.npmjs.org/sass set size:undefined disposed:false
73 silly fetch manifest sass-embedded@*
74 silly packumentCache full:https://registry.npmjs.org/sass-embedded cache-miss
75 http fetch GET 200 https://registry.npmjs.org/sass-embedded 60ms (cache miss)
76 silly packumentCache full:https://registry.npmjs.org/sass-embedded set size:undefined disposed:false
77 silly fetch manifest stylus@*
78 silly packumentCache full:https://registry.npmjs.org/stylus cache-miss
79 http fetch GET 200 https://registry.npmjs.org/stylus 157ms (cache miss)
80 silly packumentCache full:https://registry.npmjs.org/stylus set size:undefined disposed:false
81 silly fetch manifest sugarss@*
82 silly packumentCache full:https://registry.npmjs.org/sugarss cache-miss
83 http fetch GET 200 https://registry.npmjs.org/sugarss 49ms (cache miss)
84 silly packumentCache full:https://registry.npmjs.org/sugarss set size:undefined disposed:false
85 silly fetch manifest postcss@^8.4.31
86 silly packumentCache full:https://registry.npmjs.org/postcss cache-miss
87 http fetch GET 200 https://registry.npmjs.org/postcss 85ms (cache miss)
88 silly packumentCache full:https://registry.npmjs.org/postcss set size:undefined disposed:false
89 silly fetch manifest terser@^5.16.0
90 silly packumentCache full:https://registry.npmjs.org/terser cache-miss
91 http fetch GET 200 https://registry.npmjs.org/terser 76ms (cache miss)
92 silly packumentCache full:https://registry.npmjs.org/terser set size:undefined disposed:false
93 silly fetch manifest tsx@^4.8.1
94 silly packumentCache full:https://registry.npmjs.org/tsx cache-miss
95 http fetch GET 200 https://registry.npmjs.org/tsx 61ms (cache miss)
96 silly packumentCache full:https://registry.npmjs.org/tsx set size:undefined disposed:false
97 silly fetch manifest yaml@^2.4.2
98 silly packumentCache full:https://registry.npmjs.org/yaml cache-miss
99 http fetch GET 200 https://registry.npmjs.org/yaml 55ms (cache miss)
100 silly packumentCache full:https://registry.npmjs.org/yaml set size:undefined disposed:false
101 silly placeDep ROOT @inertiajs/react@2.3.17 REPLACE for:  want: ^2.1.3
102 silly placeDep ROOT axios@1.13.6 OK for:  want: ^1.13.5
103 silly placeDep ROOT glob@10.5.0 REPLACE for:  want: ^10.5.0
104 silly placeDep ROOT html2pdf.js@0.14.0 REPLACE for:  want: ^0.14.0
105 silly placeDep ROOT jspdf@4.2.0 REPLACE for:  want: ^4.2.0
106 silly placeDep ROOT jspdf-autotable@5.0.7 REPLACE for:  want: 5.0.7
107 silly placeDep ROOT vite@6.4.1 REPLACE for:  want: ^6.4.1
108 silly fetch manifest lodash-es@^4.17.23
109 silly packumentCache full:https://registry.npmjs.org/lodash-es cache-miss
110 silly fetch manifest @inertiajs/core@2.3.17
111 silly packumentCache full:https://registry.npmjs.org/@inertiajs%2fcore cache-miss
112 silly fetch manifest @types/lodash-es@^4.17.12
113 silly packumentCache full:https://registry.npmjs.org/@types%2flodash-es cache-miss
114 silly fetch manifest laravel-precognition@^1.0.2
115 silly packumentCache full:https://registry.npmjs.org/laravel-precognition cache-miss
116 silly fetch manifest follow-redirects@^1.15.11
117 silly packumentCache full:https://registry.npmjs.org/follow-redirects cache-miss
118 silly fetch manifest form-data@^4.0.5
119 silly packumentCache full:https://registry.npmjs.org/form-data cache-miss
120 silly fetch manifest proxy-from-env@^1.1.0
121 silly packumentCache full:https://registry.npmjs.org/proxy-from-env cache-miss
122 silly fetch manifest dompurify@^3.3.1
123 silly packumentCache full:https://registry.npmjs.org/dompurify cache-miss
124 silly fetch manifest jspdf@^4.0.0
125 silly packumentCache full:https://registry.npmjs.org/jspdf cache-miss
126 silly fetch manifest @babel/runtime@^7.28.6
127 silly packumentCache full:https://registry.npmjs.org/@babel%2fruntime cache-miss
128 silly fetch manifest dompurify@^3.3.1
129 silly packumentCache full:https://registry.npmjs.org/dompurify cache-miss
130 http cache https://registry.npmjs.org/jspdf 33ms (cache hit)
131 silly packumentCache full:https://registry.npmjs.org/jspdf set size:139954 disposed:false
132 silly fetch manifest fdir@^6.4.4
133 silly packumentCache full:https://registry.npmjs.org/fdir cache-miss
134 http fetch GET 200 https://registry.npmjs.org/@types%2flodash-es 62ms (cache miss)
135 silly packumentCache full:https://registry.npmjs.org/@types%2flodash-es set size:undefined disposed:false
136 silly fetch manifest esbuild@^0.25.0
137 silly packumentCache full:https://registry.npmjs.org/esbuild cache-miss
138 http fetch GET 200 https://registry.npmjs.org/esbuild 108ms (cache miss)
139 silly packumentCache full:https://registry.npmjs.org/esbuild set size:undefined disposed:false
140 silly fetch manifest picomatch@^4.0.2
141 silly packumentCache full:https://registry.npmjs.org/picomatch cache-miss
142 http fetch GET 200 https://registry.npmjs.org/form-data 200ms (cache miss)
143 silly packumentCache full:https://registry.npmjs.org/form-data set size:undefined disposed:false
144 silly fetch manifest tinyglobby@^0.2.13
145 silly packumentCache full:https://registry.npmjs.org/tinyglobby cache-miss
146 http fetch GET 200 https://registry.npmjs.org/fdir 171ms (cache miss)
147 silly packumentCache full:https://registry.npmjs.org/fdir set size:undefined disposed:false
148 http fetch GET 200 https://registry.npmjs.org/follow-redirects 209ms (cache miss)
149 silly packumentCache full:https://registry.npmjs.org/follow-redirects set size:undefined disposed:false
150 http fetch GET 200 https://registry.npmjs.org/lodash-es 217ms (cache miss)
151 silly packumentCache full:https://registry.npmjs.org/lodash-es set size:undefined disposed:false
152 http fetch GET 200 https://registry.npmjs.org/proxy-from-env 219ms (cache miss)
153 silly packumentCache full:https://registry.npmjs.org/proxy-from-env set size:undefined disposed:false
154 http fetch GET 200 https://registry.npmjs.org/dompurify 221ms (cache miss)
155 silly packumentCache full:https://registry.npmjs.org/dompurify set size:undefined disposed:false
156 http fetch GET 200 https://registry.npmjs.org/dompurify 239ms (cache miss)
157 silly packumentCache full:https://registry.npmjs.org/dompurify set size:undefined disposed:false
158 http fetch GET 200 https://registry.npmjs.org/picomatch 74ms (cache miss)
159 silly packumentCache full:https://registry.npmjs.org/picomatch set size:undefined disposed:false
160 http fetch GET 200 https://registry.npmjs.org/tinyglobby 50ms (cache miss)
161 silly packumentCache full:https://registry.npmjs.org/tinyglobby set size:undefined disposed:false
162 http fetch GET 200 https://registry.npmjs.org/@babel%2fruntime 296ms (cache miss)
163 silly packumentCache full:https://registry.npmjs.org/@babel%2fruntime set size:undefined disposed:false
164 http fetch GET 200 https://registry.npmjs.org/laravel-precognition 332ms (cache miss)
165 silly packumentCache full:https://registry.npmjs.org/laravel-precognition set size:undefined disposed:false
166 http fetch GET 200 https://registry.npmjs.org/@inertiajs%2fcore 938ms (cache miss)
167 silly packumentCache full:https://registry.npmjs.org/@inertiajs%2fcore set size:undefined disposed:false
168 silly placeDep ROOT @inertiajs/core@2.3.17 OK for: @inertiajs/react@2.3.17 want: 2.3.17
169 silly placeDep ROOT @types/lodash-es@4.17.12 OK for: @inertiajs/react@2.3.17 want: ^4.17.12
170 silly placeDep ROOT laravel-precognition@1.0.2 OK for: @inertiajs/react@2.3.17 want: ^1.0.2
171 silly placeDep ROOT lodash-es@4.17.23 OK for: @inertiajs/react@2.3.17 want: ^4.17.23
172 silly fetch manifest qs@^6.15.0
173 silly packumentCache full:https://registry.npmjs.org/qs cache-miss
174 silly fetch manifest @types/lodash@*
175 silly packumentCache full:https://registry.npmjs.org/@types%2flodash cache-miss
176 silly fetch manifest lodash-es@^4.17.21
177 silly packumentCache full:https://registry.npmjs.org/lodash-es cache-miss
178 http cache https://registry.npmjs.org/lodash-es 10ms (cache hit)
179 silly packumentCache full:https://registry.npmjs.org/lodash-es set size:138795 disposed:false
180 http fetch GET 200 https://registry.npmjs.org/qs 110ms (cache miss)
181 silly packumentCache full:https://registry.npmjs.org/qs set size:undefined disposed:false
182 http fetch GET 200 https://registry.npmjs.org/@types%2flodash 115ms (cache miss)
183 silly packumentCache full:https://registry.npmjs.org/@types%2flodash set size:undefined disposed:false
184 silly placeDep ROOT qs@6.15.0 OK for: @inertiajs/core@2.3.17 want: ^6.15.0
185 silly fetch manifest side-channel@^1.1.0
186 silly packumentCache full:https://registry.npmjs.org/side-channel cache-miss
187 http fetch GET 200 https://registry.npmjs.org/side-channel 50ms (cache miss)
188 silly packumentCache full:https://registry.npmjs.org/side-channel set size:undefined disposed:false
189 silly placeDep ROOT @types/lodash@4.17.24 OK for: @types/lodash-es@4.17.12 want: *
190 silly placeDep ROOT follow-redirects@1.15.11 OK for: axios@1.13.6 want: ^1.15.11
191 silly placeDep ROOT form-data@4.0.5 OK for: axios@1.13.6 want: ^4.0.5
192 silly placeDep ROOT proxy-from-env@1.1.0 OK for: axios@1.13.6 want: ^1.1.0
193 silly fetch manifest asynckit@^0.4.0
194 silly packumentCache full:https://registry.npmjs.org/asynckit cache-miss
195 silly fetch manifest combined-stream@^1.0.8
196 silly packumentCache full:https://registry.npmjs.org/combined-stream cache-miss
197 silly fetch manifest es-set-tostringtag@^2.1.0
198 silly packumentCache full:https://registry.npmjs.org/es-set-tostringtag cache-miss
199 silly fetch manifest mime-types@^2.1.12
200 silly packumentCache full:https://registry.npmjs.org/mime-types cache-miss
201 http fetch GET 200 https://registry.npmjs.org/combined-stream 47ms (cache miss)
202 silly packumentCache full:https://registry.npmjs.org/combined-stream set size:undefined disposed:false
203 http fetch GET 200 https://registry.npmjs.org/mime-types 54ms (cache miss)
204 silly packumentCache full:https://registry.npmjs.org/mime-types set size:undefined disposed:false
205 http fetch GET 200 https://registry.npmjs.org/asynckit 58ms (cache miss)
206 silly packumentCache full:https://registry.npmjs.org/asynckit set size:undefined disposed:false
207 http fetch GET 200 https://registry.npmjs.org/es-set-tostringtag 68ms (cache miss)
208 silly packumentCache full:https://registry.npmjs.org/es-set-tostringtag set size:undefined disposed:false
209 silly placeDep ROOT asynckit@0.4.0 OK for: form-data@4.0.5 want: ^0.4.0
210 silly placeDep ROOT combined-stream@1.0.8 OK for: form-data@4.0.5 want: ^1.0.8
211 silly placeDep ROOT es-set-tostringtag@2.1.0 OK for: form-data@4.0.5 want: ^2.1.0
212 silly placeDep ROOT mime-types@2.1.35 OK for: form-data@4.0.5 want: ^2.1.12
213 silly fetch manifest delayed-stream@~1.0.0
214 silly packumentCache full:https://registry.npmjs.org/delayed-stream cache-miss
215 silly fetch manifest es-errors@^1.3.0
216 silly packumentCache full:https://registry.npmjs.org/es-errors cache-miss
217 silly fetch manifest get-intrinsic@^1.2.6
218 silly packumentCache full:https://registry.npmjs.org/get-intrinsic cache-miss
219 silly fetch manifest has-tostringtag@^1.0.2
220 silly packumentCache full:https://registry.npmjs.org/has-tostringtag cache-miss
221 silly fetch manifest mime-db@1.52.0
222 silly packumentCache full:https://registry.npmjs.org/mime-db cache-miss
223 http fetch GET 200 https://registry.npmjs.org/get-intrinsic 54ms (cache miss)
224 silly packumentCache full:https://registry.npmjs.org/get-intrinsic set size:undefined disposed:false
225 http fetch GET 200 https://registry.npmjs.org/has-tostringtag 59ms (cache miss)
226 silly packumentCache full:https://registry.npmjs.org/has-tostringtag set size:undefined disposed:false
227 http fetch GET 200 https://registry.npmjs.org/es-errors 65ms (cache miss)
228 silly packumentCache full:https://registry.npmjs.org/es-errors set size:undefined disposed:false
229 http fetch GET 200 https://registry.npmjs.org/mime-db 74ms (cache miss)
230 silly packumentCache full:https://registry.npmjs.org/mime-db set size:undefined disposed:false
231 http fetch GET 200 https://registry.npmjs.org/delayed-stream 200ms (cache miss)
232 silly packumentCache full:https://registry.npmjs.org/delayed-stream set size:undefined disposed:false
233 silly placeDep ROOT delayed-stream@1.0.0 OK for: combined-stream@1.0.8 want: ~1.0.0
234 silly placeDep ROOT es-errors@1.3.0 OK for: es-set-tostringtag@2.1.0 want: ^1.3.0
235 silly placeDep ROOT get-intrinsic@1.3.0 OK for: es-set-tostringtag@2.1.0 want: ^1.2.6
236 silly placeDep ROOT has-tostringtag@1.0.2 OK for: es-set-tostringtag@2.1.0 want: ^1.0.2
237 silly fetch manifest gopd@^1.2.0
238 silly packumentCache full:https://registry.npmjs.org/gopd cache-miss
239 silly fetch manifest get-proto@^1.0.1
240 silly packumentCache full:https://registry.npmjs.org/get-proto cache-miss
241 silly fetch manifest has-symbols@^1.1.0
242 silly packumentCache full:https://registry.npmjs.org/has-symbols cache-miss
243 silly fetch manifest es-object-atoms@^1.1.1
244 silly packumentCache full:https://registry.npmjs.org/es-object-atoms cache-miss
245 silly fetch manifest math-intrinsics@^1.1.0
246 silly packumentCache full:https://registry.npmjs.org/math-intrinsics cache-miss
247 silly fetch manifest es-define-property@^1.0.1
248 silly packumentCache full:https://registry.npmjs.org/es-define-property cache-miss
249 silly fetch manifest call-bind-apply-helpers@^1.0.2
250 silly packumentCache full:https://registry.npmjs.org/call-bind-apply-helpers cache-miss
251 silly fetch manifest has-symbols@^1.0.3
252 silly packumentCache full:https://registry.npmjs.org/has-symbols cache-miss
253 http fetch GET 200 https://registry.npmjs.org/has-symbols 50ms (cache miss)
254 silly packumentCache full:https://registry.npmjs.org/has-symbols set size:undefined disposed:false
255 http fetch GET 200 https://registry.npmjs.org/has-symbols 51ms (cache miss)
256 silly packumentCache full:https://registry.npmjs.org/has-symbols set size:undefined disposed:false
257 http fetch GET 200 https://registry.npmjs.org/es-object-atoms 54ms (cache miss)
258 silly packumentCache full:https://registry.npmjs.org/es-object-atoms set size:undefined disposed:false
259 http fetch GET 200 https://registry.npmjs.org/get-proto 55ms (cache miss)
260 silly packumentCache full:https://registry.npmjs.org/get-proto set size:undefined disposed:false
261 http fetch GET 200 https://registry.npmjs.org/es-define-property 55ms (cache miss)
262 silly packumentCache full:https://registry.npmjs.org/es-define-property set size:undefined disposed:false
263 http fetch GET 200 https://registry.npmjs.org/call-bind-apply-helpers 56ms (cache miss)
264 silly packumentCache full:https://registry.npmjs.org/call-bind-apply-helpers set size:undefined disposed:false
265 http fetch GET 200 https://registry.npmjs.org/math-intrinsics 59ms (cache miss)
266 silly packumentCache full:https://registry.npmjs.org/math-intrinsics set size:undefined disposed:false
267 http fetch GET 200 https://registry.npmjs.org/gopd 61ms (cache miss)
268 silly packumentCache full:https://registry.npmjs.org/gopd set size:undefined disposed:false
269 silly placeDep ROOT call-bind-apply-helpers@1.0.2 OK for: get-intrinsic@1.3.0 want: ^1.0.2
270 silly placeDep ROOT es-define-property@1.0.1 OK for: get-intrinsic@1.3.0 want: ^1.0.1
271 silly placeDep ROOT es-object-atoms@1.1.1 OK for: get-intrinsic@1.3.0 want: ^1.1.1
272 silly placeDep ROOT get-proto@1.0.1 OK for: get-intrinsic@1.3.0 want: ^1.0.1
273 silly placeDep ROOT gopd@1.2.0 OK for: get-intrinsic@1.3.0 want: ^1.2.0
274 silly placeDep ROOT has-symbols@1.1.0 OK for: get-intrinsic@1.3.0 want: ^1.1.0
275 silly placeDep ROOT math-intrinsics@1.1.0 OK for: get-intrinsic@1.3.0 want: ^1.1.0
276 silly fetch manifest dunder-proto@^1.0.1
277 silly packumentCache full:https://registry.npmjs.org/dunder-proto cache-miss
278 http fetch GET 200 https://registry.npmjs.org/dunder-proto 60ms (cache miss)
279 silly packumentCache full:https://registry.npmjs.org/dunder-proto set size:undefined disposed:false
280 silly placeDep ROOT dunder-proto@1.0.1 OK for: get-proto@1.0.1 want: ^1.0.1
281 silly placeDep ROOT dompurify@3.3.2 OK for: html2pdf.js@0.14.0 want: ^3.3.1
282 silly fetch manifest @types/trusted-types@^2.0.7
283 silly packumentCache full:https://registry.npmjs.org/@types%2ftrusted-types cache-miss
284 http fetch GET 200 https://registry.npmjs.org/@types%2ftrusted-types 65ms (cache miss)
285 silly packumentCache full:https://registry.npmjs.org/@types%2ftrusted-types set size:undefined disposed:false
286 silly placeDep ROOT @types/trusted-types@2.0.7 OK for: dompurify@3.3.2 want: ^2.0.7
287 silly placeDep ROOT @babel/runtime@7.28.6 REPLACE for: jspdf@4.2.0 want: ^7.28.6
288 silly placeDep ROOT mime-db@1.52.0 OK for: mime-types@2.1.35 want: 1.52.0
289 silly placeDep ROOT side-channel@1.1.0 OK for: qs@6.15.0 want: ^1.1.0
290 silly fetch manifest object-inspect@^1.13.3
291 silly packumentCache full:https://registry.npmjs.org/object-inspect cache-miss
292 silly fetch manifest side-channel-list@^1.0.0
293 silly packumentCache full:https://registry.npmjs.org/side-channel-list cache-miss
294 silly fetch manifest side-channel-map@^1.0.1
295 silly packumentCache full:https://registry.npmjs.org/side-channel-map cache-miss
296 silly fetch manifest side-channel-weakmap@^1.0.2
297 silly packumentCache full:https://registry.npmjs.org/side-channel-weakmap cache-miss
298 http fetch GET 200 https://registry.npmjs.org/side-channel-map 45ms (cache miss)
299 silly packumentCache full:https://registry.npmjs.org/side-channel-map set size:undefined disposed:false
300 http fetch GET 200 https://registry.npmjs.org/object-inspect 49ms (cache miss)
301 silly packumentCache full:https://registry.npmjs.org/object-inspect set size:undefined disposed:false
302 http fetch GET 200 https://registry.npmjs.org/side-channel-weakmap 52ms (cache miss)
303 silly packumentCache full:https://registry.npmjs.org/side-channel-weakmap set size:undefined disposed:false
304 http fetch GET 200 https://registry.npmjs.org/side-channel-list 53ms (cache miss)
305 silly packumentCache full:https://registry.npmjs.org/side-channel-list set size:undefined disposed:false
306 silly placeDep ROOT object-inspect@1.13.4 OK for: side-channel@1.1.0 want: ^1.13.3
307 silly placeDep ROOT side-channel-list@1.0.0 OK for: side-channel@1.1.0 want: ^1.0.0
308 silly placeDep ROOT side-channel-map@1.0.1 OK for: side-channel@1.1.0 want: ^1.0.1
309 silly placeDep ROOT side-channel-weakmap@1.0.2 OK for: side-channel@1.1.0 want: ^1.0.2
310 silly fetch manifest call-bound@^1.0.2
311 silly packumentCache full:https://registry.npmjs.org/call-bound cache-miss
312 silly fetch manifest call-bound@^1.0.2
313 silly packumentCache full:https://registry.npmjs.org/call-bound cache-miss
314 http fetch GET 200 https://registry.npmjs.org/call-bound 57ms (cache miss)
315 silly packumentCache full:https://registry.npmjs.org/call-bound set size:undefined disposed:false
316 http fetch GET 200 https://registry.npmjs.org/call-bound 58ms (cache miss)
317 silly packumentCache full:https://registry.npmjs.org/call-bound set size:undefined disposed:false
318 silly placeDep ROOT call-bound@1.0.4 OK for: side-channel-map@1.0.1 want: ^1.0.2
319 silly placeDep ROOT esbuild@0.25.12 OK for: vite@6.4.1 want: ^0.25.0
320 silly placeDep node_modules/vite fdir@6.5.0 OK for: vite@6.4.1 want: ^6.4.4
321 silly placeDep node_modules/vite picomatch@4.0.3 OK for: fdir@6.5.0 want: ^3 || ^4
322 silly placeDep ROOT tinyglobby@0.2.15 OK for: vite@6.4.1 want: ^0.2.13
323 silly fetch manifest @esbuild/aix-ppc64@0.25.12
324 silly packumentCache full:https://registry.npmjs.org/@esbuild%2faix-ppc64 cache-miss
325 silly fetch manifest @esbuild/linux-arm@0.25.12
326 silly packumentCache full:https://registry.npmjs.org/@esbuild%2flinux-arm cache-miss
327 silly fetch manifest @esbuild/linux-x64@0.25.12
328 silly packumentCache full:https://registry.npmjs.org/@esbuild%2flinux-x64 cache-miss
329 silly fetch manifest @esbuild/sunos-x64@0.25.12
330 silly packumentCache full:https://registry.npmjs.org/@esbuild%2fsunos-x64 cache-miss
331 silly fetch manifest @esbuild/win32-x64@0.25.12
332 silly packumentCache full:https://registry.npmjs.org/@esbuild%2fwin32-x64 cache-miss
333 silly fetch manifest @esbuild/darwin-x64@0.25.12
334 silly packumentCache full:https://registry.npmjs.org/@esbuild%2fdarwin-x64 cache-miss
335 silly fetch manifest @esbuild/linux-ia32@0.25.12
336 silly packumentCache full:https://registry.npmjs.org/@esbuild%2flinux-ia32 cache-miss
337 silly fetch manifest @esbuild/netbsd-x64@0.25.12
338 silly packumentCache full:https://registry.npmjs.org/@esbuild%2fnetbsd-x64 cache-miss
339 silly fetch manifest @esbuild/win32-ia32@0.25.12
340 silly packumentCache full:https://registry.npmjs.org/@esbuild%2fwin32-ia32 cache-miss
341 silly fetch manifest @esbuild/android-arm@0.25.12
342 silly packumentCache full:https://registry.npmjs.org/@esbuild%2fandroid-arm cache-miss
343 silly fetch manifest @esbuild/android-x64@0.25.12
344 silly packumentCache full:https://registry.npmjs.org/@esbuild%2fandroid-x64 cache-miss
345 http fetch GET 200 https://registry.npmjs.org/@esbuild%2fdarwin-x64 205ms (cache miss)
346 silly packumentCache full:https://registry.npmjs.org/@esbuild%2fdarwin-x64 set size:undefined disposed:false
347 silly fetch manifest @esbuild/freebsd-x64@0.25.12
348 silly packumentCache full:https://registry.npmjs.org/@esbuild%2ffreebsd-x64 cache-miss
349 http fetch GET 200 https://registry.npmjs.org/@esbuild%2faix-ppc64 208ms (cache miss)
350 silly packumentCache full:https://registry.npmjs.org/@esbuild%2faix-ppc64 set size:undefined disposed:false
351 silly fetch manifest @esbuild/linux-arm64@0.25.12
352 silly packumentCache full:https://registry.npmjs.org/@esbuild%2flinux-arm64 cache-miss
353 http fetch GET 200 https://registry.npmjs.org/@esbuild%2fnetbsd-x64 210ms (cache miss)
354 silly packumentCache full:https://registry.npmjs.org/@esbuild%2fnetbsd-x64 set size:undefined disposed:false
355 silly fetch manifest @esbuild/linux-ppc64@0.25.12
356 silly packumentCache full:https://registry.npmjs.org/@esbuild%2flinux-ppc64 cache-miss
357 http fetch GET 200 https://registry.npmjs.org/@esbuild%2fsunos-x64 212ms (cache miss)
358 silly packumentCache full:https://registry.npmjs.org/@esbuild%2fsunos-x64 set size:undefined disposed:false
359 silly fetch manifest @esbuild/linux-s390x@0.25.12
360 silly packumentCache full:https://registry.npmjs.org/@esbuild%2flinux-s390x cache-miss
361 http fetch GET 200 https://registry.npmjs.org/@esbuild%2fandroid-x64 213ms (cache miss)
362 silly packumentCache full:https://registry.npmjs.org/@esbuild%2fandroid-x64 set size:undefined disposed:false
363 silly fetch manifest @esbuild/openbsd-x64@0.25.12
364 silly packumentCache full:https://registry.npmjs.org/@esbuild%2fopenbsd-x64 cache-miss
365 http fetch GET 200 https://registry.npmjs.org/@esbuild%2flinux-x64 217ms (cache miss)
366 silly packumentCache full:https://registry.npmjs.org/@esbuild%2flinux-x64 set size:undefined disposed:false
367 silly fetch manifest @esbuild/win32-arm64@0.25.12
368 silly packumentCache full:https://registry.npmjs.org/@esbuild%2fwin32-arm64 cache-miss
369 http fetch GET 200 https://registry.npmjs.org/@esbuild%2fwin32-x64 218ms (cache miss)
370 silly packumentCache full:https://registry.npmjs.org/@esbuild%2fwin32-x64 set size:undefined disposed:false
371 silly fetch manifest @esbuild/darwin-arm64@0.25.12
372 silly packumentCache full:https://registry.npmjs.org/@esbuild%2fdarwin-arm64 cache-miss
373 http fetch GET 200 https://registry.npmjs.org/@esbuild%2flinux-ia32 221ms (cache miss)
374 silly packumentCache full:https://registry.npmjs.org/@esbuild%2flinux-ia32 set size:undefined disposed:false
375 silly fetch manifest @esbuild/netbsd-arm64@0.25.12
376 silly packumentCache full:https://registry.npmjs.org/@esbuild%2fnetbsd-arm64 cache-miss
377 http fetch GET 200 https://registry.npmjs.org/@esbuild%2fwin32-ia32 222ms (cache miss)
378 silly packumentCache full:https://registry.npmjs.org/@esbuild%2fwin32-ia32 set size:undefined disposed:false
379 silly fetch manifest @esbuild/android-arm64@0.25.12
380 silly packumentCache full:https://registry.npmjs.org/@esbuild%2fandroid-arm64 cache-miss
381 http fetch GET 200 https://registry.npmjs.org/@esbuild%2fandroid-arm 224ms (cache miss)
382 silly packumentCache full:https://registry.npmjs.org/@esbuild%2fandroid-arm set size:undefined disposed:false
383 silly fetch manifest @esbuild/freebsd-arm64@0.25.12
384 silly packumentCache full:https://registry.npmjs.org/@esbuild%2ffreebsd-arm64 cache-miss
385 http fetch GET 200 https://registry.npmjs.org/@esbuild%2flinux-arm 230ms (cache miss)
386 silly packumentCache full:https://registry.npmjs.org/@esbuild%2flinux-arm set size:undefined disposed:false
387 silly fetch manifest @esbuild/linux-loong64@0.25.12
388 silly packumentCache full:https://registry.npmjs.org/@esbuild%2flinux-loong64 cache-miss
389 http fetch GET 200 https://registry.npmjs.org/@esbuild%2flinux-s390x 68ms (cache miss)
390 silly packumentCache full:https://registry.npmjs.org/@esbuild%2flinux-s390x set size:undefined disposed:false
391 silly fetch manifest @esbuild/linux-riscv64@0.25.12
392 silly packumentCache full:https://registry.npmjs.org/@esbuild%2flinux-riscv64 cache-miss
393 http fetch GET 200 https://registry.npmjs.org/@esbuild%2flinux-arm64 81ms (cache miss)
394 silly packumentCache full:https://registry.npmjs.org/@esbuild%2flinux-arm64 set size:undefined disposed:false
395 silly fetch manifest @esbuild/openbsd-arm64@0.25.12
396 silly packumentCache full:https://registry.npmjs.org/@esbuild%2fopenbsd-arm64 cache-miss
397 http fetch GET 200 https://registry.npmjs.org/@esbuild%2fopenbsd-x64 79ms (cache miss)
398 silly packumentCache full:https://registry.npmjs.org/@esbuild%2fopenbsd-x64 set size:undefined disposed:false
399 silly fetch manifest @esbuild/linux-mips64el@0.25.12
400 silly packumentCache full:https://registry.npmjs.org/@esbuild%2flinux-mips64el cache-miss
401 http fetch GET 200 https://registry.npmjs.org/@esbuild%2ffreebsd-x64 95ms (cache miss)
402 silly packumentCache full:https://registry.npmjs.org/@esbuild%2ffreebsd-x64 set size:undefined disposed:false
403 silly fetch manifest @esbuild/openharmony-arm64@0.25.12
404 silly packumentCache full:https://registry.npmjs.org/@esbuild%2fopenharmony-arm64 cache-miss
405 http fetch GET 200 https://registry.npmjs.org/@esbuild%2flinux-ppc64 95ms (cache miss)
406 silly packumentCache full:https://registry.npmjs.org/@esbuild%2flinux-ppc64 set size:undefined disposed:false
407 silly fetch manifest fdir@^6.5.0
408 silly packumentCache full:https://registry.npmjs.org/fdir cache-miss
409 http fetch GET 200 https://registry.npmjs.org/@esbuild%2fdarwin-arm64 92ms (cache miss)
410 silly packumentCache full:https://registry.npmjs.org/@esbuild%2fdarwin-arm64 set size:undefined disposed:false
411 silly fetch manifest picomatch@^4.0.3
412 silly packumentCache full:https://registry.npmjs.org/picomatch cache-miss
413 http fetch GET 200 https://registry.npmjs.org/@esbuild%2fwin32-arm64 98ms (cache miss)
414 silly packumentCache full:https://registry.npmjs.org/@esbuild%2fwin32-arm64 set size:undefined disposed:false
415 http cache https://registry.npmjs.org/fdir 12ms (cache hit)
416 silly packumentCache full:https://registry.npmjs.org/fdir set size:136182 disposed:false
417 http fetch GET 200 https://registry.npmjs.org/@esbuild%2fandroid-arm64 100ms (cache miss)
418 silly packumentCache full:https://registry.npmjs.org/@esbuild%2fandroid-arm64 set size:undefined disposed:false
419 http cache https://registry.npmjs.org/picomatch 16ms (cache hit)
420 silly packumentCache full:https://registry.npmjs.org/picomatch set size:118818 disposed:false
421 http fetch GET 200 https://registry.npmjs.org/@esbuild%2ffreebsd-arm64 105ms (cache miss)
422 silly packumentCache full:https://registry.npmjs.org/@esbuild%2ffreebsd-arm64 set size:undefined disposed:false
423 http fetch GET 200 https://registry.npmjs.org/@esbuild%2flinux-loong64 103ms (cache miss)
424 silly packumentCache full:https://registry.npmjs.org/@esbuild%2flinux-loong64 set size:undefined disposed:false
425 http fetch GET 200 https://registry.npmjs.org/@esbuild%2fnetbsd-arm64 131ms (cache miss)
426 silly packumentCache full:https://registry.npmjs.org/@esbuild%2fnetbsd-arm64 set size:undefined disposed:false
427 http fetch GET 200 https://registry.npmjs.org/@esbuild%2flinux-riscv64 74ms (cache miss)
428 silly packumentCache full:https://registry.npmjs.org/@esbuild%2flinux-riscv64 set size:undefined disposed:false
429 http fetch GET 200 https://registry.npmjs.org/@esbuild%2fopenbsd-arm64 69ms (cache miss)
430 silly packumentCache full:https://registry.npmjs.org/@esbuild%2fopenbsd-arm64 set size:undefined disposed:false
431 http fetch GET 200 https://registry.npmjs.org/@esbuild%2fopenharmony-arm64 58ms (cache miss)
432 silly packumentCache full:https://registry.npmjs.org/@esbuild%2fopenharmony-arm64 set size:undefined disposed:false
433 http fetch GET 200 https://registry.npmjs.org/@esbuild%2flinux-mips64el 69ms (cache miss)
434 silly packumentCache full:https://registry.npmjs.org/@esbuild%2flinux-mips64el set size:undefined disposed:false
435 silly placeDep ROOT @esbuild/aix-ppc64@0.25.12 OK for: esbuild@0.25.12 want: 0.25.12
436 silly placeDep ROOT @esbuild/android-arm@0.25.12 OK for: esbuild@0.25.12 want: 0.25.12
437 silly placeDep ROOT @esbuild/android-arm64@0.25.12 OK for: esbuild@0.25.12 want: 0.25.12
438 silly placeDep ROOT @esbuild/android-x64@0.25.12 OK for: esbuild@0.25.12 want: 0.25.12
439 silly placeDep ROOT @esbuild/darwin-arm64@0.25.12 OK for: esbuild@0.25.12 want: 0.25.12
440 silly placeDep ROOT @esbuild/darwin-x64@0.25.12 OK for: esbuild@0.25.12 want: 0.25.12
441 silly placeDep ROOT @esbuild/freebsd-arm64@0.25.12 OK for: esbuild@0.25.12 want: 0.25.12
442 silly placeDep ROOT @esbuild/freebsd-x64@0.25.12 OK for: esbuild@0.25.12 want: 0.25.12
443 silly placeDep ROOT @esbuild/linux-arm@0.25.12 OK for: esbuild@0.25.12 want: 0.25.12
444 silly placeDep ROOT @esbuild/linux-arm64@0.25.12 OK for: esbuild@0.25.12 want: 0.25.12
445 silly placeDep ROOT @esbuild/linux-ia32@0.25.12 OK for: esbuild@0.25.12 want: 0.25.12
446 silly placeDep ROOT @esbuild/linux-loong64@0.25.12 OK for: esbuild@0.25.12 want: 0.25.12
447 silly placeDep ROOT @esbuild/linux-mips64el@0.25.12 OK for: esbuild@0.25.12 want: 0.25.12
448 silly placeDep ROOT @esbuild/linux-ppc64@0.25.12 OK for: esbuild@0.25.12 want: 0.25.12
449 silly placeDep ROOT @esbuild/linux-riscv64@0.25.12 OK for: esbuild@0.25.12 want: 0.25.12
450 silly placeDep ROOT @esbuild/linux-s390x@0.25.12 OK for: esbuild@0.25.12 want: 0.25.12
451 silly placeDep ROOT @esbuild/linux-x64@0.25.12 OK for: esbuild@0.25.12 want: 0.25.12
452 silly placeDep ROOT @esbuild/netbsd-arm64@0.25.12 OK for: esbuild@0.25.12 want: 0.25.12
453 silly placeDep ROOT @esbuild/netbsd-x64@0.25.12 OK for: esbuild@0.25.12 want: 0.25.12
454 silly placeDep ROOT @esbuild/openbsd-arm64@0.25.12 OK for: esbuild@0.25.12 want: 0.25.12
455 silly placeDep ROOT @esbuild/openbsd-x64@0.25.12 OK for: esbuild@0.25.12 want: 0.25.12
456 silly placeDep ROOT @esbuild/openharmony-arm64@0.25.12 OK for: esbuild@0.25.12 want: 0.25.12
457 silly placeDep ROOT @esbuild/sunos-x64@0.25.12 OK for: esbuild@0.25.12 want: 0.25.12
458 silly placeDep ROOT @esbuild/win32-arm64@0.25.12 OK for: esbuild@0.25.12 want: 0.25.12
459 silly placeDep ROOT @esbuild/win32-ia32@0.25.12 OK for: esbuild@0.25.12 want: 0.25.12
460 silly placeDep ROOT @esbuild/win32-x64@0.25.12 OK for: esbuild@0.25.12 want: 0.25.12
461 silly placeDep node_modules/tinyglobby fdir@6.5.0 OK for: tinyglobby@0.2.15 want: ^6.5.0
462 silly placeDep node_modules/tinyglobby picomatch@4.0.3 OK for: fdir@6.5.0 want: ^3 || ^4
463 silly reify mark retired [ 'C:\\xampp\\htdocs\\repo\\kyro-3\\node_modules\\@babel\\runtime' ]
464 silly reify mark retired [
464 silly reify   'C:\\xampp\\htdocs\\repo\\kyro-3\\node_modules\\@esbuild\\win32-x64'
464 silly reify ]
465 silly reify mark retired [ 'C:\\xampp\\htdocs\\repo\\kyro-3\\node_modules\\@inertiajs\\core' ]
466 silly reify mark retired [ 'C:\\xampp\\htdocs\\repo\\kyro-3\\node_modules\\@inertiajs\\react' ]
467 silly reify mark retired [ 'C:\\xampp\\htdocs\\repo\\kyro-3\\node_modules\\axios' ]
468 silly reify mark retired [ 'C:\\xampp\\htdocs\\repo\\kyro-3\\node_modules\\deepmerge' ]
469 silly reify mark retired [ 'C:\\xampp\\htdocs\\repo\\kyro-3\\node_modules\\dompurify' ]
470 silly reify mark retired [
470 silly reify   'C:\\xampp\\htdocs\\repo\\kyro-3\\node_modules\\esbuild',
470 silly reify   'C:\\xampp\\htdocs\\repo\\kyro-3\\node_modules\\.bin\\esbuild',
470 silly reify   'C:\\xampp\\htdocs\\repo\\kyro-3\\node_modules\\.bin\\esbuild.cmd',
470 silly reify   'C:\\xampp\\htdocs\\repo\\kyro-3\\node_modules\\.bin\\esbuild.ps1'
470 silly reify ]
471 silly reify mark retired [ 'C:\\xampp\\htdocs\\repo\\kyro-3\\node_modules\\form-data' ]
472 silly reify mark retired [
472 silly reify   'C:\\xampp\\htdocs\\repo\\kyro-3\\node_modules\\glob',
472 silly reify   'C:\\xampp\\htdocs\\repo\\kyro-3\\node_modules\\.bin\\glob',
472 silly reify   'C:\\xampp\\htdocs\\repo\\kyro-3\\node_modules\\.bin\\glob.cmd',
472 silly reify   'C:\\xampp\\htdocs\\repo\\kyro-3\\node_modules\\.bin\\glob.ps1'
472 silly reify ]
473 silly reify mark retired [ 'C:\\xampp\\htdocs\\repo\\kyro-3\\node_modules\\html2pdf.js' ]
474 silly reify mark retired [ 'C:\\xampp\\htdocs\\repo\\kyro-3\\node_modules\\jspdf' ]
475 silly reify mark retired [ 'C:\\xampp\\htdocs\\repo\\kyro-3\\node_modules\\jspdf-autotable' ]
476 silly reify mark retired [ 'C:\\xampp\\htdocs\\repo\\kyro-3\\node_modules\\lodash.isequal' ]
477 silly reify mark retired [ 'C:\\xampp\\htdocs\\repo\\kyro-3\\node_modules\\nprogress' ]
478 silly reify mark retired [ 'C:\\xampp\\htdocs\\repo\\kyro-3\\node_modules\\qs' ]
479 silly reify mark retired [
479 silly reify   'C:\\xampp\\htdocs\\repo\\kyro-3\\node_modules\\vite',
479 silly reify   'C:\\xampp\\htdocs\\repo\\kyro-3\\node_modules\\.bin\\vite',
479 silly reify   'C:\\xampp\\htdocs\\repo\\kyro-3\\node_modules\\.bin\\vite.cmd',
479 silly reify   'C:\\xampp\\htdocs\\repo\\kyro-3\\node_modules\\.bin\\vite.ps1'
479 silly reify ]
480 silly reify moves {
480 silly reify   'C:\\xampp\\htdocs\\repo\\kyro-3\\node_modules\\@babel\\runtime': 'C:\\xampp\\htdocs\\repo\\kyro-3\\node_modules\\@babel\\.runtime-79f3LhQv',
480 silly reify   'C:\\xampp\\htdocs\\repo\\kyro-3\\node_modules\\@esbuild\\win32-x64': 'C:\\xampp\\htdocs\\repo\\kyro-3\\node_modules\\@esbuild\\.win32-x64-R3gU5LKb',
480 silly reify   'C:\\xampp\\htdocs\\repo\\kyro-3\\node_modules\\@inertiajs\\core': 'C:\\xampp\\htdocs\\repo\\kyro-3\\node_modules\\@inertiajs\\.core-WhNq888t',
480 silly reify   'C:\\xampp\\htdocs\\repo\\kyro-3\\node_modules\\@inertiajs\\react': 'C:\\xampp\\htdocs\\repo\\kyro-3\\node_modules\\@inertiajs\\.react-9U2wVpmI',
480 silly reify   'C:\\xampp\\htdocs\\repo\\kyro-3\\node_modules\\axios': 'C:\\xampp\\htdocs\\repo\\kyro-3\\node_modules\\.axios-70XBH6FW',
480 silly reify   'C:\\xampp\\htdocs\\repo\\kyro-3\\node_modules\\deepmerge': 'C:\\xampp\\htdocs\\repo\\kyro-3\\node_modules\\.deepmerge-0ik3JF6S',
480 silly reify   'C:\\xampp\\htdocs\\repo\\kyro-3\\node_modules\\dompurify': 'C:\\xampp\\htdocs\\repo\\kyro-3\\node_modules\\.dompurify-ldYosRCL',
480 silly reify   'C:\\xampp\\htdocs\\repo\\kyro-3\\node_modules\\esbuild': 'C:\\xampp\\htdocs\\repo\\kyro-3\\node_modules\\.esbuild-iwGmzdfn',
480 silly reify   'C:\\xampp\\htdocs\\repo\\kyro-3\\node_modules\\.bin\\esbuild': 'C:\\xampp\\htdocs\\repo\\kyro-3\\node_modules\\.bin\\.esbuild-w8xYrj8v',
480 silly reify   'C:\\xampp\\htdocs\\repo\\kyro-3\\node_modules\\.bin\\esbuild.cmd': 'C:\\xampp\\htdocs\\repo\\kyro-3\\node_modules\\.bin\\.esbuild.cmd-IJ6LotIM',
480 silly reify   'C:\\xampp\\htdocs\\repo\\kyro-3\\node_modules\\.bin\\esbuild.ps1': 'C:\\xampp\\htdocs\\repo\\kyro-3\\node_modules\\.bin\\.esbuild.ps1-MFGdFeTo',
480 silly reify   'C:\\xampp\\htdocs\\repo\\kyro-3\\node_modules\\form-data': 'C:\\xampp\\htdocs\\repo\\kyro-3\\node_modules\\.form-data-Tp45v1Lc',
480 silly reify   'C:\\xampp\\htdocs\\repo\\kyro-3\\node_modules\\glob': 'C:\\xampp\\htdocs\\repo\\kyro-3\\node_modules\\.glob-b6nTo3KG',
480 silly reify   'C:\\xampp\\htdocs\\repo\\kyro-3\\node_modules\\.bin\\glob': 'C:\\xampp\\htdocs\\repo\\kyro-3\\node_modules\\.bin\\.glob-JksjiF5V',
480 silly reify   'C:\\xampp\\htdocs\\repo\\kyro-3\\node_modules\\.bin\\glob.cmd': 'C:\\xampp\\htdocs\\repo\\kyro-3\\node_modules\\.bin\\.glob.cmd-9NBVqL5E',
480 silly reify   'C:\\xampp\\htdocs\\repo\\kyro-3\\node_modules\\.bin\\glob.ps1': 'C:\\xampp\\htdocs\\repo\\kyro-3\\node_modules\\.bin\\.glob.ps1-jheTLWO4',
480 silly reify   'C:\\xampp\\htdocs\\repo\\kyro-3\\node_modules\\html2pdf.js': 'C:\\xampp\\htdocs\\repo\\kyro-3\\node_modules\\.html2pdf.js-YaV1SUH9',
480 silly reify   'C:\\xampp\\htdocs\\repo\\kyro-3\\node_modules\\jspdf': 'C:\\xampp\\htdocs\\repo\\kyro-3\\node_modules\\.jspdf-5KDE6Kv6',
480 silly reify   'C:\\xampp\\htdocs\\repo\\kyro-3\\node_modules\\jspdf-autotable': 'C:\\xampp\\htdocs\\repo\\kyro-3\\node_modules\\.jspdf-autotable-b6o7IEff',
480 silly reify   'C:\\xampp\\htdocs\\repo\\kyro-3\\node_modules\\lodash.isequal': 'C:\\xampp\\htdocs\\repo\\kyro-3\\node_modules\\.lodash.isequal-aDw3YWqt',
480 silly reify   'C:\\xampp\\htdocs\\repo\\kyro-3\\node_modules\\nprogress': 'C:\\xampp\\htdocs\\repo\\kyro-3\\node_modules\\.nprogress-RVsXy1GG',
480 silly reify   'C:\\xampp\\htdocs\\repo\\kyro-3\\node_modules\\qs': 'C:\\xampp\\htdocs\\repo\\kyro-3\\node_modules\\.qs-sHeBVBG9',
480 silly reify   'C:\\xampp\\htdocs\\repo\\kyro-3\\node_modules\\vite': 'C:\\xampp\\htdocs\\repo\\kyro-3\\node_modules\\.vite-P81EUnvK',
480 silly reify   'C:\\xampp\\htdocs\\repo\\kyro-3\\node_modules\\.bin\\vite': 'C:\\xampp\\htdocs\\repo\\kyro-3\\node_modules\\.bin\\.vite-R5jZ8CMd',
480 silly reify   'C:\\xampp\\htdocs\\repo\\kyro-3\\node_modules\\.bin\\vite.cmd': 'C:\\xampp\\htdocs\\repo\\kyro-3\\node_modules\\.bin\\.vite.cmd-0c3jppNT',
480 silly reify   'C:\\xampp\\htdocs\\repo\\kyro-3\\node_modules\\.bin\\vite.ps1': 'C:\\xampp\\htdocs\\repo\\kyro-3\\node_modules\\.bin\\.vite.ps1-WiqdwO4M'
480 silly reify }
481 silly audit bulk request {
481 silly audit   '@alloc/quick-lru': [ '5.2.0' ],
481 silly audit   '@ampproject/remapping': [ '2.3.0' ],
481 silly audit   '@babel/code-frame': [ '7.27.1' ],
481 silly audit   '@babel/compat-data': [ '7.28.0' ],
481 silly audit   '@babel/core': [ '7.28.3' ],
481 silly audit   '@babel/generator': [ '7.28.3' ],
481 silly audit   '@babel/helper-compilation-targets': [ '7.27.2' ],
481 silly audit   '@babel/helper-globals': [ '7.28.0' ],
481 silly audit   '@babel/helper-module-imports': [ '7.27.1' ],
481 silly audit   '@babel/helper-module-transforms': [ '7.28.3' ],
481 silly audit   '@babel/helper-plugin-utils': [ '7.27.1' ],
481 silly audit   '@babel/helper-string-parser': [ '7.27.1' ],
481 silly audit   '@babel/helper-validator-identifier': [ '7.27.1' ],
481 silly audit   '@babel/helper-validator-option': [ '7.27.1' ],
481 silly audit   '@babel/helpers': [ '7.28.3' ],
481 silly audit   '@babel/parser': [ '7.28.3' ],
481 silly audit   '@babel/plugin-transform-react-jsx-self': [ '7.27.1' ],
481 silly audit   '@babel/plugin-transform-react-jsx-source': [ '7.27.1' ],
481 silly audit   '@babel/template': [ '7.27.2' ],
481 silly audit   '@babel/traverse': [ '7.28.3' ],
481 silly audit   '@babel/types': [ '7.28.2' ],
481 silly audit   '@date-fns/tz': [ '1.4.1' ],
481 silly audit   '@floating-ui/core': [ '1.7.3' ],
481 silly audit   '@floating-ui/dom': [ '1.7.4' ],
481 silly audit   '@floating-ui/react': [ '0.27.16' ],
481 silly audit   '@floating-ui/react-dom': [ '2.1.6' ],
481 silly audit   '@floating-ui/utils': [ '0.2.10' ],
481 silly audit   '@fullcalendar/core': [ '6.1.19' ],
481 silly audit   '@fullcalendar/daygrid': [ '6.1.19' ],
481 silly audit   '@fullcalendar/interaction': [ '6.1.19' ],
481 silly audit   '@fullcalendar/react': [ '6.1.19' ],
481 silly audit   '@fullcalendar/timegrid': [ '6.1.19' ],
481 silly audit   '@headlessui/react': [ '1.7.19' ],
481 silly audit   '@hello-pangea/dnd': [ '18.0.1' ],
481 silly audit   '@isaacs/cliui': [ '8.0.2' ],
481 silly audit   '@jridgewell/gen-mapping': [ '0.3.13' ],
481 silly audit   '@jridgewell/resolve-uri': [ '3.1.2' ],
481 silly audit   '@jridgewell/sourcemap-codec': [ '1.5.5' ],
481 silly audit   '@jridgewell/trace-mapping': [ '0.3.30' ],
481 silly audit   '@nodelib/fs.scandir': [ '2.1.5' ],
481 silly audit   '@nodelib/fs.stat': [ '2.0.5' ],
481 silly audit   '@nodelib/fs.walk': [ '1.2.8' ],
481 silly audit   '@pkgjs/parseargs': [ '0.11.0' ],
481 silly audit   '@radix-ui/number': [ '1.1.1' ],
481 silly audit   '@radix-ui/primitive': [ '1.1.3' ],
481 silly audit   '@radix-ui/react-alert-dialog': [ '1.1.15' ],
481 silly audit   '@radix-ui/react-arrow': [ '1.1.7' ],
481 silly audit   '@radix-ui/react-avatar': [ '1.1.10' ],
481 silly audit   '@radix-ui/react-checkbox': [ '1.3.3' ],
481 silly audit   '@radix-ui/react-collapsible': [ '1.1.12' ],
481 silly audit   '@radix-ui/react-collection': [ '1.1.7' ],
481 silly audit   '@radix-ui/react-compose-refs': [ '1.1.2' ],
481 silly audit   '@radix-ui/react-context': [ '1.1.2' ],
481 silly audit   '@radix-ui/react-dialog': [ '1.1.15' ],
481 silly audit   '@radix-ui/react-direction': [ '1.1.1' ],
481 silly audit   '@radix-ui/react-dismissable-layer': [ '1.1.11' ],
481 silly audit   '@radix-ui/react-dropdown-menu': [ '2.1.16' ],
481 silly audit   '@radix-ui/react-focus-guards': [ '1.1.3' ],
481 silly audit   '@radix-ui/react-focus-scope': [ '1.1.7' ],
481 silly audit   '@radix-ui/react-id': [ '1.1.1' ],
481 silly audit   '@radix-ui/react-label': [ '2.1.7' ],
481 silly audit   '@radix-ui/react-menu': [ '2.1.16' ],
481 silly audit   '@radix-ui/react-popover': [ '1.1.15' ],
481 silly audit   '@radix-ui/react-popper': [ '1.2.8' ],
481 silly audit   '@radix-ui/react-portal': [ '1.1.9' ],
481 silly audit   '@radix-ui/react-presence': [ '1.1.5' ],
481 silly audit   '@radix-ui/react-primitive': [ '2.1.3' ],
481 silly audit   '@radix-ui/react-radio-group': [ '1.3.8' ],
481 silly audit   '@radix-ui/react-roving-focus': [ '1.1.11' ],
481 silly audit   '@radix-ui/react-scroll-area': [ '1.2.10' ],
481 silly audit   '@radix-ui/react-select': [ '2.2.6' ],
481 silly audit   '@radix-ui/react-separator': [ '1.1.7' ],
481 silly audit   '@radix-ui/react-slider': [ '1.3.6' ],
481 silly audit   '@radix-ui/react-slot': [ '1.2.3' ],
481 silly audit   '@radix-ui/react-switch': [ '1.2.6' ],
481 silly audit   '@radix-ui/react-toggle': [ '1.1.10' ],
481 silly audit   '@radix-ui/react-tooltip': [ '1.2.8' ],
481 silly audit   '@radix-ui/react-use-callback-ref': [ '1.1.1' ],
481 silly audit   '@radix-ui/react-use-controllable-state': [ '1.2.2' ],
481 silly audit   '@radix-ui/react-use-effect-event': [ '0.0.2' ],
481 silly audit   '@radix-ui/react-use-escape-keydown': [ '1.1.1' ],
481 silly audit   '@radix-ui/react-use-is-hydrated': [ '0.1.0' ],
481 silly audit   '@radix-ui/react-use-layout-effect': [ '1.1.1' ],
481 silly audit   '@radix-ui/react-use-previous': [ '1.1.1' ],
481 silly audit   '@radix-ui/react-use-rect': [ '1.1.1' ],
481 silly audit   '@radix-ui/react-use-size': [ '1.1.1' ],
481 silly audit   '@radix-ui/react-visually-hidden': [ '1.2.3' ],
481 silly audit   '@radix-ui/rect': [ '1.1.1' ],
481 silly audit   '@reduxjs/toolkit': [ '2.9.0' ],
481 silly audit   '@remirror/core-constants': [ '3.0.0' ],
481 silly audit   '@rolldown/pluginutils': [ '1.0.0-beta.27' ],
481 silly audit   '@rollup/rollup-android-arm-eabi': [ '4.49.0' ],
481 silly audit   '@rollup/rollup-android-arm64': [ '4.49.0' ],
481 silly audit   '@rollup/rollup-darwin-arm64': [ '4.49.0' ],
481 silly audit   '@rollup/rollup-darwin-x64': [ '4.49.0' ],
481 silly audit   '@rollup/rollup-freebsd-arm64': [ '4.49.0' ],
481 silly audit   '@rollup/rollup-freebsd-x64': [ '4.49.0' ],
481 silly audit   '@rollup/rollup-linux-arm-gnueabihf': [ '4.49.0' ],
481 silly audit   '@rollup/rollup-linux-arm-musleabihf': [ '4.49.0' ],
481 silly audit   '@rollup/rollup-linux-arm64-gnu': [ '4.49.0' ],
481 silly audit   '@rollup/rollup-linux-arm64-musl': [ '4.49.0' ],
481 silly audit   '@rollup/rollup-linux-loongarch64-gnu': [ '4.49.0' ],
481 silly audit   '@rollup/rollup-linux-ppc64-gnu': [ '4.49.0' ],
481 silly audit   '@rollup/rollup-linux-riscv64-gnu': [ '4.49.0' ],
481 silly audit   '@rollup/rollup-linux-riscv64-musl': [ '4.49.0' ],
481 silly audit   '@rollup/rollup-linux-s390x-gnu': [ '4.49.0' ],
481 silly audit   '@rollup/rollup-linux-x64-gnu': [ '4.49.0' ],
481 silly audit   '@rollup/rollup-linux-x64-musl': [ '4.49.0' ],
481 silly audit   '@rollup/rollup-win32-arm64-msvc': [ '4.49.0' ],
481 silly audit   '@rollup/rollup-win32-ia32-msvc': [ '4.49.0' ],
481 silly audit   '@rollup/rollup-win32-x64-msvc': [ '4.49.0' ],
481 silly audit   '@standard-schema/spec': [ '1.0.0' ],
481 silly audit   '@standard-schema/utils': [ '0.3.0' ],
481 silly audit   '@syncfusion/ej2-base': [ '31.2.12' ],
481 silly audit   '@syncfusion/ej2-buttons': [ '31.2.12' ],
481 silly audit   '@syncfusion/ej2-data': [ '31.2.12' ],
481 silly audit   '@syncfusion/ej2-diagrams': [ '31.2.15' ],
481 silly audit   '@syncfusion/ej2-icons': [ '31.2.12' ],
481 silly audit   '@syncfusion/ej2-inputs': [ '31.2.15' ],
481 silly audit   '@syncfusion/ej2-lists': [ '31.2.12' ],
481 silly audit   '@syncfusion/ej2-navigations': [ '31.2.12' ],
481 silly audit   '@syncfusion/ej2-popups': [ '31.2.12' ],
481 silly audit   '@syncfusion/ej2-react-base': [ '31.2.12' ],
481 silly audit   '@syncfusion/ej2-react-diagrams': [ '31.2.15' ],
481 silly audit   '@syncfusion/ej2-react-navigations': [ '31.2.12' ],
481 silly audit   '@syncfusion/ej2-splitbuttons': [ '31.2.12' ],
481 silly audit   '@tailwindcss/forms': [ '0.5.10' ],
481 silly audit   '@tanstack/react-virtual': [ '3.13.12' ],
481 silly audit   '@tanstack/virtual-core': [ '3.13.12' ],
481 silly audit   '@tiptap/core': [ '3.3.0' ],
481 silly audit   '@tiptap/extension-blockquote': [ '3.3.0' ],
481 silly audit   '@tiptap/extension-bold': [ '3.3.0' ],
481 silly audit   '@tiptap/extension-bubble-menu': [ '3.3.0' ],
481 silly audit   '@tiptap/extension-bullet-list': [ '3.3.0' ],
481 silly audit   '@tiptap/extension-code': [ '3.3.0' ],
481 silly audit   '@tiptap/extension-code-block': [ '3.3.0' ],
481 silly audit   '@tiptap/extension-color': [ '3.3.0' ],
481 silly audit   '@tiptap/extension-document': [ '3.3.0' ],
481 silly audit   '@tiptap/extension-dropcursor': [ '3.3.0' ],
481 silly audit   '@tiptap/extension-floating-menu': [ '3.3.0' ],
481 silly audit   '@tiptap/extension-gapcursor': [ '3.3.0' ],
481 silly audit   '@tiptap/extension-hard-break': [ '3.3.0' ],
481 silly audit   '@tiptap/extension-heading': [ '3.3.0' ],
481 silly audit   '@tiptap/extension-highlight': [ '3.3.0' ],
481 silly audit   '@tiptap/extension-horizontal-rule': [ '3.3.0' ],
481 silly audit   '@tiptap/extension-italic': [ '3.3.0' ],
481 silly audit   '@tiptap/extension-link': [ '3.3.0' ],
481 silly audit   '@tiptap/extension-list': [ '3.3.0' ],
481 silly audit   '@tiptap/extension-list-item': [ '3.3.0' ],
481 silly audit   '@tiptap/extension-list-keymap': [ '3.3.0' ],
481 silly audit   '@tiptap/extension-ordered-list': [ '3.3.0' ],
481 silly audit   '@tiptap/extension-paragraph': [ '3.3.0' ],
481 silly audit   '@tiptap/extension-strike': [ '3.3.0' ],
481 silly audit   '@tiptap/extension-text': [ '3.3.0' ],
481 silly audit   '@tiptap/extension-text-align': [ '3.3.0' ],
481 silly audit   '@tiptap/extension-text-style': [ '3.3.0' ],
481 silly audit   '@tiptap/extension-underline': [ '3.3.0' ],
481 silly audit   '@tiptap/extensions': [ '3.3.0' ],
481 silly audit   '@tiptap/pm': [ '3.3.0' ],
481 silly audit   '@tiptap/react': [ '3.3.0' ],
481 silly audit   '@tiptap/starter-kit': [ '3.3.0' ],
481 silly audit   '@types/babel__core': [ '7.20.5' ],
481 silly audit   '@types/babel__generator': [ '7.27.0' ],
481 silly audit   '@types/babel__template': [ '7.4.4' ],
481 silly audit   '@types/babel__traverse': [ '7.28.0' ],
481 silly audit   '@types/d3-array': [ '3.2.2' ],
481 silly audit   '@types/d3-color': [ '3.1.3' ],
481 silly audit   '@types/d3-ease': [ '3.0.2' ],
481 silly audit   '@types/d3-interpolate': [ '3.0.4' ],
481 silly audit   '@types/d3-path': [ '3.1.1' ],
481 silly audit   '@types/d3-scale': [ '4.0.9' ],
481 silly audit   '@types/d3-shape': [ '3.1.7' ],
481 silly audit   '@types/d3-time': [ '3.0.4' ],
481 silly audit   '@types/d3-timer': [ '3.0.2' ],
481 silly audit   '@types/estree': [ '1.0.8' ],
481 silly audit   '@types/jsbarcode': [ '3.11.4' ],
481 silly audit   '@types/linkify-it': [ '5.0.0' ],
481 silly audit   '@types/markdown-it': [ '14.1.2' ],
481 silly audit   '@types/mdurl': [ '2.0.0' ],
481 silly audit   '@types/node': [ '18.19.123' ],
481 silly audit   '@types/pako': [ '2.0.4' ],
481 silly audit   '@types/prop-types': [ '15.7.15' ],
481 silly audit   '@types/qrcode': [ '1.5.5' ],
481 silly audit   '@types/raf': [ '3.4.3' ],
481 silly audit   '@types/react': [ '18.3.24' ],
481 silly audit   '@types/react-dom': [ '18.3.7' ],
481 silly audit   '@types/react-google-recaptcha': [ '2.1.9' ],
481 silly audit   '@types/use-sync-external-store': [ '0.0.6' ],
481 silly audit   '@vitejs/plugin-react': [ '4.7.0' ],
481 silly audit   'ansi-regex': [ '6.2.0', '5.0.1' ],
481 silly audit   'ansi-styles': [ '6.2.1', '4.3.0' ],
481 silly audit   'any-promise': [ '1.3.0' ],
481 silly audit   anymatch: [ '3.1.3' ],
481 silly audit   arg: [ '5.0.2' ],
481 silly audit   argparse: [ '2.0.1' ],
481 silly audit   'aria-hidden': [ '1.2.6' ],
481 silly audit   autoprefixer: [ '10.4.21' ],
481 silly audit   'balanced-match': [ '1.0.2' ],
481 silly audit   'base64-arraybuffer': [ '1.0.2' ],
481 silly audit   'binary-extensions': [ '2.3.0' ],
481 silly audit   'brace-expansion': [ '2.0.2' ],
481 silly audit   braces: [ '3.0.3' ],
481 silly audit   browserslist: [ '4.25.3' ],
481 silly audit   camelcase: [ '5.3.1' ],
481 silly audit   'camelcase-css': [ '2.0.1' ],
481 silly audit   'caniuse-lite': [ '1.0.30001737' ],
481 silly audit   canvg: [ '3.0.11' ],
481 silly audit   chokidar: [ '3.6.0' ],
481 silly audit   'glob-parent': [ '5.1.2', '6.0.2' ],
481 silly audit   'class-variance-authority': [ '0.7.1' ],
481 silly audit   'client-only': [ '0.0.1' ],
481 silly audit   cliui: [ '6.0.0' ],
481 silly audit   'emoji-regex': [ '8.0.0', '9.2.2' ],
481 silly audit   'string-width': [ '4.2.3', '5.1.2' ],
481 silly audit   'strip-ansi': [ '6.0.1', '7.1.0' ],
481 silly audit   'wrap-ansi': [ '6.2.0', '8.1.0', '7.0.0' ],
481 silly audit   clsx: [ '2.1.1' ],
481 silly audit   'color-convert': [ '2.0.1' ],
481 silly audit   'color-name': [ '1.1.4' ],
481 silly audit   commander: [ '4.1.1' ],
481 silly audit   'convert-source-map': [ '2.0.0' ],
481 silly audit   'copy-anything': [ '2.0.6' ],
481 silly audit   'core-js': [ '3.45.1' ],
481 silly audit   crelt: [ '1.0.6' ],
481 silly audit   'cross-fetch': [ '4.0.0' ],
481 silly audit   'cross-spawn': [ '7.0.6' ],
481 silly audit   'css-box-model': [ '1.2.1' ],
481 silly audit   'css-line-break': [ '2.1.0' ],
481 silly audit   cssesc: [ '3.0.0' ],
481 silly audit   csstype: [ '3.1.3' ],
481 silly audit   'd3-array': [ '3.2.4' ],
481 silly audit   'd3-color': [ '3.1.0' ],
481 silly audit   'd3-ease': [ '3.0.1' ],
481 silly audit   'd3-format': [ '3.1.0' ],
481 silly audit   'd3-interpolate': [ '3.0.1' ],
481 silly audit   'd3-path': [ '3.1.0' ],
481 silly audit   'd3-scale': [ '4.0.2' ],
481 silly audit   'd3-shape': [ '3.2.0' ],
481 silly audit   'd3-time': [ '3.1.0' ],
481 silly audit   'd3-time-format': [ '4.1.0' ],
481 silly audit   'd3-timer': [ '3.0.1' ],
481 silly audit   'date-fns': [ '3.6.0', '4.1.0' ],
481 silly audit   'date-fns-jalali': [ '4.1.0-0' ],
481 silly audit   debug: [ '4.4.1' ],
481 silly audit   decamelize: [ '1.2.0' ],
481 silly audit   'decimal.js-light': [ '2.5.1' ],
481 silly audit   'detect-node-es': [ '1.1.0' ],
481 silly audit   didyoumean: [ '1.2.2' ],
481 silly audit   dijkstrajs: [ '1.0.3' ],
481 silly audit   dlv: [ '1.1.3' ],
481 silly audit   eastasianwidth: [ '0.2.0' ],
481 silly audit   'electron-to-chromium': [ '1.5.211' ],
481 silly audit   entities: [ '4.5.0' ],
481 silly audit   errno: [ '0.1.8' ],
481 silly audit   'es-toolkit': [ '1.39.10' ],
481 silly audit   escalade: [ '3.2.0' ],
481 silly audit   'escape-string-regexp': [ '4.0.0' ],
481 silly audit   eventemitter3: [ '5.0.1' ],
481 silly audit   'fast-deep-equal': [ '3.1.3' ],
481 silly audit   'fast-glob': [ '3.3.3' ],
481 silly audit   'fast-png': [ '6.4.0' ],
481 silly audit   fastq: [ '1.19.1' ],
481 silly audit   fflate: [ '0.8.2' ],
481 silly audit   'fill-range': [ '7.1.1' ],
481 silly audit   'find-up': [ '4.1.0' ],
481 silly audit   'foreground-child': [ '3.3.1' ],
481 silly audit   'fraction.js': [ '4.3.7' ],
481 silly audit   fsevents: [ '2.3.3' ],
481 silly audit   'function-bind': [ '1.1.2' ],
481 silly audit   gensync: [ '1.0.0-beta.2' ],
481 silly audit   'get-caller-file': [ '2.0.5' ],
481 silly audit   'get-nonce': [ '1.0.1' ],
481 silly audit   'graceful-fs': [ '4.2.11' ],
481 silly audit   hasown: [ '2.0.2' ],
481 silly audit   'hoist-non-react-statics': [ '3.3.2' ],
481 silly audit   'html-parse-stringify': [ '3.0.1' ],
481 silly audit   html2canvas: [ '1.4.1' ],
481 silly audit   i18next: [ '25.4.2' ],
481 silly audit   'i18next-browser-languagedetector': [ '8.2.0' ],
481 silly audit   'i18next-http-backend': [ '3.0.2' ],
481 silly audit   'iconv-lite': [ '0.6.3' ],
481 silly audit   'image-size': [ '0.5.5' ],
481 silly audit   immer: [ '10.1.3' ],
481 silly audit   internmap: [ '2.0.3' ],
481 silly audit   iobuffer: [ '5.4.0' ],
481 silly audit   'is-binary-path': [ '2.1.0' ],
481 silly audit   'is-core-module': [ '2.16.1' ],
481 silly audit   'is-extglob': [ '2.1.1' ],
481 silly audit   'is-fullwidth-code-point': [ '3.0.0' ],
481 silly audit   'is-glob': [ '4.0.3' ],
481 silly audit   'is-number': [ '7.0.0' ],
481 silly audit   'is-what': [ '3.14.1' ],
481 silly audit   isexe: [ '2.0.0' ],
481 silly audit   jackspeak: [ '3.4.3' ],
481 silly audit   jiti: [ '1.21.7' ],
481 silly audit   'js-tokens': [ '4.0.0' ],
481 silly audit   jsbarcode: [ '3.12.1' ],
481 silly audit   jsesc: [ '3.1.0' ],
481 silly audit   json5: [ '2.2.3' ],
481 silly audit   'laravel-echo': [ '1.19.0' ],
481 silly audit   'laravel-vite-plugin': [ '1.3.0' ],
481 silly audit   less: [ '4.4.2' ],
481 silly audit   lilconfig: [ '3.1.3' ],
481 silly audit   'lines-and-columns': [ '1.2.4' ],
481 silly audit   'linkify-it': [ '5.0.0' ],
481 silly audit   linkifyjs: [ '4.3.2' ],
481 silly audit   'locate-path': [ '5.0.0' ],
481 silly audit   'loose-envify': [ '1.4.0' ],
481 silly audit   'lru-cache': [ '5.1.1', '10.4.3' ],
481 silly audit   'lucide-react': [ '0.378.0' ],
481 silly audit   'make-dir': [ '2.1.0' ],
481 silly audit   pify: [ '4.0.1', '2.3.0' ],
481 silly audit   semver: [ '5.7.2', '6.3.1' ],
481 silly audit   'markdown-it': [ '14.1.0' ],
481 silly audit   mdurl: [ '2.0.0' ],
481 silly audit   merge2: [ '1.4.1' ],
481 silly audit   micromatch: [ '4.0.8' ],
481 silly audit   mime: [ '1.6.0' ],
481 silly audit   'mini-svg-data-uri': [ '1.4.4' ],
481 silly audit   minimatch: [ '9.0.5' ],
481 silly audit   minipass: [ '7.1.2' ],
481 silly audit   ms: [ '2.1.3' ],
481 silly audit   mz: [ '2.7.0' ],
481 silly audit   nanoid: [ '3.3.11' ],
481 silly audit   needle: [ '3.3.1' ],
481 silly audit   'next-themes': [ '0.3.0' ],
481 silly audit   'node-fetch': [ '2.7.0' ],
481 silly audit   'node-releases': [ '2.0.19' ],
481 silly audit   'normalize-path': [ '3.0.0' ],
481 silly audit   'normalize-range': [ '0.1.2' ],
481 silly audit   'object-assign': [ '4.1.1' ],
481 silly audit   'object-hash': [ '3.0.0' ],
481 silly audit   orderedmap: [ '2.1.1' ],
481 silly audit   'p-limit': [ '2.3.0' ],
481 silly audit   'p-locate': [ '4.1.0' ],
481 silly audit   'p-try': [ '2.2.0' ],
481 silly audit   'package-json-from-dist': [ '1.0.1' ],
481 silly audit   pako: [ '2.1.0' ],
481 silly audit   'parse-node-version': [ '1.0.1' ],
481 silly audit   'path-exists': [ '4.0.0' ],
481 silly audit   'path-key': [ '3.1.1' ],
481 silly audit   'path-parse': [ '1.0.7' ],
481 silly audit   'path-scurry': [ '1.11.1' ],
481 silly audit   'performance-now': [ '2.1.0' ],
481 silly audit   picocolors: [ '1.1.1' ],
481 silly audit   picomatch: [ '2.3.1', '4.0.3' ],
481 silly audit   pirates: [ '4.0.7' ],
481 silly audit   pngjs: [ '5.0.0' ],
481 silly audit   postcss: [ '8.5.6' ],
481 silly audit   'postcss-import': [ '15.1.0' ],
481 silly audit   'postcss-js': [ '4.0.1' ],
481 silly audit   'postcss-load-config': [ '4.0.2' ],
481 silly audit   'postcss-nested': [ '6.2.0' ],
481 silly audit   'postcss-selector-parser': [ '6.1.2' ],
481 silly audit   'postcss-value-parser': [ '4.2.0' ],
481 silly audit   preact: [ '10.12.1' ],
481 silly audit   'prop-types': [ '15.8.1' ],
481 silly audit   'prosemirror-changeset': [ '2.3.1' ],
481 silly audit   'prosemirror-collab': [ '1.3.1' ],
481 silly audit   'prosemirror-commands': [ '1.7.1' ],
481 silly audit   'prosemirror-dropcursor': [ '1.8.2' ],
481 silly audit   'prosemirror-gapcursor': [ '1.3.2' ],
481 silly audit   'prosemirror-history': [ '1.4.1' ],
481 silly audit   'prosemirror-inputrules': [ '1.5.0' ],
481 silly audit   'prosemirror-keymap': [ '1.2.3' ],
481 silly audit   'prosemirror-markdown': [ '1.13.2' ],
481 silly audit   'prosemirror-menu': [ '1.2.5' ],
481 silly audit   'prosemirror-model': [ '1.25.3' ],
481 silly audit   'prosemirror-schema-basic': [ '1.2.4' ],
481 silly audit   'prosemirror-schema-list': [ '1.5.1' ],
481 silly audit   'prosemirror-state': [ '1.4.3' ],
481 silly audit   'prosemirror-tables': [ '1.8.1' ],
481 silly audit   'prosemirror-trailing-node': [ '3.0.0' ],
481 silly audit   'prosemirror-transform': [ '1.10.4' ],
481 silly audit   'prosemirror-view': [ '1.40.1' ],
481 silly audit   prr: [ '1.0.1' ],
481 silly audit   'punycode.js': [ '2.3.1' ],
481 silly audit   'pusher-js': [ '8.4.0' ],
481 silly audit   qrcode: [ '1.5.4' ],
481 silly audit   'queue-microtask': [ '1.2.3' ],
481 silly audit   raf: [ '3.4.1' ],
481 silly audit   'raf-schd': [ '4.0.3' ],
481 silly audit   react: [ '18.3.1' ],
481 silly audit   'react-async-script': [ '1.2.0' ],
481 silly audit   'react-datepicker': [ '8.7.0' ],
481 silly audit   'react-day-picker': [ '9.9.0' ],
481 silly audit   'react-dom': [ '18.3.1' ],
481 silly audit   'react-google-recaptcha': [ '3.1.0' ],
481 silly audit   'react-i18next': [ '15.7.2' ],
481 silly audit   'react-is': [ '16.13.1' ],
481 silly audit   'react-redux': [ '9.2.0' ],
481 silly audit   'react-refresh': [ '0.17.0' ],
481 silly audit   'react-remove-scroll': [ '2.7.1' ],
481 silly audit   'react-remove-scroll-bar': [ '2.3.8' ],
481 silly audit   'react-signature-canvas': [ '1.0.7' ],
481 silly audit   'react-style-singleton': [ '2.2.3' ],
481 silly audit   'read-cache': [ '1.0.0' ],
481 silly audit   readdirp: [ '3.6.0' ],
481 silly audit   recharts: [ '3.2.0' ],
481 silly audit   redux: [ '5.0.1' ],
481 silly audit   'redux-thunk': [ '3.1.0' ],
481 silly audit   'regenerator-runtime': [ '0.13.11' ],
481 silly audit   'require-directory': [ '2.1.1' ],
481 silly audit   'require-main-filename': [ '2.0.0' ],
481 silly audit   reselect: [ '5.1.1' ],
481 silly audit   resolve: [ '1.22.10' ],
481 silly audit   reusify: [ '1.1.0' ],
481 silly audit   rgbcolor: [ '1.0.1' ],
481 silly audit   rollup: [ '4.49.0' ],
481 silly audit   'rope-sequence': [ '1.3.4' ],
481 silly audit   'run-parallel': [ '1.2.0' ],
481 silly audit   'safer-buffer': [ '2.1.2' ],
481 silly audit   sax: [ '1.4.3' ],
481 silly audit   scheduler: [ '0.23.2' ],
481 silly audit   'set-blocking': [ '2.0.0' ],
481 silly audit   'shebang-command': [ '2.0.0' ],
481 silly audit   'shebang-regex': [ '3.0.0' ],
481 silly audit   'signal-exit': [ '4.1.0' ],
481 silly audit   signature_pad: [ '2.3.2' ],
481 silly audit   sonner: [ '2.0.7' ],
481 silly audit   'source-map': [ '0.6.1' ],
481 silly audit   'source-map-js': [ '1.2.1' ],
481 silly audit   'stackblur-canvas': [ '2.7.0' ],
481 silly audit   sucrase: [ '3.35.0' ],
481 silly audit   'supports-preserve-symlinks-flag': [ '1.0.0' ],
481 silly audit   'svg-pathdata': [ '6.0.3' ],
481 silly audit   tabbable: [ '6.2.0' ],
481 silly audit   'tailwind-merge': [ '2.6.0' ],
481 silly audit   tailwindcss: [ '3.4.17' ],
481 silly audit   'tailwindcss-animate': [ '1.0.7' ],
481 silly audit   'text-segmentation': [ '1.0.3' ],
481 silly audit   thenify: [ '3.3.1' ],
481 silly audit   'thenify-all': [ '1.6.0' ],
481 silly audit   'tiny-invariant': [ '1.3.3' ],
481 silly audit   'to-regex-range': [ '5.0.1' ],
481 silly audit   tr46: [ '0.0.3' ],
481 silly audit   'trim-canvas': [ '0.1.2' ],
481 silly audit   'ts-interface-checker': [ '0.1.13' ],
481 silly audit   tslib: [ '2.8.1' ],
481 silly audit   tweetnacl: [ '1.0.3' ],
481 silly audit   typescript: [ '5.9.2' ],
481 silly audit   'uc.micro': [ '2.1.0' ],
481 silly audit   'undici-types': [ '5.26.5' ],
481 silly audit   'unicode-emoji-json': [ '0.8.0' ],
481 silly audit   'update-browserslist-db': [ '1.1.3' ],
481 silly audit   'use-callback-ref': [ '1.3.3' ],
481 silly audit   'use-sidecar': [ '1.1.3' ],
481 silly audit   'use-sync-external-store': [ '1.5.0' ],
481 silly audit   'util-deprecate': [ '1.0.2' ],
481 silly audit   utrie: [ '1.0.2' ],
481 silly audit   'victory-vendor': [ '37.3.6' ],
481 silly audit   'vite-plugin-full-reload': [ '1.2.0' ],
481 silly audit   'void-elements': [ '3.1.0' ],
481 silly audit   'w3c-keyname': [ '2.2.8' ],
481 silly audit   'webidl-conversions': [ '3.0.1' ],
481 silly audit   'whatwg-url': [ '5.0.0' ],
481 silly audit   which: [ '2.0.2' ],
481 silly audit   'which-module': [ '2.0.1' ],
481 silly audit   y18n: [ '4.0.3' ],
481 silly audit   yallist: [ '3.1.1' ],
481 silly audit   yaml: [ '2.8.1' ],
481 silly audit   yargs: [ '15.4.1' ],
481 silly audit   'yargs-parser': [ '18.1.3' ],
481 silly audit   '@inertiajs/react': [ '2.3.17' ],
481 silly audit   axios: [ '1.13.6' ],
481 silly audit   glob: [ '10.5.0' ],
481 silly audit   'html2pdf.js': [ '0.14.0' ],
481 silly audit   jspdf: [ '4.2.0' ],
481 silly audit   'jspdf-autotable': [ '5.0.7' ],
481 silly audit   vite: [ '6.4.1' ],
481 silly audit   '@inertiajs/core': [ '2.3.17' ],
481 silly audit   '@types/lodash-es': [ '4.17.12' ],
481 silly audit   'laravel-precognition': [ '1.0.2' ],
481 silly audit   'lodash-es': [ '4.17.23' ],
481 silly audit   qs: [ '6.15.0' ],
481 silly audit   '@types/lodash': [ '4.17.24' ],
481 silly audit   'follow-redirects': [ '1.15.11' ],
481 silly audit   'form-data': [ '4.0.5' ],
481 silly audit   'proxy-from-env': [ '1.1.0' ],
481 silly audit   asynckit: [ '0.4.0' ],
481 silly audit   'combined-stream': [ '1.0.8' ],
481 silly audit   'es-set-tostringtag': [ '2.1.0' ],
481 silly audit   'mime-types': [ '2.1.35' ],
481 silly audit   'delayed-stream': [ '1.0.0' ],
481 silly audit   'es-errors': [ '1.3.0' ],
481 silly audit   'get-intrinsic': [ '1.3.0' ],
481 silly audit   'has-tostringtag': [ '1.0.2' ],
481 silly audit   'call-bind-apply-helpers': [ '1.0.2' ],
481 silly audit   'es-define-property': [ '1.0.1' ],
481 silly audit   'es-object-atoms': [ '1.1.1' ],
481 silly audit   'get-proto': [ '1.0.1' ],
481 silly audit   gopd: [ '1.2.0' ],
481 silly audit   'has-symbols': [ '1.1.0' ],
481 silly audit   'math-intrinsics': [ '1.1.0' ],
481 silly audit   'dunder-proto': [ '1.0.1' ],
481 silly audit   dompurify: [ '3.3.2' ],
481 silly audit   '@types/trusted-types': [ '2.0.7' ],
481 silly audit   '@babel/runtime': [ '7.28.6' ],
481 silly audit   'mime-db': [ '1.52.0' ],
481 silly audit   'side-channel': [ '1.1.0' ],
481 silly audit   'object-inspect': [ '1.13.4' ],
481 silly audit   'side-channel-list': [ '1.0.0' ],
481 silly audit   'side-channel-map': [ '1.0.1' ],
481 silly audit   'side-channel-weakmap': [ '1.0.2' ],
481 silly audit   'call-bound': [ '1.0.4' ],
481 silly audit   esbuild: [ '0.25.12' ],
481 silly audit   fdir: [ '6.5.0' ],
481 silly audit   tinyglobby: [ '0.2.15' ],
481 silly audit   '@esbuild/aix-ppc64': [ '0.25.12' ],
481 silly audit   '@esbuild/android-arm': [ '0.25.12' ],
481 silly audit   '@esbuild/android-arm64': [ '0.25.12' ],
481 silly audit   '@esbuild/android-x64': [ '0.25.12' ],
481 silly audit   '@esbuild/darwin-arm64': [ '0.25.12' ],
481 silly audit   '@esbuild/darwin-x64': [ '0.25.12' ],
481 silly audit   '@esbuild/freebsd-arm64': [ '0.25.12' ],
481 silly audit   '@esbuild/freebsd-x64': [ '0.25.12' ],
481 silly audit   '@esbuild/linux-arm': [ '0.25.12' ],
481 silly audit   '@esbuild/linux-arm64': [ '0.25.12' ],
481 silly audit   '@esbuild/linux-ia32': [ '0.25.12' ],
481 silly audit   '@esbuild/linux-loong64': [ '0.25.12' ],
481 silly audit   '@esbuild/linux-mips64el': [ '0.25.12' ],
481 silly audit   '@esbuild/linux-ppc64': [ '0.25.12' ],
481 silly audit   '@esbuild/linux-riscv64': [ '0.25.12' ],
481 silly audit   '@esbuild/linux-s390x': [ '0.25.12' ],
481 silly audit   '@esbuild/linux-x64': [ '0.25.12' ],
481 silly audit   '@esbuild/netbsd-arm64': [ '0.25.12' ],
481 silly audit   '@esbuild/netbsd-x64': [ '0.25.12' ],
481 silly audit   '@esbuild/openbsd-arm64': [ '0.25.12' ],
481 silly audit   '@esbuild/openbsd-x64': [ '0.25.12' ],
481 silly audit   '@esbuild/openharmony-arm64': [ '0.25.12' ],
481 silly audit   '@esbuild/sunos-x64': [ '0.25.12' ],
481 silly audit   '@esbuild/win32-arm64': [ '0.25.12' ],
481 silly audit   '@esbuild/win32-ia32': [ '0.25.12' ],
481 silly audit   '@esbuild/win32-x64': [ '0.25.12' ]
481 silly audit }
482 http cache tinyglobby@https://registry.npmjs.org/tinyglobby/-/tinyglobby-0.2.15.tgz 0ms (cache hit)
483 http cache @types/lodash@https://registry.npmjs.org/@types/lodash/-/lodash-4.17.24.tgz 0ms (cache hit)
484 http cache @types/lodash-es@https://registry.npmjs.org/@types/lodash-es/-/lodash-es-4.17.12.tgz 0ms (cache hit)
485 http cache lodash-es@https://registry.npmjs.org/lodash-es/-/lodash-es-4.17.23.tgz 0ms (cache hit)
486 http cache laravel-precognition@https://registry.npmjs.org/laravel-precognition/-/laravel-precognition-1.0.2.tgz 0ms (cache hit)
487 http cache qs@https://registry.npmjs.org/qs/-/qs-6.15.0.tgz 0ms (cache hit)
488 http cache jspdf-autotable@https://registry.npmjs.org/jspdf-autotable/-/jspdf-autotable-5.0.7.tgz 0ms (cache hit)
489 http cache vite@https://registry.npmjs.org/vite/-/vite-6.4.1.tgz 0ms (cache hit)
490 http cache jspdf@https://registry.npmjs.org/jspdf/-/jspdf-4.2.0.tgz 0ms (cache hit)
491 http cache glob@https://registry.npmjs.org/glob/-/glob-10.5.0.tgz 0ms (cache hit)
492 http cache html2pdf.js@https://registry.npmjs.org/html2pdf.js/-/html2pdf.js-0.14.0.tgz 0ms (cache hit)
493 http cache @inertiajs/react@https://registry.npmjs.org/@inertiajs/react/-/react-2.3.17.tgz 0ms (cache hit)
494 http cache form-data@https://registry.npmjs.org/form-data/-/form-data-4.0.5.tgz 0ms (cache hit)
495 http cache dompurify@https://registry.npmjs.org/dompurify/-/dompurify-3.3.2.tgz 0ms (cache hit)
496 http cache @inertiajs/core@https://registry.npmjs.org/@inertiajs/core/-/core-2.3.17.tgz 0ms (cache hit)
497 http cache axios@https://registry.npmjs.org/axios/-/axios-1.13.6.tgz 0ms (cache hit)
498 http cache esbuild@https://registry.npmjs.org/esbuild/-/esbuild-0.25.12.tgz 0ms (cache hit)
499 http cache @esbuild/win32-x64@https://registry.npmjs.org/@esbuild/win32-x64/-/win32-x64-0.25.12.tgz 0ms (cache hit)
500 http cache @babel/runtime@https://registry.npmjs.org/@babel/runtime/-/runtime-7.28.6.tgz 0ms (cache hit)
501 http cache fdir@https://registry.npmjs.org/fdir/-/fdir-6.5.0.tgz 0ms (cache hit)
502 http cache picomatch@https://registry.npmjs.org/picomatch/-/picomatch-4.0.3.tgz 0ms (cache hit)
503 http cache fdir@https://registry.npmjs.org/fdir/-/fdir-6.5.0.tgz 0ms (cache hit)
504 silly tarball no local data for tinyglobby@https://registry.npmjs.org/tinyglobby/-/tinyglobby-0.2.15.tgz. Extracting by manifest.
505 silly tarball no local data for @types/lodash@https://registry.npmjs.org/@types/lodash/-/lodash-4.17.24.tgz. Extracting by manifest.
506 silly tarball no local data for @types/lodash-es@https://registry.npmjs.org/@types/lodash-es/-/lodash-es-4.17.12.tgz. Extracting by manifest.
507 silly tarball no local data for lodash-es@https://registry.npmjs.org/lodash-es/-/lodash-es-4.17.23.tgz. Extracting by manifest.
508 silly tarball no local data for laravel-precognition@https://registry.npmjs.org/laravel-precognition/-/laravel-precognition-1.0.2.tgz. Extracting by manifest.
509 silly tarball no local data for qs@https://registry.npmjs.org/qs/-/qs-6.15.0.tgz. Extracting by manifest.
510 silly tarball no local data for jspdf-autotable@https://registry.npmjs.org/jspdf-autotable/-/jspdf-autotable-5.0.7.tgz. Extracting by manifest.
511 silly tarball no local data for vite@https://registry.npmjs.org/vite/-/vite-6.4.1.tgz. Extracting by manifest.
512 silly tarball no local data for jspdf@https://registry.npmjs.org/jspdf/-/jspdf-4.2.0.tgz. Extracting by manifest.
513 silly tarball no local data for glob@https://registry.npmjs.org/glob/-/glob-10.5.0.tgz. Extracting by manifest.
514 http cache picomatch@https://registry.npmjs.org/picomatch/-/picomatch-4.0.3.tgz 0ms (cache hit)
515 silly tarball no local data for html2pdf.js@https://registry.npmjs.org/html2pdf.js/-/html2pdf.js-0.14.0.tgz. Extracting by manifest.
516 silly tarball no local data for @inertiajs/react@https://registry.npmjs.org/@inertiajs/react/-/react-2.3.17.tgz. Extracting by manifest.
517 silly tarball no local data for form-data@https://registry.npmjs.org/form-data/-/form-data-4.0.5.tgz. Extracting by manifest.
518 silly tarball no local data for dompurify@https://registry.npmjs.org/dompurify/-/dompurify-3.3.2.tgz. Extracting by manifest.
519 silly tarball no local data for @inertiajs/core@https://registry.npmjs.org/@inertiajs/core/-/core-2.3.17.tgz. Extracting by manifest.
520 silly tarball no local data for axios@https://registry.npmjs.org/axios/-/axios-1.13.6.tgz. Extracting by manifest.
521 silly tarball no local data for esbuild@https://registry.npmjs.org/esbuild/-/esbuild-0.25.12.tgz. Extracting by manifest.
522 silly tarball no local data for @esbuild/win32-x64@https://registry.npmjs.org/@esbuild/win32-x64/-/win32-x64-0.25.12.tgz. Extracting by manifest.
523 silly tarball no local data for @babel/runtime@https://registry.npmjs.org/@babel/runtime/-/runtime-7.28.6.tgz. Extracting by manifest.
524 silly tarball no local data for fdir@https://registry.npmjs.org/fdir/-/fdir-6.5.0.tgz. Extracting by manifest.
525 silly tarball no local data for picomatch@https://registry.npmjs.org/picomatch/-/picomatch-4.0.3.tgz. Extracting by manifest.
526 silly tarball no local data for fdir@https://registry.npmjs.org/fdir/-/fdir-6.5.0.tgz. Extracting by manifest.
527 silly tarball no local data for picomatch@https://registry.npmjs.org/picomatch/-/picomatch-4.0.3.tgz. Extracting by manifest.
528 http fetch GET 200 https://registry.npmjs.org/laravel-precognition/-/laravel-precognition-1.0.2.tgz 120ms (cache miss)
529 http fetch GET 200 https://registry.npmjs.org/tinyglobby/-/tinyglobby-0.2.15.tgz 172ms (cache miss)
530 http fetch GET 200 https://registry.npmjs.org/jspdf-autotable/-/jspdf-autotable-5.0.7.tgz 187ms (cache miss)
531 http fetch POST 200 https://registry.npmjs.org/-/npm/v1/security/advisories/bulk 256ms
532 silly audit report {
532 silly audit report   'markdown-it': [
532 silly audit report     {
532 silly audit report       id: 1113190,
532 silly audit report       url: 'https://github.com/advisories/GHSA-38c4-r59v-3vqw',
532 silly audit report       title: 'markdown-it is has a Regular Expression Denial of Service (ReDoS)',
532 silly audit report       severity: 'moderate',
532 silly audit report       vulnerable_versions: '>=13.0.0 <14.1.1',
532 silly audit report       cwe: [Array],
532 silly audit report       cvss: [Object]
532 silly audit report     }
532 silly audit report   ],
532 silly audit report   minimatch: [
532 silly audit report     {
532 silly audit report       id: 1113465,
532 silly audit report       url: 'https://github.com/advisories/GHSA-3ppc-4f35-3m26',
532 silly audit report       title: 'minimatch has a ReDoS via repeated wildcards with non-matching literal in pattern',
532 silly audit report       severity: 'high',
532 silly audit report       vulnerable_versions: '>=9.0.0 <9.0.6',
532 silly audit report       cwe: [Array],
532 silly audit report       cvss: [Object]
532 silly audit report     },
532 silly audit report     {
532 silly audit report       id: 1113544,
532 silly audit report       url: 'https://github.com/advisories/GHSA-7r86-cg39-jmmj',
532 silly audit report       title: 'minimatch has ReDoS: matchOne() combinatorial backtracking via multiple non-adjacent GLOBSTAR segments',
532 silly audit report       severity: 'high',
532 silly audit report       vulnerable_versions: '>=9.0.0 <9.0.7',
532 silly audit report       cwe: [Array],
532 silly audit report       cvss: [Object]
532 silly audit report     },
532 silly audit report     {
532 silly audit report       id: 1113552,
532 silly audit report       url: 'https://github.com/advisories/GHSA-23c5-xmqv-rm74',
532 silly audit report       title: 'minimatch ReDoS: nested *() extglobs generate catastrophically backtracking regular expressions',
532 silly audit report       severity: 'high',
532 silly audit report       vulnerable_versions: '>=9.0.0 <9.0.7',
532 silly audit report       cwe: [Array],
532 silly audit report       cvss: [Object]
532 silly audit report     }
532 silly audit report   ],
532 silly audit report   rollup: [
532 silly audit report     {
532 silly audit report       id: 1113515,
532 silly audit report       url: 'https://github.com/advisories/GHSA-mw96-cpmx-2vgc',
532 silly audit report       title: 'Rollup 4 has Arbitrary File Write via Path Traversal',
532 silly audit report       severity: 'high',
532 silly audit report       vulnerable_versions: '>=4.0.0 <4.59.0',
532 silly audit report       cwe: [Array],
532 silly audit report       cvss: [Object]
532 silly audit report     }
532 silly audit report   ]
532 silly audit report }
533 silly packumentCache corgi:https://registry.npmjs.org/markdown-it cache-miss
534 silly packumentCache corgi:https://registry.npmjs.org/minimatch cache-miss
535 silly packumentCache corgi:https://registry.npmjs.org/rollup cache-miss
536 http fetch GET 200 https://registry.npmjs.org/fdir/-/fdir-6.5.0.tgz 400ms (cache miss)
537 http fetch GET 200 https://registry.npmjs.org/esbuild/-/esbuild-0.25.12.tgz 402ms (cache miss)
538 http cache https://registry.npmjs.org/markdown-it 199ms (cache hit)
539 silly packumentCache corgi:https://registry.npmjs.org/markdown-it set size:123533 disposed:false
540 http cache https://registry.npmjs.org/minimatch 202ms (cache hit)
541 silly packumentCache corgi:https://registry.npmjs.org/minimatch set size:167610 disposed:false
542 http cache https://registry.npmjs.org/rollup 208ms (cache hit)
543 silly packumentCache corgi:https://registry.npmjs.org/rollup set size:2543476 disposed:false
544 silly packumentCache corgi:https://registry.npmjs.org/prosemirror-markdown cache-miss
545 http cache https://registry.npmjs.org/prosemirror-markdown 74ms (cache hit)
546 silly packumentCache corgi:https://registry.npmjs.org/prosemirror-markdown set size:74370 disposed:false
547 silly packumentCache corgi:https://registry.npmjs.org/glob cache-miss
548 http fetch GET 200 https://registry.npmjs.org/fdir/-/fdir-6.5.0.tgz 552ms (cache miss)
549 http fetch GET 200 https://registry.npmjs.org/picomatch/-/picomatch-4.0.3.tgz 593ms (cache miss)
550 http cache https://registry.npmjs.org/glob 58ms (cache hit)
551 silly packumentCache corgi:https://registry.npmjs.org/glob set size:199194 disposed:false
552 silly packumentCache corgi:https://registry.npmjs.org/vite cache-miss
553 http fetch GET 200 https://registry.npmjs.org/picomatch/-/picomatch-4.0.3.tgz 591ms (cache miss)
554 http fetch GET 200 https://registry.npmjs.org/form-data/-/form-data-4.0.5.tgz 616ms (cache miss)
555 http fetch GET 200 https://registry.npmjs.org/qs/-/qs-6.15.0.tgz 620ms (cache miss)
556 http cache https://registry.npmjs.org/vite 33ms (cache hit)
557 silly packumentCache corgi:https://registry.npmjs.org/vite set size:2196538 disposed:false
558 http fetch GET 200 https://registry.npmjs.org/dompurify/-/dompurify-3.3.2.tgz 992ms (cache miss)
559 http fetch GET 200 https://registry.npmjs.org/vite/-/vite-6.4.1.tgz 1714ms (cache miss)
560 http fetch GET 200 https://registry.npmjs.org/@inertiajs/react/-/react-2.3.17.tgz 1854ms (cache miss)
561 http fetch GET 200 https://registry.npmjs.org/@inertiajs/core/-/core-2.3.17.tgz 1860ms (cache miss)
562 http fetch GET 200 https://registry.npmjs.org/glob/-/glob-10.5.0.tgz 1986ms (cache miss)
563 warn deprecated glob@10.5.0: Old versions of glob are not supported, and contain widely publicized security vulnerabilities, which have been fixed in the current version. Please update. Support for old versions may be purchased (at exorbitant rates) by contacting i@izs.me
564 http fetch GET 200 https://registry.npmjs.org/@esbuild/win32-x64/-/win32-x64-0.25.12.tgz 2065ms (cache miss)
565 http fetch GET 200 https://registry.npmjs.org/html2pdf.js/-/html2pdf.js-0.14.0.tgz 2431ms (cache miss)
566 http fetch GET 200 https://registry.npmjs.org/axios/-/axios-1.13.6.tgz 2646ms (cache miss)
567 http fetch GET 200 https://registry.npmjs.org/@types/lodash-es/-/lodash-es-4.17.12.tgz 2681ms (cache miss)
568 http fetch GET 200 https://registry.npmjs.org/jspdf/-/jspdf-4.2.0.tgz 2771ms (cache miss)
569 http fetch GET 200 https://registry.npmjs.org/@babel/runtime/-/runtime-7.28.6.tgz 3972ms (cache miss)
570 http fetch GET 200 https://registry.npmjs.org/@types/lodash/-/lodash-4.17.24.tgz 4147ms (cache miss)
571 http fetch GET 200 https://registry.npmjs.org/lodash-es/-/lodash-es-4.17.23.tgz 4498ms (cache miss)
572 info run esbuild@0.25.12 postinstall node_modules/esbuild node install.js
573 info run esbuild@0.25.12 postinstall { code: 0, signal: null }
574 silly ADD node_modules/tinyglobby
575 silly ADD node_modules/tinyglobby/node_modules/picomatch
576 silly ADD node_modules/tinyglobby/node_modules/fdir
577 silly ADD node_modules/@types/lodash
578 silly ADD node_modules/lodash-es
579 silly ADD node_modules/laravel-precognition
580 silly ADD node_modules/@types/lodash-es
581 silly CHANGE node_modules/vite
582 silly ADD node_modules/vite/node_modules/picomatch
583 silly ADD node_modules/vite/node_modules/fdir
584 silly CHANGE node_modules/qs
585 silly REMOVE node_modules/nprogress
586 silly REMOVE node_modules/lodash.isequal
587 silly CHANGE node_modules/jspdf-autotable
588 silly CHANGE node_modules/jspdf
589 silly CHANGE node_modules/html2pdf.js
590 silly CHANGE node_modules/glob
591 silly CHANGE node_modules/form-data
592 silly CHANGE node_modules/esbuild
593 silly CHANGE node_modules/dompurify
594 silly REMOVE node_modules/deepmerge
595 silly CHANGE node_modules/axios
596 silly CHANGE node_modules/@inertiajs/react
597 silly CHANGE node_modules/@inertiajs/core
598 silly CHANGE node_modules/@esbuild/win32-x64
599 silly CHANGE node_modules/@babel/runtime
600 verbose cwd C:\xampp\htdocs\repo\kyro-3
601 verbose os Windows_NT 10.0.26200
602 verbose node v25.7.0
603 verbose npm  v11.10.1
604 verbose exit 0
605 info ok
