0 verbose cli C:\Program Files\nodejs\node.exe C:\Program Files\nodejs\node_modules\npm\bin\npm-cli.js
1 info using npm@11.10.1
2 info using node@v25.7.0
3 silly config load:file:C:\Program Files\nodejs\node_modules\npm\npmrc
4 silly config load:file:C:\xampp\htdocs\repo\kyro-3\.npmrc
5 silly config load:file:C:\Users\Dansa\.npmrc
6 silly config load:file:C:\Users\Dansa\AppData\Roaming\npm\etc\npmrc
7 verbose title npm install @vitejs/plugin-react@^4.7.0 laravel-vite-plugin@^1.3.0
8 verbose argv "install" "@vitejs/plugin-react@^4.7.0" "laravel-vite-plugin@^1.3.0" "--save-dev"
9 verbose logfile logs-max:10 dir:C:\xampp\htdocs\repo\kyro-3\.npm-cache\_logs\2026-03-10T04_47_37_903Z-
10 verbose logfile C:\xampp\htdocs\repo\kyro-3\.npm-cache\_logs\2026-03-10T04_47_37_903Z-debug-0.log
11 silly logfile done cleaning log files
12 silly packumentCache heap:2348810240 maxSize:587202560 maxEntrySize:293601280
13 silly idealTree buildDeps
14 silly fetch manifest @vitejs/plugin-react@^4.7.0
15 silly packumentCache full:https://registry.npmjs.org/@vitejs%2fplugin-react cache-miss
16 http fetch GET 200 https://registry.npmjs.org/@vitejs%2fplugin-react 234ms (cache miss)
17 silly packumentCache full:https://registry.npmjs.org/@vitejs%2fplugin-react set size:undefined disposed:false
18 silly fetch manifest vite@^6.4.1
19 silly packumentCache full:https://registry.npmjs.org/vite cache-miss
20 http cache https://registry.npmjs.org/vite 85ms (cache hit)
21 silly packumentCache full:https://registry.npmjs.org/vite set size:38745112 disposed:false
22 silly fetch manifest @types/node@^18.13.0
23 silly packumentCache full:https://registry.npmjs.org/@types%2fnode cache-miss
24 http cache https://registry.npmjs.org/@types%2fnode 26ms (cache hit)
25 silly packumentCache full:https://registry.npmjs.org/@types%2fnode set size:10936308 disposed:false
26 silly fetch manifest jiti@>=1.21.0
27 silly packumentCache full:https://registry.npmjs.org/jiti cache-miss
28 http cache https://registry.npmjs.org/jiti 11ms (cache hit)
29 silly packumentCache full:https://registry.npmjs.org/jiti set size:382310 disposed:false
30 silly fetch manifest less@^4.4.2
31 silly packumentCache full:https://registry.npmjs.org/less cache-miss
32 http cache https://registry.npmjs.org/less 9ms (cache hit)
33 silly packumentCache full:https://registry.npmjs.org/less set size:430648 disposed:false
34 silly fetch manifest lightningcss@^1.21.0
35 silly packumentCache full:https://registry.npmjs.org/lightningcss cache-miss
36 http cache https://registry.npmjs.org/lightningcss 5ms (cache hit)
37 silly packumentCache full:https://registry.npmjs.org/lightningcss set size:186753 disposed:false
38 silly fetch manifest sass@*
39 silly packumentCache full:https://registry.npmjs.org/sass cache-miss
40 http cache https://registry.npmjs.org/sass 13ms (cache hit)
41 silly packumentCache full:https://registry.npmjs.org/sass set size:722061 disposed:false
42 silly fetch manifest sass-embedded@*
43 silly packumentCache full:https://registry.npmjs.org/sass-embedded cache-miss
44 http cache https://registry.npmjs.org/sass-embedded 5ms (cache hit)
45 silly packumentCache full:https://registry.npmjs.org/sass-embedded set size:407397 disposed:false
46 silly fetch manifest stylus@*
47 silly packumentCache full:https://registry.npmjs.org/stylus cache-miss
48 http cache https://registry.npmjs.org/stylus 4ms (cache hit)
49 silly packumentCache full:https://registry.npmjs.org/stylus set size:286766 disposed:false
50 silly fetch manifest sugarss@*
51 silly packumentCache full:https://registry.npmjs.org/sugarss cache-miss
52 http cache https://registry.npmjs.org/sugarss 3ms (cache hit)
53 silly packumentCache full:https://registry.npmjs.org/sugarss set size:44975 disposed:false
54 silly fetch manifest postcss@^8.4.31
55 silly packumentCache full:https://registry.npmjs.org/postcss cache-miss
56 http cache https://registry.npmjs.org/postcss 4ms (cache hit)
57 silly packumentCache full:https://registry.npmjs.org/postcss set size:702266 disposed:false
58 silly fetch manifest terser@^5.16.0
59 silly packumentCache full:https://registry.npmjs.org/terser cache-miss
60 http cache https://registry.npmjs.org/terser 5ms (cache hit)
61 silly packumentCache full:https://registry.npmjs.org/terser set size:786629 disposed:false
62 silly fetch manifest tsx@^4.8.1
63 silly packumentCache full:https://registry.npmjs.org/tsx cache-miss
64 http cache https://registry.npmjs.org/tsx 3ms (cache hit)
65 silly packumentCache full:https://registry.npmjs.org/tsx set size:289592 disposed:false
66 silly fetch manifest yaml@^2.4.2
67 silly packumentCache full:https://registry.npmjs.org/yaml cache-miss
68 http cache https://registry.npmjs.org/yaml 4ms (cache hit)
69 silly packumentCache full:https://registry.npmjs.org/yaml set size:361552 disposed:false
70 silly fetch manifest laravel-vite-plugin@^1.3.0
71 silly packumentCache full:https://registry.npmjs.org/laravel-vite-plugin cache-miss
72 http fetch GET 200 https://registry.npmjs.org/laravel-vite-plugin 51ms (cache miss)
73 silly packumentCache full:https://registry.npmjs.org/laravel-vite-plugin set size:undefined disposed:false
74 silly placeDep ROOT @vitejs/plugin-react@4.7.0 REPLACE for:  want: ^4.7.0
75 silly placeDep ROOT laravel-vite-plugin@1.3.0 REPLACE for:  want: ^1.3.0
76 silly reify moves {}
77 silly audit bulk request {
77 silly audit   '@alloc/quick-lru': [ '5.2.0' ],
77 silly audit   '@ampproject/remapping': [ '2.3.0' ],
77 silly audit   '@babel/code-frame': [ '7.27.1' ],
77 silly audit   '@babel/compat-data': [ '7.28.0' ],
77 silly audit   '@babel/core': [ '7.28.3' ],
77 silly audit   '@babel/generator': [ '7.28.3' ],
77 silly audit   '@babel/helper-compilation-targets': [ '7.27.2' ],
77 silly audit   '@babel/helper-globals': [ '7.28.0' ],
77 silly audit   '@babel/helper-module-imports': [ '7.27.1' ],
77 silly audit   '@babel/helper-module-transforms': [ '7.28.3' ],
77 silly audit   '@babel/helper-plugin-utils': [ '7.27.1' ],
77 silly audit   '@babel/helper-string-parser': [ '7.27.1' ],
77 silly audit   '@babel/helper-validator-identifier': [ '7.27.1' ],
77 silly audit   '@babel/helper-validator-option': [ '7.27.1' ],
77 silly audit   '@babel/helpers': [ '7.28.3' ],
77 silly audit   '@babel/parser': [ '7.28.3' ],
77 silly audit   '@babel/plugin-transform-react-jsx-self': [ '7.27.1' ],
77 silly audit   '@babel/plugin-transform-react-jsx-source': [ '7.27.1' ],
77 silly audit   '@babel/runtime': [ '7.28.6' ],
77 silly audit   '@babel/template': [ '7.27.2' ],
77 silly audit   '@babel/traverse': [ '7.28.3' ],
77 silly audit   '@babel/types': [ '7.28.2' ],
77 silly audit   '@date-fns/tz': [ '1.4.1' ],
77 silly audit   '@esbuild/aix-ppc64': [ '0.25.12' ],
77 silly audit   '@esbuild/android-arm': [ '0.25.12' ],
77 silly audit   '@esbuild/android-arm64': [ '0.25.12' ],
77 silly audit   '@esbuild/android-x64': [ '0.25.12' ],
77 silly audit   '@esbuild/darwin-arm64': [ '0.25.12' ],
77 silly audit   '@esbuild/darwin-x64': [ '0.25.12' ],
77 silly audit   '@esbuild/freebsd-arm64': [ '0.25.12' ],
77 silly audit   '@esbuild/freebsd-x64': [ '0.25.12' ],
77 silly audit   '@esbuild/linux-arm': [ '0.25.12' ],
77 silly audit   '@esbuild/linux-arm64': [ '0.25.12' ],
77 silly audit   '@esbuild/linux-ia32': [ '0.25.12' ],
77 silly audit   '@esbuild/linux-loong64': [ '0.25.12' ],
77 silly audit   '@esbuild/linux-mips64el': [ '0.25.12' ],
77 silly audit   '@esbuild/linux-ppc64': [ '0.25.12' ],
77 silly audit   '@esbuild/linux-riscv64': [ '0.25.12' ],
77 silly audit   '@esbuild/linux-s390x': [ '0.25.12' ],
77 silly audit   '@esbuild/linux-x64': [ '0.25.12' ],
77 silly audit   '@esbuild/netbsd-arm64': [ '0.25.12' ],
77 silly audit   '@esbuild/netbsd-x64': [ '0.25.12' ],
77 silly audit   '@esbuild/openbsd-arm64': [ '0.25.12' ],
77 silly audit   '@esbuild/openbsd-x64': [ '0.25.12' ],
77 silly audit   '@esbuild/openharmony-arm64': [ '0.25.12' ],
77 silly audit   '@esbuild/sunos-x64': [ '0.25.12' ],
77 silly audit   '@esbuild/win32-arm64': [ '0.25.12' ],
77 silly audit   '@esbuild/win32-ia32': [ '0.25.12' ],
77 silly audit   '@esbuild/win32-x64': [ '0.25.12' ],
77 silly audit   '@floating-ui/core': [ '1.7.3' ],
77 silly audit   '@floating-ui/dom': [ '1.7.4' ],
77 silly audit   '@floating-ui/react': [ '0.27.16' ],
77 silly audit   '@floating-ui/react-dom': [ '2.1.6' ],
77 silly audit   '@floating-ui/utils': [ '0.2.10' ],
77 silly audit   '@fullcalendar/core': [ '6.1.19' ],
77 silly audit   '@fullcalendar/daygrid': [ '6.1.19' ],
77 silly audit   '@fullcalendar/interaction': [ '6.1.19' ],
77 silly audit   '@fullcalendar/react': [ '6.1.19' ],
77 silly audit   '@fullcalendar/timegrid': [ '6.1.19' ],
77 silly audit   '@headlessui/react': [ '1.7.19' ],
77 silly audit   '@hello-pangea/dnd': [ '18.0.1' ],
77 silly audit   '@inertiajs/core': [ '2.3.17' ],
77 silly audit   '@inertiajs/react': [ '2.3.17' ],
77 silly audit   '@isaacs/cliui': [ '8.0.2' ],
77 silly audit   '@jridgewell/gen-mapping': [ '0.3.13' ],
77 silly audit   '@jridgewell/resolve-uri': [ '3.1.2' ],
77 silly audit   '@jridgewell/sourcemap-codec': [ '1.5.5' ],
77 silly audit   '@jridgewell/trace-mapping': [ '0.3.30' ],
77 silly audit   '@nodelib/fs.scandir': [ '2.1.5' ],
77 silly audit   '@nodelib/fs.stat': [ '2.0.5' ],
77 silly audit   '@nodelib/fs.walk': [ '1.2.8' ],
77 silly audit   '@pkgjs/parseargs': [ '0.11.0' ],
77 silly audit   '@radix-ui/number': [ '1.1.1' ],
77 silly audit   '@radix-ui/primitive': [ '1.1.3' ],
77 silly audit   '@radix-ui/react-alert-dialog': [ '1.1.15' ],
77 silly audit   '@radix-ui/react-arrow': [ '1.1.7' ],
77 silly audit   '@radix-ui/react-avatar': [ '1.1.10' ],
77 silly audit   '@radix-ui/react-checkbox': [ '1.3.3' ],
77 silly audit   '@radix-ui/react-collapsible': [ '1.1.12' ],
77 silly audit   '@radix-ui/react-collection': [ '1.1.7' ],
77 silly audit   '@radix-ui/react-compose-refs': [ '1.1.2' ],
77 silly audit   '@radix-ui/react-context': [ '1.1.2' ],
77 silly audit   '@radix-ui/react-dialog': [ '1.1.15' ],
77 silly audit   '@radix-ui/react-direction': [ '1.1.1' ],
77 silly audit   '@radix-ui/react-dismissable-layer': [ '1.1.11' ],
77 silly audit   '@radix-ui/react-dropdown-menu': [ '2.1.16' ],
77 silly audit   '@radix-ui/react-focus-guards': [ '1.1.3' ],
77 silly audit   '@radix-ui/react-focus-scope': [ '1.1.7' ],
77 silly audit   '@radix-ui/react-id': [ '1.1.1' ],
77 silly audit   '@radix-ui/react-label': [ '2.1.7' ],
77 silly audit   '@radix-ui/react-menu': [ '2.1.16' ],
77 silly audit   '@radix-ui/react-popover': [ '1.1.15' ],
77 silly audit   '@radix-ui/react-popper': [ '1.2.8' ],
77 silly audit   '@radix-ui/react-portal': [ '1.1.9' ],
77 silly audit   '@radix-ui/react-presence': [ '1.1.5' ],
77 silly audit   '@radix-ui/react-primitive': [ '2.1.3' ],
77 silly audit   '@radix-ui/react-radio-group': [ '1.3.8' ],
77 silly audit   '@radix-ui/react-roving-focus': [ '1.1.11' ],
77 silly audit   '@radix-ui/react-scroll-area': [ '1.2.10' ],
77 silly audit   '@radix-ui/react-select': [ '2.2.6' ],
77 silly audit   '@radix-ui/react-separator': [ '1.1.7' ],
77 silly audit   '@radix-ui/react-slider': [ '1.3.6' ],
77 silly audit   '@radix-ui/react-slot': [ '1.2.3' ],
77 silly audit   '@radix-ui/react-switch': [ '1.2.6' ],
77 silly audit   '@radix-ui/react-toggle': [ '1.1.10' ],
77 silly audit   '@radix-ui/react-tooltip': [ '1.2.8' ],
77 silly audit   '@radix-ui/react-use-callback-ref': [ '1.1.1' ],
77 silly audit   '@radix-ui/react-use-controllable-state': [ '1.2.2' ],
77 silly audit   '@radix-ui/react-use-effect-event': [ '0.0.2' ],
77 silly audit   '@radix-ui/react-use-escape-keydown': [ '1.1.1' ],
77 silly audit   '@radix-ui/react-use-is-hydrated': [ '0.1.0' ],
77 silly audit   '@radix-ui/react-use-layout-effect': [ '1.1.1' ],
77 silly audit   '@radix-ui/react-use-previous': [ '1.1.1' ],
77 silly audit   '@radix-ui/react-use-rect': [ '1.1.1' ],
77 silly audit   '@radix-ui/react-use-size': [ '1.1.1' ],
77 silly audit   '@radix-ui/react-visually-hidden': [ '1.2.3' ],
77 silly audit   '@radix-ui/rect': [ '1.1.1' ],
77 silly audit   '@reduxjs/toolkit': [ '2.9.0' ],
77 silly audit   '@remirror/core-constants': [ '3.0.0' ],
77 silly audit   '@rolldown/pluginutils': [ '1.0.0-beta.27' ],
77 silly audit   '@rollup/rollup-android-arm-eabi': [ '4.49.0' ],
77 silly audit   '@rollup/rollup-android-arm64': [ '4.49.0' ],
77 silly audit   '@rollup/rollup-darwin-arm64': [ '4.49.0' ],
77 silly audit   '@rollup/rollup-darwin-x64': [ '4.49.0' ],
77 silly audit   '@rollup/rollup-freebsd-arm64': [ '4.49.0' ],
77 silly audit   '@rollup/rollup-freebsd-x64': [ '4.49.0' ],
77 silly audit   '@rollup/rollup-linux-arm-gnueabihf': [ '4.49.0' ],
77 silly audit   '@rollup/rollup-linux-arm-musleabihf': [ '4.49.0' ],
77 silly audit   '@rollup/rollup-linux-arm64-gnu': [ '4.49.0' ],
77 silly audit   '@rollup/rollup-linux-arm64-musl': [ '4.49.0' ],
77 silly audit   '@rollup/rollup-linux-loongarch64-gnu': [ '4.49.0' ],
77 silly audit   '@rollup/rollup-linux-ppc64-gnu': [ '4.49.0' ],
77 silly audit   '@rollup/rollup-linux-riscv64-gnu': [ '4.49.0' ],
77 silly audit   '@rollup/rollup-linux-riscv64-musl': [ '4.49.0' ],
77 silly audit   '@rollup/rollup-linux-s390x-gnu': [ '4.49.0' ],
77 silly audit   '@rollup/rollup-linux-x64-gnu': [ '4.49.0' ],
77 silly audit   '@rollup/rollup-linux-x64-musl': [ '4.49.0' ],
77 silly audit   '@rollup/rollup-win32-arm64-msvc': [ '4.49.0' ],
77 silly audit   '@rollup/rollup-win32-ia32-msvc': [ '4.49.0' ],
77 silly audit   '@rollup/rollup-win32-x64-msvc': [ '4.49.0' ],
77 silly audit   '@standard-schema/spec': [ '1.0.0' ],
77 silly audit   '@standard-schema/utils': [ '0.3.0' ],
77 silly audit   '@syncfusion/ej2-base': [ '31.2.12' ],
77 silly audit   '@syncfusion/ej2-buttons': [ '31.2.12' ],
77 silly audit   '@syncfusion/ej2-data': [ '31.2.12' ],
77 silly audit   '@syncfusion/ej2-diagrams': [ '31.2.15' ],
77 silly audit   '@syncfusion/ej2-icons': [ '31.2.12' ],
77 silly audit   '@syncfusion/ej2-inputs': [ '31.2.15' ],
77 silly audit   '@syncfusion/ej2-lists': [ '31.2.12' ],
77 silly audit   '@syncfusion/ej2-navigations': [ '31.2.12' ],
77 silly audit   '@syncfusion/ej2-popups': [ '31.2.12' ],
77 silly audit   '@syncfusion/ej2-react-base': [ '31.2.12' ],
77 silly audit   '@syncfusion/ej2-react-diagrams': [ '31.2.15' ],
77 silly audit   '@syncfusion/ej2-react-navigations': [ '31.2.12' ],
77 silly audit   '@syncfusion/ej2-splitbuttons': [ '31.2.12' ],
77 silly audit   '@tailwindcss/forms': [ '0.5.10' ],
77 silly audit   '@tanstack/react-virtual': [ '3.13.12' ],
77 silly audit   '@tanstack/virtual-core': [ '3.13.12' ],
77 silly audit   '@tiptap/core': [ '3.3.0' ],
77 silly audit   '@tiptap/extension-blockquote': [ '3.3.0' ],
77 silly audit   '@tiptap/extension-bold': [ '3.3.0' ],
77 silly audit   '@tiptap/extension-bubble-menu': [ '3.3.0' ],
77 silly audit   '@tiptap/extension-bullet-list': [ '3.3.0' ],
77 silly audit   '@tiptap/extension-code': [ '3.3.0' ],
77 silly audit   '@tiptap/extension-code-block': [ '3.3.0' ],
77 silly audit   '@tiptap/extension-color': [ '3.3.0' ],
77 silly audit   '@tiptap/extension-document': [ '3.3.0' ],
77 silly audit   '@tiptap/extension-dropcursor': [ '3.3.0' ],
77 silly audit   '@tiptap/extension-floating-menu': [ '3.3.0' ],
77 silly audit   '@tiptap/extension-gapcursor': [ '3.3.0' ],
77 silly audit   '@tiptap/extension-hard-break': [ '3.3.0' ],
77 silly audit   '@tiptap/extension-heading': [ '3.3.0' ],
77 silly audit   '@tiptap/extension-highlight': [ '3.3.0' ],
77 silly audit   '@tiptap/extension-horizontal-rule': [ '3.3.0' ],
77 silly audit   '@tiptap/extension-italic': [ '3.3.0' ],
77 silly audit   '@tiptap/extension-link': [ '3.3.0' ],
77 silly audit   '@tiptap/extension-list': [ '3.3.0' ],
77 silly audit   '@tiptap/extension-list-item': [ '3.3.0' ],
77 silly audit   '@tiptap/extension-list-keymap': [ '3.3.0' ],
77 silly audit   '@tiptap/extension-ordered-list': [ '3.3.0' ],
77 silly audit   '@tiptap/extension-paragraph': [ '3.3.0' ],
77 silly audit   '@tiptap/extension-strike': [ '3.3.0' ],
77 silly audit   '@tiptap/extension-text': [ '3.3.0' ],
77 silly audit   '@tiptap/extension-text-align': [ '3.3.0' ],
77 silly audit   '@tiptap/extension-text-style': [ '3.3.0' ],
77 silly audit   '@tiptap/extension-underline': [ '3.3.0' ],
77 silly audit   '@tiptap/extensions': [ '3.3.0' ],
77 silly audit   '@tiptap/pm': [ '3.3.0' ],
77 silly audit   '@tiptap/react': [ '3.3.0' ],
77 silly audit   '@tiptap/starter-kit': [ '3.3.0' ],
77 silly audit   '@types/babel__core': [ '7.20.5' ],
77 silly audit   '@types/babel__generator': [ '7.27.0' ],
77 silly audit   '@types/babel__template': [ '7.4.4' ],
77 silly audit   '@types/babel__traverse': [ '7.28.0' ],
77 silly audit   '@types/d3-array': [ '3.2.2' ],
77 silly audit   '@types/d3-color': [ '3.1.3' ],
77 silly audit   '@types/d3-ease': [ '3.0.2' ],
77 silly audit   '@types/d3-interpolate': [ '3.0.4' ],
77 silly audit   '@types/d3-path': [ '3.1.1' ],
77 silly audit   '@types/d3-scale': [ '4.0.9' ],
77 silly audit   '@types/d3-shape': [ '3.1.7' ],
77 silly audit   '@types/d3-time': [ '3.0.4' ],
77 silly audit   '@types/d3-timer': [ '3.0.2' ],
77 silly audit   '@types/estree': [ '1.0.8' ],
77 silly audit   '@types/jsbarcode': [ '3.11.4' ],
77 silly audit   '@types/linkify-it': [ '5.0.0' ],
77 silly audit   '@types/lodash': [ '4.17.24' ],
77 silly audit   '@types/lodash-es': [ '4.17.12' ],
77 silly audit   '@types/markdown-it': [ '14.1.2' ],
77 silly audit   '@types/mdurl': [ '2.0.0' ],
77 silly audit   '@types/node': [ '18.19.123' ],
77 silly audit   '@types/pako': [ '2.0.4' ],
77 silly audit   '@types/prop-types': [ '15.7.15' ],
77 silly audit   '@types/qrcode': [ '1.5.5' ],
77 silly audit   '@types/raf': [ '3.4.3' ],
77 silly audit   '@types/react': [ '18.3.24' ],
77 silly audit   '@types/react-dom': [ '18.3.7' ],
77 silly audit   '@types/react-google-recaptcha': [ '2.1.9' ],
77 silly audit   '@types/trusted-types': [ '2.0.7' ],
77 silly audit   '@types/use-sync-external-store': [ '0.0.6' ],
77 silly audit   'ansi-regex': [ '6.2.0', '5.0.1' ],
77 silly audit   'ansi-styles': [ '6.2.1', '4.3.0' ],
77 silly audit   'any-promise': [ '1.3.0' ],
77 silly audit   anymatch: [ '3.1.3' ],
77 silly audit   arg: [ '5.0.2' ],
77 silly audit   argparse: [ '2.0.1' ],
77 silly audit   'aria-hidden': [ '1.2.6' ],
77 silly audit   asynckit: [ '0.4.0' ],
77 silly audit   autoprefixer: [ '10.4.21' ],
77 silly audit   axios: [ '1.13.6' ],
77 silly audit   'balanced-match': [ '1.0.2' ],
77 silly audit   'base64-arraybuffer': [ '1.0.2' ],
77 silly audit   'binary-extensions': [ '2.3.0' ],
77 silly audit   'brace-expansion': [ '2.0.2' ],
77 silly audit   braces: [ '3.0.3' ],
77 silly audit   browserslist: [ '4.25.3' ],
77 silly audit   'call-bind-apply-helpers': [ '1.0.2' ],
77 silly audit   'call-bound': [ '1.0.4' ],
77 silly audit   camelcase: [ '5.3.1' ],
77 silly audit   'camelcase-css': [ '2.0.1' ],
77 silly audit   'caniuse-lite': [ '1.0.30001737' ],
77 silly audit   canvg: [ '3.0.11' ],
77 silly audit   chokidar: [ '3.6.0' ],
77 silly audit   'glob-parent': [ '5.1.2', '6.0.2' ],
77 silly audit   'class-variance-authority': [ '0.7.1' ],
77 silly audit   'client-only': [ '0.0.1' ],
77 silly audit   cliui: [ '6.0.0' ],
77 silly audit   'emoji-regex': [ '8.0.0', '9.2.2' ],
77 silly audit   'string-width': [ '4.2.3', '5.1.2' ],
77 silly audit   'strip-ansi': [ '6.0.1', '7.1.0' ],
77 silly audit   'wrap-ansi': [ '6.2.0', '8.1.0', '7.0.0' ],
77 silly audit   clsx: [ '2.1.1' ],
77 silly audit   'color-convert': [ '2.0.1' ],
77 silly audit   'color-name': [ '1.1.4' ],
77 silly audit   'combined-stream': [ '1.0.8' ],
77 silly audit   commander: [ '4.1.1' ],
77 silly audit   'convert-source-map': [ '2.0.0' ],
77 silly audit   'copy-anything': [ '2.0.6' ],
77 silly audit   'core-js': [ '3.45.1' ],
77 silly audit   crelt: [ '1.0.6' ],
77 silly audit   'cross-fetch': [ '4.0.0' ],
77 silly audit   'cross-spawn': [ '7.0.6' ],
77 silly audit   'css-box-model': [ '1.2.1' ],
77 silly audit   'css-line-break': [ '2.1.0' ],
77 silly audit   cssesc: [ '3.0.0' ],
77 silly audit   csstype: [ '3.1.3' ],
77 silly audit   'd3-array': [ '3.2.4' ],
77 silly audit   'd3-color': [ '3.1.0' ],
77 silly audit   'd3-ease': [ '3.0.1' ],
77 silly audit   'd3-format': [ '3.1.0' ],
77 silly audit   'd3-interpolate': [ '3.0.1' ],
77 silly audit   'd3-path': [ '3.1.0' ],
77 silly audit   'd3-scale': [ '4.0.2' ],
77 silly audit   'd3-shape': [ '3.2.0' ],
77 silly audit   'd3-time': [ '3.1.0' ],
77 silly audit   'd3-time-format': [ '4.1.0' ],
77 silly audit   'd3-timer': [ '3.0.1' ],
77 silly audit   'date-fns': [ '3.6.0', '4.1.0' ],
77 silly audit   'date-fns-jalali': [ '4.1.0-0' ],
77 silly audit   debug: [ '4.4.1' ],
77 silly audit   decamelize: [ '1.2.0' ],
77 silly audit   'decimal.js-light': [ '2.5.1' ],
77 silly audit   'delayed-stream': [ '1.0.0' ],
77 silly audit   'detect-node-es': [ '1.1.0' ],
77 silly audit   didyoumean: [ '1.2.2' ],
77 silly audit   dijkstrajs: [ '1.0.3' ],
77 silly audit   dlv: [ '1.1.3' ],
77 silly audit   dompurify: [ '3.3.2' ],
77 silly audit   'dunder-proto': [ '1.0.1' ],
77 silly audit   eastasianwidth: [ '0.2.0' ],
77 silly audit   'electron-to-chromium': [ '1.5.211' ],
77 silly audit   entities: [ '4.5.0' ],
77 silly audit   errno: [ '0.1.8' ],
77 silly audit   'es-define-property': [ '1.0.1' ],
77 silly audit   'es-errors': [ '1.3.0' ],
77 silly audit   'es-object-atoms': [ '1.1.1' ],
77 silly audit   'es-set-tostringtag': [ '2.1.0' ],
77 silly audit   'es-toolkit': [ '1.39.10' ],
77 silly audit   esbuild: [ '0.25.12' ],
77 silly audit   escalade: [ '3.2.0' ],
77 silly audit   'escape-string-regexp': [ '4.0.0' ],
77 silly audit   eventemitter3: [ '5.0.1' ],
77 silly audit   'fast-deep-equal': [ '3.1.3' ],
77 silly audit   'fast-glob': [ '3.3.3' ],
77 silly audit   'fast-png': [ '6.4.0' ],
77 silly audit   fastq: [ '1.19.1' ],
77 silly audit   fflate: [ '0.8.2' ],
77 silly audit   'fill-range': [ '7.1.1' ],
77 silly audit   'find-up': [ '4.1.0' ],
77 silly audit   'follow-redirects': [ '1.15.11' ],
77 silly audit   'foreground-child': [ '3.3.1' ],
77 silly audit   'form-data': [ '4.0.5' ],
77 silly audit   'fraction.js': [ '4.3.7' ],
77 silly audit   fsevents: [ '2.3.3' ],
77 silly audit   'function-bind': [ '1.1.2' ],
77 silly audit   gensync: [ '1.0.0-beta.2' ],
77 silly audit   'get-caller-file': [ '2.0.5' ],
77 silly audit   'get-intrinsic': [ '1.3.0' ],
77 silly audit   'get-nonce': [ '1.0.1' ],
77 silly audit   'get-proto': [ '1.0.1' ],
77 silly audit   glob: [ '10.5.0' ],
77 silly audit   gopd: [ '1.2.0' ],
77 silly audit   'graceful-fs': [ '4.2.11' ],
77 silly audit   'has-symbols': [ '1.1.0' ],
77 silly audit   'has-tostringtag': [ '1.0.2' ],
77 silly audit   hasown: [ '2.0.2' ],
77 silly audit   'hoist-non-react-statics': [ '3.3.2' ],
77 silly audit   'html-parse-stringify': [ '3.0.1' ],
77 silly audit   html2canvas: [ '1.4.1' ],
77 silly audit   'html2pdf.js': [ '0.14.0' ],
77 silly audit   i18next: [ '25.4.2' ],
77 silly audit   'i18next-browser-languagedetector': [ '8.2.0' ],
77 silly audit   'i18next-http-backend': [ '3.0.2' ],
77 silly audit   'iconv-lite': [ '0.6.3' ],
77 silly audit   'image-size': [ '0.5.5' ],
77 silly audit   immer: [ '10.1.3' ],
77 silly audit   internmap: [ '2.0.3' ],
77 silly audit   iobuffer: [ '5.4.0' ],
77 silly audit   'is-binary-path': [ '2.1.0' ],
77 silly audit   'is-core-module': [ '2.16.1' ],
77 silly audit   'is-extglob': [ '2.1.1' ],
77 silly audit   'is-fullwidth-code-point': [ '3.0.0' ],
77 silly audit   'is-glob': [ '4.0.3' ],
77 silly audit   'is-number': [ '7.0.0' ],
77 silly audit   'is-what': [ '3.14.1' ],
77 silly audit   isexe: [ '2.0.0' ],
77 silly audit   jackspeak: [ '3.4.3' ],
77 silly audit   jiti: [ '1.21.7' ],
77 silly audit   'js-tokens': [ '4.0.0' ],
77 silly audit   jsbarcode: [ '3.12.1' ],
77 silly audit   jsesc: [ '3.1.0' ],
77 silly audit   json5: [ '2.2.3' ],
77 silly audit   jspdf: [ '4.2.0' ],
77 silly audit   'jspdf-autotable': [ '5.0.7' ],
77 silly audit   'laravel-echo': [ '1.19.0' ],
77 silly audit   'laravel-precognition': [ '1.0.2' ],
77 silly audit   less: [ '4.4.2' ],
77 silly audit   lilconfig: [ '3.1.3' ],
77 silly audit   'lines-and-columns': [ '1.2.4' ],
77 silly audit   'linkify-it': [ '5.0.0' ],
77 silly audit   linkifyjs: [ '4.3.2' ],
77 silly audit   'locate-path': [ '5.0.0' ],
77 silly audit   'lodash-es': [ '4.17.23' ],
77 silly audit   'loose-envify': [ '1.4.0' ],
77 silly audit   'lru-cache': [ '5.1.1', '10.4.3' ],
77 silly audit   'lucide-react': [ '0.378.0' ],
77 silly audit   'make-dir': [ '2.1.0' ],
77 silly audit   pify: [ '4.0.1', '2.3.0' ],
77 silly audit   semver: [ '5.7.2', '6.3.1' ],
77 silly audit   'markdown-it': [ '14.1.0' ],
77 silly audit   'math-intrinsics': [ '1.1.0' ],
77 silly audit   mdurl: [ '2.0.0' ],
77 silly audit   merge2: [ '1.4.1' ],
77 silly audit   micromatch: [ '4.0.8' ],
77 silly audit   mime: [ '1.6.0' ],
77 silly audit   'mime-db': [ '1.52.0' ],
77 silly audit   'mime-types': [ '2.1.35' ],
77 silly audit   'mini-svg-data-uri': [ '1.4.4' ],
77 silly audit   minimatch: [ '9.0.5' ],
77 silly audit   minipass: [ '7.1.2' ],
77 silly audit   ms: [ '2.1.3' ],
77 silly audit   mz: [ '2.7.0' ],
77 silly audit   nanoid: [ '3.3.11' ],
77 silly audit   needle: [ '3.3.1' ],
77 silly audit   'next-themes': [ '0.3.0' ],
77 silly audit   'node-fetch': [ '2.7.0' ],
77 silly audit   'node-releases': [ '2.0.19' ],
77 silly audit   'normalize-path': [ '3.0.0' ],
77 silly audit   'normalize-range': [ '0.1.2' ],
77 silly audit   'object-assign': [ '4.1.1' ],
77 silly audit   'object-hash': [ '3.0.0' ],
77 silly audit   'object-inspect': [ '1.13.4' ],
77 silly audit   orderedmap: [ '2.1.1' ],
77 silly audit   'p-limit': [ '2.3.0' ],
77 silly audit   'p-locate': [ '4.1.0' ],
77 silly audit   'p-try': [ '2.2.0' ],
77 silly audit   'package-json-from-dist': [ '1.0.1' ],
77 silly audit   pako: [ '2.1.0' ],
77 silly audit   'parse-node-version': [ '1.0.1' ],
77 silly audit   'path-exists': [ '4.0.0' ],
77 silly audit   'path-key': [ '3.1.1' ],
77 silly audit   'path-parse': [ '1.0.7' ],
77 silly audit   'path-scurry': [ '1.11.1' ],
77 silly audit   'performance-now': [ '2.1.0' ],
77 silly audit   picocolors: [ '1.1.1' ],
77 silly audit   picomatch: [ '2.3.1', '4.0.3' ],
77 silly audit   pirates: [ '4.0.7' ],
77 silly audit   pngjs: [ '5.0.0' ],
77 silly audit   postcss: [ '8.5.6' ],
77 silly audit   'postcss-import': [ '15.1.0' ],
77 silly audit   'postcss-js': [ '4.0.1' ],
77 silly audit   'postcss-load-config': [ '4.0.2' ],
77 silly audit   'postcss-nested': [ '6.2.0' ],
77 silly audit   'postcss-selector-parser': [ '6.1.2' ],
77 silly audit   'postcss-value-parser': [ '4.2.0' ],
77 silly audit   preact: [ '10.12.1' ],
77 silly audit   'prop-types': [ '15.8.1' ],
77 silly audit   'prosemirror-changeset': [ '2.3.1' ],
77 silly audit   'prosemirror-collab': [ '1.3.1' ],
77 silly audit   'prosemirror-commands': [ '1.7.1' ],
77 silly audit   'prosemirror-dropcursor': [ '1.8.2' ],
77 silly audit   'prosemirror-gapcursor': [ '1.3.2' ],
77 silly audit   'prosemirror-history': [ '1.4.1' ],
77 silly audit   'prosemirror-inputrules': [ '1.5.0' ],
77 silly audit   'prosemirror-keymap': [ '1.2.3' ],
77 silly audit   'prosemirror-markdown': [ '1.13.2' ],
77 silly audit   'prosemirror-menu': [ '1.2.5' ],
77 silly audit   'prosemirror-model': [ '1.25.3' ],
77 silly audit   'prosemirror-schema-basic': [ '1.2.4' ],
77 silly audit   'prosemirror-schema-list': [ '1.5.1' ],
77 silly audit   'prosemirror-state': [ '1.4.3' ],
77 silly audit   'prosemirror-tables': [ '1.8.1' ],
77 silly audit   'prosemirror-trailing-node': [ '3.0.0' ],
77 silly audit   'prosemirror-transform': [ '1.10.4' ],
77 silly audit   'prosemirror-view': [ '1.40.1' ],
77 silly audit   'proxy-from-env': [ '1.1.0' ],
77 silly audit   prr: [ '1.0.1' ],
77 silly audit   'punycode.js': [ '2.3.1' ],
77 silly audit   'pusher-js': [ '8.4.0' ],
77 silly audit   qrcode: [ '1.5.4' ],
77 silly audit   qs: [ '6.15.0' ],
77 silly audit   'queue-microtask': [ '1.2.3' ],
77 silly audit   raf: [ '3.4.1' ],
77 silly audit   'raf-schd': [ '4.0.3' ],
77 silly audit   react: [ '18.3.1' ],
77 silly audit   'react-async-script': [ '1.2.0' ],
77 silly audit   'react-datepicker': [ '8.7.0' ],
77 silly audit   'react-day-picker': [ '9.9.0' ],
77 silly audit   'react-dom': [ '18.3.1' ],
77 silly audit   'react-google-recaptcha': [ '3.1.0' ],
77 silly audit   'react-i18next': [ '15.7.2' ],
77 silly audit   'react-is': [ '16.13.1' ],
77 silly audit   'react-redux': [ '9.2.0' ],
77 silly audit   'react-refresh': [ '0.17.0' ],
77 silly audit   'react-remove-scroll': [ '2.7.1' ],
77 silly audit   'react-remove-scroll-bar': [ '2.3.8' ],
77 silly audit   'react-signature-canvas': [ '1.0.7' ],
77 silly audit   'react-style-singleton': [ '2.2.3' ],
77 silly audit   'read-cache': [ '1.0.0' ],
77 silly audit   readdirp: [ '3.6.0' ],
77 silly audit   recharts: [ '3.2.0' ],
77 silly audit   redux: [ '5.0.1' ],
77 silly audit   'redux-thunk': [ '3.1.0' ],
77 silly audit   'regenerator-runtime': [ '0.13.11' ],
77 silly audit   'require-directory': [ '2.1.1' ],
77 silly audit   'require-main-filename': [ '2.0.0' ],
77 silly audit   reselect: [ '5.1.1' ],
77 silly audit   resolve: [ '1.22.10' ],
77 silly audit   reusify: [ '1.1.0' ],
77 silly audit   rgbcolor: [ '1.0.1' ],
77 silly audit   rollup: [ '4.49.0' ],
77 silly audit   'rope-sequence': [ '1.3.4' ],
77 silly audit   'run-parallel': [ '1.2.0' ],
77 silly audit   'safer-buffer': [ '2.1.2' ],
77 silly audit   sax: [ '1.4.3' ],
77 silly audit   scheduler: [ '0.23.2' ],
77 silly audit   'set-blocking': [ '2.0.0' ],
77 silly audit   'shebang-command': [ '2.0.0' ],
77 silly audit   'shebang-regex': [ '3.0.0' ],
77 silly audit   'side-channel': [ '1.1.0' ],
77 silly audit   'side-channel-list': [ '1.0.0' ],
77 silly audit   'side-channel-map': [ '1.0.1' ],
77 silly audit   'side-channel-weakmap': [ '1.0.2' ],
77 silly audit   'signal-exit': [ '4.1.0' ],
77 silly audit   signature_pad: [ '2.3.2' ],
77 silly audit   sonner: [ '2.0.7' ],
77 silly audit   'source-map': [ '0.6.1' ],
77 silly audit   'source-map-js': [ '1.2.1' ],
77 silly audit   'stackblur-canvas': [ '2.7.0' ],
77 silly audit   sucrase: [ '3.35.0' ],
77 silly audit   'supports-preserve-symlinks-flag': [ '1.0.0' ],
77 silly audit   'svg-pathdata': [ '6.0.3' ],
77 silly audit   tabbable: [ '6.2.0' ],
77 silly audit   'tailwind-merge': [ '2.6.0' ],
77 silly audit   tailwindcss: [ '3.4.17' ],
77 silly audit   'tailwindcss-animate': [ '1.0.7' ],
77 silly audit   'text-segmentation': [ '1.0.3' ],
77 silly audit   thenify: [ '3.3.1' ],
77 silly audit   'thenify-all': [ '1.6.0' ],
77 silly audit   'tiny-invariant': [ '1.3.3' ],
77 silly audit   tinyglobby: [ '0.2.15' ],
77 silly audit   fdir: [ '6.5.0' ],
77 silly audit   'to-regex-range': [ '5.0.1' ],
77 silly audit   tr46: [ '0.0.3' ],
77 silly audit   'trim-canvas': [ '0.1.2' ],
77 silly audit   'ts-interface-checker': [ '0.1.13' ],
77 silly audit   tslib: [ '2.8.1' ],
77 silly audit   tweetnacl: [ '1.0.3' ],
77 silly audit   typescript: [ '5.9.2' ],
77 silly audit   'uc.micro': [ '2.1.0' ],
77 silly audit   'undici-types': [ '5.26.5' ],
77 silly audit   'unicode-emoji-json': [ '0.8.0' ],
77 silly audit   'update-browserslist-db': [ '1.1.3' ],
77 silly audit   'use-callback-ref': [ '1.3.3' ],
77 silly audit   'use-sidecar': [ '1.1.3' ],
77 silly audit   'use-sync-external-store': [ '1.5.0' ],
77 silly audit   'util-deprecate': [ '1.0.2' ],
77 silly audit   utrie: [ '1.0.2' ],
77 silly audit   'victory-vendor': [ '37.3.6' ],
77 silly audit   vite: [ '6.4.1' ],
77 silly audit   'vite-plugin-full-reload': [ '1.2.0' ],
77 silly audit   'void-elements': [ '3.1.0' ],
77 silly audit   'w3c-keyname': [ '2.2.8' ],
77 silly audit   'webidl-conversions': [ '3.0.1' ],
77 silly audit   'whatwg-url': [ '5.0.0' ],
77 silly audit   which: [ '2.0.2' ],
77 silly audit   'which-module': [ '2.0.1' ],
77 silly audit   y18n: [ '4.0.3' ],
77 silly audit   yallist: [ '3.1.1' ],
77 silly audit   yaml: [ '2.8.1' ],
77 silly audit   yargs: [ '15.4.1' ],
77 silly audit   'yargs-parser': [ '18.1.3' ],
77 silly audit   '@vitejs/plugin-react': [ '4.7.0' ],
77 silly audit   'laravel-vite-plugin': [ '1.3.0' ]
77 silly audit }
78 http fetch POST 200 https://registry.npmjs.org/-/npm/v1/security/advisories/bulk 259ms
79 silly audit report {
79 silly audit report   'markdown-it': [
79 silly audit report     {
79 silly audit report       id: 1113190,
79 silly audit report       url: 'https://github.com/advisories/GHSA-38c4-r59v-3vqw',
79 silly audit report       title: 'markdown-it is has a Regular Expression Denial of Service (ReDoS)',
79 silly audit report       severity: 'moderate',
79 silly audit report       vulnerable_versions: '>=13.0.0 <14.1.1',
79 silly audit report       cwe: [Array],
79 silly audit report       cvss: [Object]
79 silly audit report     }
79 silly audit report   ],
79 silly audit report   minimatch: [
79 silly audit report     {
79 silly audit report       id: 1113465,
79 silly audit report       url: 'https://github.com/advisories/GHSA-3ppc-4f35-3m26',
79 silly audit report       title: 'minimatch has a ReDoS via repeated wildcards with non-matching literal in pattern',
79 silly audit report       severity: 'high',
79 silly audit report       vulnerable_versions: '>=9.0.0 <9.0.6',
79 silly audit report       cwe: [Array],
79 silly audit report       cvss: [Object]
79 silly audit report     },
79 silly audit report     {
79 silly audit report       id: 1113544,
79 silly audit report       url: 'https://github.com/advisories/GHSA-7r86-cg39-jmmj',
79 silly audit report       title: 'minimatch has ReDoS: matchOne() combinatorial backtracking via multiple non-adjacent GLOBSTAR segments',
79 silly audit report       severity: 'high',
79 silly audit report       vulnerable_versions: '>=9.0.0 <9.0.7',
79 silly audit report       cwe: [Array],
79 silly audit report       cvss: [Object]
79 silly audit report     },
79 silly audit report     {
79 silly audit report       id: 1113552,
79 silly audit report       url: 'https://github.com/advisories/GHSA-23c5-xmqv-rm74',
79 silly audit report       title: 'minimatch ReDoS: nested *() extglobs generate catastrophically backtracking regular expressions',
79 silly audit report       severity: 'high',
79 silly audit report       vulnerable_versions: '>=9.0.0 <9.0.7',
79 silly audit report       cwe: [Array],
79 silly audit report       cvss: [Object]
79 silly audit report     }
79 silly audit report   ],
79 silly audit report   rollup: [
79 silly audit report     {
79 silly audit report       id: 1113515,
79 silly audit report       url: 'https://github.com/advisories/GHSA-mw96-cpmx-2vgc',
79 silly audit report       title: 'Rollup 4 has Arbitrary File Write via Path Traversal',
79 silly audit report       severity: 'high',
79 silly audit report       vulnerable_versions: '>=4.0.0 <4.59.0',
79 silly audit report       cwe: [Array],
79 silly audit report       cvss: [Object]
79 silly audit report     }
79 silly audit report   ]
79 silly audit report }
80 silly packumentCache corgi:https://registry.npmjs.org/markdown-it cache-miss
81 silly packumentCache corgi:https://registry.npmjs.org/minimatch cache-miss
82 silly packumentCache corgi:https://registry.npmjs.org/rollup cache-miss
83 http cache https://registry.npmjs.org/minimatch 27ms (cache hit)
84 silly packumentCache corgi:https://registry.npmjs.org/minimatch set size:167610 disposed:false
85 http cache https://registry.npmjs.org/markdown-it 30ms (cache hit)
86 silly packumentCache corgi:https://registry.npmjs.org/markdown-it set size:123533 disposed:false
87 http cache https://registry.npmjs.org/rollup 34ms (cache hit)
88 silly packumentCache corgi:https://registry.npmjs.org/rollup set size:2543476 disposed:false
89 silly packumentCache corgi:https://registry.npmjs.org/prosemirror-markdown cache-miss
90 http cache https://registry.npmjs.org/prosemirror-markdown 4ms (cache hit)
91 silly packumentCache corgi:https://registry.npmjs.org/prosemirror-markdown set size:74370 disposed:false
92 silly packumentCache corgi:https://registry.npmjs.org/glob cache-miss
93 http cache https://registry.npmjs.org/glob 3ms (cache hit)
94 silly packumentCache corgi:https://registry.npmjs.org/glob set size:199194 disposed:false
95 silly packumentCache corgi:https://registry.npmjs.org/vite cache-miss
96 http cache https://registry.npmjs.org/vite 9ms (cache hit)
97 silly packumentCache corgi:https://registry.npmjs.org/vite set size:2196538 disposed:false
98 verbose cwd C:\xampp\htdocs\repo\kyro-3
99 verbose os Windows_NT 10.0.26200
100 verbose node v25.7.0
101 verbose npm  v11.10.1
102 verbose exit 0
103 info ok
