0 verbose cli C:\Program Files\nodejs\node.exe C:\Program Files\nodejs\node_modules\npm\bin\npm-cli.js
1 info using npm@11.10.1
2 info using node@v25.7.0
3 silly config load:file:C:\Program Files\nodejs\node_modules\npm\npmrc
4 silly config load:file:C:\xampp\htdocs\repo\kyro-3\.npmrc
5 silly config load:file:C:\Users\Dansa\.npmrc
6 silly config load:file:C:\Users\Dansa\AppData\Roaming\npm\etc\npmrc
7 verbose title npm install
8 verbose argv "install"
9 verbose logfile logs-max:10 dir:C:\xampp\htdocs\repo\kyro-3\.npm-cache\_logs\2026-03-10T04_48_36_449Z-
10 verbose logfile C:\xampp\htdocs\repo\kyro-3\.npm-cache\_logs\2026-03-10T04_48_36_449Z-debug-0.log
11 silly logfile done cleaning log files
12 silly packumentCache heap:2348810240 maxSize:587202560 maxEntrySize:293601280
13 silly idealTree buildDeps
14 silly fetch manifest minimatch@^9.0.7
15 silly packumentCache full:https://registry.npmjs.org/minimatch cache-miss
16 http fetch GET 200 https://registry.npmjs.org/minimatch 944ms (cache miss)
17 silly packumentCache full:https://registry.npmjs.org/minimatch set size:undefined disposed:false
18 silly placeDep ROOT minimatch@9.0.9 REPLACE for: glob@10.5.0 want: ^9.0.7
19 silly fetch manifest markdown-it@^14.1.1
20 silly packumentCache full:https://registry.npmjs.org/markdown-it cache-miss
21 http fetch GET 200 https://registry.npmjs.org/markdown-it 297ms (cache miss)
22 silly packumentCache full:https://registry.npmjs.org/markdown-it set size:undefined disposed:false
23 silly placeDep ROOT markdown-it@14.1.1 REPLACE for: prosemirror-markdown@1.13.2 want: ^14.1.1
24 silly fetch manifest rollup@^4.59.0
25 silly packumentCache full:https://registry.npmjs.org/rollup cache-miss
26 http fetch GET 200 https://registry.npmjs.org/rollup 412ms (cache miss)
27 silly packumentCache full:https://registry.npmjs.org/rollup set size:undefined disposed:false
28 silly placeDep ROOT rollup@4.59.0 REPLACE for: vite@6.4.1 want: ^4.59.0
29 silly fetch manifest @rollup/rollup-darwin-arm64@4.59.0
30 silly packumentCache full:https://registry.npmjs.org/@rollup%2frollup-darwin-arm64 cache-miss
31 silly fetch manifest @rollup/rollup-android-arm64@4.59.0
32 silly packumentCache full:https://registry.npmjs.org/@rollup%2frollup-android-arm64 cache-miss
33 silly fetch manifest @rollup/rollup-win32-arm64-msvc@4.59.0
34 silly packumentCache full:https://registry.npmjs.org/@rollup%2frollup-win32-arm64-msvc cache-miss
35 silly fetch manifest @rollup/rollup-freebsd-arm64@4.59.0
36 silly packumentCache full:https://registry.npmjs.org/@rollup%2frollup-freebsd-arm64 cache-miss
37 silly fetch manifest @rollup/rollup-linux-arm64-gnu@4.59.0
38 silly packumentCache full:https://registry.npmjs.org/@rollup%2frollup-linux-arm64-gnu cache-miss
39 silly fetch manifest @rollup/rollup-linux-arm64-musl@4.59.0
40 silly packumentCache full:https://registry.npmjs.org/@rollup%2frollup-linux-arm64-musl cache-miss
41 silly fetch manifest @rollup/rollup-android-arm-eabi@4.59.0
42 silly packumentCache full:https://registry.npmjs.org/@rollup%2frollup-android-arm-eabi cache-miss
43 silly fetch manifest @rollup/rollup-linux-arm-gnueabihf@4.59.0
44 silly packumentCache full:https://registry.npmjs.org/@rollup%2frollup-linux-arm-gnueabihf cache-miss
45 silly fetch manifest @rollup/rollup-linux-arm-musleabihf@4.59.0
46 silly packumentCache full:https://registry.npmjs.org/@rollup%2frollup-linux-arm-musleabihf cache-miss
47 silly fetch manifest @rollup/rollup-win32-ia32-msvc@4.59.0
48 silly packumentCache full:https://registry.npmjs.org/@rollup%2frollup-win32-ia32-msvc cache-miss
49 silly fetch manifest @rollup/rollup-linux-loong64-gnu@4.59.0
50 silly packumentCache full:https://registry.npmjs.org/@rollup%2frollup-linux-loong64-gnu cache-miss
51 http fetch GET 200 https://registry.npmjs.org/@rollup%2frollup-darwin-arm64 111ms (cache miss)
52 silly packumentCache full:https://registry.npmjs.org/@rollup%2frollup-darwin-arm64 set size:undefined disposed:false
53 silly fetch manifest @rollup/rollup-linux-loong64-musl@4.59.0
54 silly packumentCache full:https://registry.npmjs.org/@rollup%2frollup-linux-loong64-musl cache-miss
55 http fetch GET 200 https://registry.npmjs.org/@rollup%2frollup-win32-arm64-msvc 171ms (cache miss)
56 silly packumentCache full:https://registry.npmjs.org/@rollup%2frollup-win32-arm64-msvc set size:undefined disposed:false
57 silly fetch manifest @rollup/rollup-linux-riscv64-gnu@4.59.0
58 silly packumentCache full:https://registry.npmjs.org/@rollup%2frollup-linux-riscv64-gnu cache-miss
59 http fetch GET 200 https://registry.npmjs.org/@rollup%2frollup-android-arm-eabi 183ms (cache miss)
60 silly packumentCache full:https://registry.npmjs.org/@rollup%2frollup-android-arm-eabi set size:undefined disposed:false
61 silly fetch manifest @rollup/rollup-linux-riscv64-musl@4.59.0
62 silly packumentCache full:https://registry.npmjs.org/@rollup%2frollup-linux-riscv64-musl cache-miss
63 http fetch GET 200 https://registry.npmjs.org/@rollup%2frollup-linux-arm-musleabihf 199ms (cache miss)
64 silly packumentCache full:https://registry.npmjs.org/@rollup%2frollup-linux-arm-musleabihf set size:undefined disposed:false
65 silly fetch manifest @rollup/rollup-linux-ppc64-gnu@4.59.0
66 silly packumentCache full:https://registry.npmjs.org/@rollup%2frollup-linux-ppc64-gnu cache-miss
67 http fetch GET 200 https://registry.npmjs.org/@rollup%2frollup-freebsd-arm64 209ms (cache miss)
68 silly packumentCache full:https://registry.npmjs.org/@rollup%2frollup-freebsd-arm64 set size:undefined disposed:false
69 silly fetch manifest @rollup/rollup-linux-ppc64-musl@4.59.0
70 silly packumentCache full:https://registry.npmjs.org/@rollup%2frollup-linux-ppc64-musl cache-miss
71 http fetch GET 200 https://registry.npmjs.org/@rollup%2frollup-linux-loong64-musl 98ms (cache miss)
72 silly packumentCache full:https://registry.npmjs.org/@rollup%2frollup-linux-loong64-musl set size:undefined disposed:false
73 silly fetch manifest @rollup/rollup-linux-s390x-gnu@4.59.0
74 silly packumentCache full:https://registry.npmjs.org/@rollup%2frollup-linux-s390x-gnu cache-miss
75 http fetch GET 200 https://registry.npmjs.org/@rollup%2frollup-linux-arm64-musl 217ms (cache miss)
76 silly packumentCache full:https://registry.npmjs.org/@rollup%2frollup-linux-arm64-musl set size:undefined disposed:false
77 silly fetch manifest @rollup/rollup-darwin-x64@4.59.0
78 silly packumentCache full:https://registry.npmjs.org/@rollup%2frollup-darwin-x64 cache-miss
79 http fetch GET 200 https://registry.npmjs.org/@rollup%2frollup-linux-arm64-gnu 224ms (cache miss)
80 silly packumentCache full:https://registry.npmjs.org/@rollup%2frollup-linux-arm64-gnu set size:undefined disposed:false
81 silly fetch manifest @rollup/rollup-win32-x64-gnu@4.59.0
82 silly packumentCache full:https://registry.npmjs.org/@rollup%2frollup-win32-x64-gnu cache-miss
83 http fetch GET 200 https://registry.npmjs.org/@rollup%2frollup-linux-arm-gnueabihf 226ms (cache miss)
84 silly packumentCache full:https://registry.npmjs.org/@rollup%2frollup-linux-arm-gnueabihf set size:undefined disposed:false
85 silly fetch manifest @rollup/rollup-win32-x64-msvc@4.59.0
86 silly packumentCache full:https://registry.npmjs.org/@rollup%2frollup-win32-x64-msvc cache-miss
87 http fetch GET 200 https://registry.npmjs.org/@rollup%2frollup-linux-loong64-gnu 230ms (cache miss)
88 silly packumentCache full:https://registry.npmjs.org/@rollup%2frollup-linux-loong64-gnu set size:undefined disposed:false
89 silly fetch manifest @rollup/rollup-freebsd-x64@4.59.0
90 silly packumentCache full:https://registry.npmjs.org/@rollup%2frollup-freebsd-x64 cache-miss
91 http fetch GET 200 https://registry.npmjs.org/@rollup%2frollup-android-arm64 235ms (cache miss)
92 silly packumentCache full:https://registry.npmjs.org/@rollup%2frollup-android-arm64 set size:undefined disposed:false
93 silly fetch manifest @rollup/rollup-linux-x64-gnu@4.59.0
94 silly packumentCache full:https://registry.npmjs.org/@rollup%2frollup-linux-x64-gnu cache-miss
95 http fetch GET 200 https://registry.npmjs.org/@rollup%2frollup-win32-ia32-msvc 241ms (cache miss)
96 silly packumentCache full:https://registry.npmjs.org/@rollup%2frollup-win32-ia32-msvc set size:undefined disposed:false
97 silly fetch manifest @rollup/rollup-linux-x64-musl@4.59.0
98 silly packumentCache full:https://registry.npmjs.org/@rollup%2frollup-linux-x64-musl cache-miss
99 http fetch GET 200 https://registry.npmjs.org/@rollup%2frollup-linux-riscv64-musl 63ms (cache miss)
100 silly packumentCache full:https://registry.npmjs.org/@rollup%2frollup-linux-riscv64-musl set size:undefined disposed:false
101 silly fetch manifest @rollup/rollup-openbsd-x64@4.59.0
102 silly packumentCache full:https://registry.npmjs.org/@rollup%2frollup-openbsd-x64 cache-miss
103 http fetch GET 200 https://registry.npmjs.org/@rollup%2frollup-linux-riscv64-gnu 77ms (cache miss)
104 silly packumentCache full:https://registry.npmjs.org/@rollup%2frollup-linux-riscv64-gnu set size:undefined disposed:false
105 silly fetch manifest @rollup/rollup-openharmony-arm64@4.59.0
106 silly packumentCache full:https://registry.npmjs.org/@rollup%2frollup-openharmony-arm64 cache-miss
107 http fetch GET 200 https://registry.npmjs.org/@rollup%2frollup-linux-ppc64-gnu 63ms (cache miss)
108 silly packumentCache full:https://registry.npmjs.org/@rollup%2frollup-linux-ppc64-gnu set size:undefined disposed:false
109 http fetch GET 200 https://registry.npmjs.org/@rollup%2frollup-linux-s390x-gnu 69ms (cache miss)
110 silly packumentCache full:https://registry.npmjs.org/@rollup%2frollup-linux-s390x-gnu set size:undefined disposed:false
111 http fetch GET 200 https://registry.npmjs.org/@rollup%2frollup-darwin-x64 74ms (cache miss)
112 silly packumentCache full:https://registry.npmjs.org/@rollup%2frollup-darwin-x64 set size:undefined disposed:false
113 http fetch GET 200 https://registry.npmjs.org/@rollup%2frollup-win32-x64-gnu 73ms (cache miss)
114 silly packumentCache full:https://registry.npmjs.org/@rollup%2frollup-win32-x64-gnu set size:undefined disposed:false
115 http fetch GET 200 https://registry.npmjs.org/@rollup%2frollup-linux-ppc64-musl 97ms (cache miss)
116 silly packumentCache full:https://registry.npmjs.org/@rollup%2frollup-linux-ppc64-musl set size:undefined disposed:false
117 http fetch GET 200 https://registry.npmjs.org/@rollup%2frollup-win32-x64-msvc 84ms (cache miss)
118 silly packumentCache full:https://registry.npmjs.org/@rollup%2frollup-win32-x64-msvc set size:undefined disposed:false
119 http fetch GET 200 https://registry.npmjs.org/@rollup%2frollup-linux-x64-gnu 82ms (cache miss)
120 silly packumentCache full:https://registry.npmjs.org/@rollup%2frollup-linux-x64-gnu set size:undefined disposed:false
121 http fetch GET 200 https://registry.npmjs.org/@rollup%2frollup-openbsd-x64 72ms (cache miss)
122 silly packumentCache full:https://registry.npmjs.org/@rollup%2frollup-openbsd-x64 set size:undefined disposed:false
123 http fetch GET 200 https://registry.npmjs.org/@rollup%2frollup-freebsd-x64 92ms (cache miss)
124 silly packumentCache full:https://registry.npmjs.org/@rollup%2frollup-freebsd-x64 set size:undefined disposed:false
125 http fetch GET 200 https://registry.npmjs.org/@rollup%2frollup-linux-x64-musl 85ms (cache miss)
126 silly packumentCache full:https://registry.npmjs.org/@rollup%2frollup-linux-x64-musl set size:undefined disposed:false
127 http fetch GET 200 https://registry.npmjs.org/@rollup%2frollup-openharmony-arm64 129ms (cache miss)
128 silly packumentCache full:https://registry.npmjs.org/@rollup%2frollup-openharmony-arm64 set size:undefined disposed:false
129 silly placeDep ROOT @rollup/rollup-android-arm-eabi@4.59.0 OK for: rollup@4.59.0 want: 4.59.0
130 silly placeDep ROOT @rollup/rollup-android-arm64@4.59.0 OK for: rollup@4.59.0 want: 4.59.0
131 silly placeDep ROOT @rollup/rollup-darwin-arm64@4.59.0 OK for: rollup@4.59.0 want: 4.59.0
132 silly placeDep ROOT @rollup/rollup-darwin-x64@4.59.0 OK for: rollup@4.59.0 want: 4.59.0
133 silly placeDep ROOT @rollup/rollup-freebsd-arm64@4.59.0 OK for: rollup@4.59.0 want: 4.59.0
134 silly placeDep ROOT @rollup/rollup-freebsd-x64@4.59.0 OK for: rollup@4.59.0 want: 4.59.0
135 silly placeDep ROOT @rollup/rollup-linux-arm-gnueabihf@4.59.0 OK for: rollup@4.59.0 want: 4.59.0
136 silly placeDep ROOT @rollup/rollup-linux-arm-musleabihf@4.59.0 OK for: rollup@4.59.0 want: 4.59.0
137 silly placeDep ROOT @rollup/rollup-linux-arm64-gnu@4.59.0 OK for: rollup@4.59.0 want: 4.59.0
138 silly placeDep ROOT @rollup/rollup-linux-arm64-musl@4.59.0 OK for: rollup@4.59.0 want: 4.59.0
139 silly placeDep ROOT @rollup/rollup-linux-loong64-gnu@4.59.0 OK for: rollup@4.59.0 want: 4.59.0
140 silly placeDep ROOT @rollup/rollup-linux-loong64-musl@4.59.0 OK for: rollup@4.59.0 want: 4.59.0
141 silly placeDep ROOT @rollup/rollup-linux-ppc64-gnu@4.59.0 OK for: rollup@4.59.0 want: 4.59.0
142 silly placeDep ROOT @rollup/rollup-linux-ppc64-musl@4.59.0 OK for: rollup@4.59.0 want: 4.59.0
143 silly placeDep ROOT @rollup/rollup-linux-riscv64-gnu@4.59.0 OK for: rollup@4.59.0 want: 4.59.0
144 silly placeDep ROOT @rollup/rollup-linux-riscv64-musl@4.59.0 OK for: rollup@4.59.0 want: 4.59.0
145 silly placeDep ROOT @rollup/rollup-linux-s390x-gnu@4.59.0 OK for: rollup@4.59.0 want: 4.59.0
146 silly placeDep ROOT @rollup/rollup-linux-x64-gnu@4.59.0 OK for: rollup@4.59.0 want: 4.59.0
147 silly placeDep ROOT @rollup/rollup-linux-x64-musl@4.59.0 OK for: rollup@4.59.0 want: 4.59.0
148 silly placeDep ROOT @rollup/rollup-openbsd-x64@4.59.0 OK for: rollup@4.59.0 want: 4.59.0
149 silly placeDep ROOT @rollup/rollup-openharmony-arm64@4.59.0 OK for: rollup@4.59.0 want: 4.59.0
150 silly placeDep ROOT @rollup/rollup-win32-arm64-msvc@4.59.0 OK for: rollup@4.59.0 want: 4.59.0
151 silly placeDep ROOT @rollup/rollup-win32-ia32-msvc@4.59.0 OK for: rollup@4.59.0 want: 4.59.0
152 silly placeDep ROOT @rollup/rollup-win32-x64-gnu@4.59.0 OK for: rollup@4.59.0 want: 4.59.0
153 silly placeDep ROOT @rollup/rollup-win32-x64-msvc@4.59.0 OK for: rollup@4.59.0 want: 4.59.0
154 silly reify mark retired [
154 silly reify   'C:\\xampp\\htdocs\\repo\\kyro-3\\node_modules\\@rollup\\rollup-win32-x64-msvc'
154 silly reify ]
155 silly reify mark retired [
155 silly reify   'C:\\xampp\\htdocs\\repo\\kyro-3\\node_modules\\markdown-it',
155 silly reify   'C:\\xampp\\htdocs\\repo\\kyro-3\\node_modules\\.bin\\markdown-it',
155 silly reify   'C:\\xampp\\htdocs\\repo\\kyro-3\\node_modules\\.bin\\markdown-it.cmd',
155 silly reify   'C:\\xampp\\htdocs\\repo\\kyro-3\\node_modules\\.bin\\markdown-it.ps1'
155 silly reify ]
156 silly reify mark retired [ 'C:\\xampp\\htdocs\\repo\\kyro-3\\node_modules\\minimatch' ]
157 silly reify mark retired [
157 silly reify   'C:\\xampp\\htdocs\\repo\\kyro-3\\node_modules\\rollup',
157 silly reify   'C:\\xampp\\htdocs\\repo\\kyro-3\\node_modules\\.bin\\rollup',
157 silly reify   'C:\\xampp\\htdocs\\repo\\kyro-3\\node_modules\\.bin\\rollup.cmd',
157 silly reify   'C:\\xampp\\htdocs\\repo\\kyro-3\\node_modules\\.bin\\rollup.ps1'
157 silly reify ]
158 silly reify moves {
158 silly reify   'C:\\xampp\\htdocs\\repo\\kyro-3\\node_modules\\@rollup\\rollup-win32-x64-msvc': 'C:\\xampp\\htdocs\\repo\\kyro-3\\node_modules\\@rollup\\.rollup-win32-x64-msvc-GLrvn62V',
158 silly reify   'C:\\xampp\\htdocs\\repo\\kyro-3\\node_modules\\markdown-it': 'C:\\xampp\\htdocs\\repo\\kyro-3\\node_modules\\.markdown-it-kYK6naIy',
158 silly reify   'C:\\xampp\\htdocs\\repo\\kyro-3\\node_modules\\.bin\\markdown-it': 'C:\\xampp\\htdocs\\repo\\kyro-3\\node_modules\\.bin\\.markdown-it-AKzsuymx',
158 silly reify   'C:\\xampp\\htdocs\\repo\\kyro-3\\node_modules\\.bin\\markdown-it.cmd': 'C:\\xampp\\htdocs\\repo\\kyro-3\\node_modules\\.bin\\.markdown-it.cmd-guYyuVE2',
158 silly reify   'C:\\xampp\\htdocs\\repo\\kyro-3\\node_modules\\.bin\\markdown-it.ps1': 'C:\\xampp\\htdocs\\repo\\kyro-3\\node_modules\\.bin\\.markdown-it.ps1-8foz8LWW',
158 silly reify   'C:\\xampp\\htdocs\\repo\\kyro-3\\node_modules\\minimatch': 'C:\\xampp\\htdocs\\repo\\kyro-3\\node_modules\\.minimatch-2P0QZdbF',
158 silly reify   'C:\\xampp\\htdocs\\repo\\kyro-3\\node_modules\\rollup': 'C:\\xampp\\htdocs\\repo\\kyro-3\\node_modules\\.rollup-jKLNPT6f',
158 silly reify   'C:\\xampp\\htdocs\\repo\\kyro-3\\node_modules\\.bin\\rollup': 'C:\\xampp\\htdocs\\repo\\kyro-3\\node_modules\\.bin\\.rollup-MFD0SGD6',
158 silly reify   'C:\\xampp\\htdocs\\repo\\kyro-3\\node_modules\\.bin\\rollup.cmd': 'C:\\xampp\\htdocs\\repo\\kyro-3\\node_modules\\.bin\\.rollup.cmd-hUUFYC6A',
158 silly reify   'C:\\xampp\\htdocs\\repo\\kyro-3\\node_modules\\.bin\\rollup.ps1': 'C:\\xampp\\htdocs\\repo\\kyro-3\\node_modules\\.bin\\.rollup.ps1-Pdg487JG'
158 silly reify }
159 silly audit bulk request {
159 silly audit   '@alloc/quick-lru': [ '5.2.0' ],
159 silly audit   '@ampproject/remapping': [ '2.3.0' ],
159 silly audit   '@babel/code-frame': [ '7.27.1' ],
159 silly audit   '@babel/compat-data': [ '7.28.0' ],
159 silly audit   '@babel/core': [ '7.28.3' ],
159 silly audit   '@babel/generator': [ '7.28.3' ],
159 silly audit   '@babel/helper-compilation-targets': [ '7.27.2' ],
159 silly audit   '@babel/helper-globals': [ '7.28.0' ],
159 silly audit   '@babel/helper-module-imports': [ '7.27.1' ],
159 silly audit   '@babel/helper-module-transforms': [ '7.28.3' ],
159 silly audit   '@babel/helper-plugin-utils': [ '7.27.1' ],
159 silly audit   '@babel/helper-string-parser': [ '7.27.1' ],
159 silly audit   '@babel/helper-validator-identifier': [ '7.27.1' ],
159 silly audit   '@babel/helper-validator-option': [ '7.27.1' ],
159 silly audit   '@babel/helpers': [ '7.28.3' ],
159 silly audit   '@babel/parser': [ '7.28.3' ],
159 silly audit   '@babel/plugin-transform-react-jsx-self': [ '7.27.1' ],
159 silly audit   '@babel/plugin-transform-react-jsx-source': [ '7.27.1' ],
159 silly audit   '@babel/runtime': [ '7.28.6' ],
159 silly audit   '@babel/template': [ '7.27.2' ],
159 silly audit   '@babel/traverse': [ '7.28.3' ],
159 silly audit   '@babel/types': [ '7.28.2' ],
159 silly audit   '@date-fns/tz': [ '1.4.1' ],
159 silly audit   '@esbuild/aix-ppc64': [ '0.25.12' ],
159 silly audit   '@esbuild/android-arm': [ '0.25.12' ],
159 silly audit   '@esbuild/android-arm64': [ '0.25.12' ],
159 silly audit   '@esbuild/android-x64': [ '0.25.12' ],
159 silly audit   '@esbuild/darwin-arm64': [ '0.25.12' ],
159 silly audit   '@esbuild/darwin-x64': [ '0.25.12' ],
159 silly audit   '@esbuild/freebsd-arm64': [ '0.25.12' ],
159 silly audit   '@esbuild/freebsd-x64': [ '0.25.12' ],
159 silly audit   '@esbuild/linux-arm': [ '0.25.12' ],
159 silly audit   '@esbuild/linux-arm64': [ '0.25.12' ],
159 silly audit   '@esbuild/linux-ia32': [ '0.25.12' ],
159 silly audit   '@esbuild/linux-loong64': [ '0.25.12' ],
159 silly audit   '@esbuild/linux-mips64el': [ '0.25.12' ],
159 silly audit   '@esbuild/linux-ppc64': [ '0.25.12' ],
159 silly audit   '@esbuild/linux-riscv64': [ '0.25.12' ],
159 silly audit   '@esbuild/linux-s390x': [ '0.25.12' ],
159 silly audit   '@esbuild/linux-x64': [ '0.25.12' ],
159 silly audit   '@esbuild/netbsd-arm64': [ '0.25.12' ],
159 silly audit   '@esbuild/netbsd-x64': [ '0.25.12' ],
159 silly audit   '@esbuild/openbsd-arm64': [ '0.25.12' ],
159 silly audit   '@esbuild/openbsd-x64': [ '0.25.12' ],
159 silly audit   '@esbuild/openharmony-arm64': [ '0.25.12' ],
159 silly audit   '@esbuild/sunos-x64': [ '0.25.12' ],
159 silly audit   '@esbuild/win32-arm64': [ '0.25.12' ],
159 silly audit   '@esbuild/win32-ia32': [ '0.25.12' ],
159 silly audit   '@esbuild/win32-x64': [ '0.25.12' ],
159 silly audit   '@floating-ui/core': [ '1.7.3' ],
159 silly audit   '@floating-ui/dom': [ '1.7.4' ],
159 silly audit   '@floating-ui/react': [ '0.27.16' ],
159 silly audit   '@floating-ui/react-dom': [ '2.1.6' ],
159 silly audit   '@floating-ui/utils': [ '0.2.10' ],
159 silly audit   '@fullcalendar/core': [ '6.1.19' ],
159 silly audit   '@fullcalendar/daygrid': [ '6.1.19' ],
159 silly audit   '@fullcalendar/interaction': [ '6.1.19' ],
159 silly audit   '@fullcalendar/react': [ '6.1.19' ],
159 silly audit   '@fullcalendar/timegrid': [ '6.1.19' ],
159 silly audit   '@headlessui/react': [ '1.7.19' ],
159 silly audit   '@hello-pangea/dnd': [ '18.0.1' ],
159 silly audit   '@inertiajs/core': [ '2.3.17' ],
159 silly audit   '@inertiajs/react': [ '2.3.17' ],
159 silly audit   '@isaacs/cliui': [ '8.0.2' ],
159 silly audit   '@jridgewell/gen-mapping': [ '0.3.13' ],
159 silly audit   '@jridgewell/resolve-uri': [ '3.1.2' ],
159 silly audit   '@jridgewell/sourcemap-codec': [ '1.5.5' ],
159 silly audit   '@jridgewell/trace-mapping': [ '0.3.30' ],
159 silly audit   '@nodelib/fs.scandir': [ '2.1.5' ],
159 silly audit   '@nodelib/fs.stat': [ '2.0.5' ],
159 silly audit   '@nodelib/fs.walk': [ '1.2.8' ],
159 silly audit   '@pkgjs/parseargs': [ '0.11.0' ],
159 silly audit   '@radix-ui/number': [ '1.1.1' ],
159 silly audit   '@radix-ui/primitive': [ '1.1.3' ],
159 silly audit   '@radix-ui/react-alert-dialog': [ '1.1.15' ],
159 silly audit   '@radix-ui/react-arrow': [ '1.1.7' ],
159 silly audit   '@radix-ui/react-avatar': [ '1.1.10' ],
159 silly audit   '@radix-ui/react-checkbox': [ '1.3.3' ],
159 silly audit   '@radix-ui/react-collapsible': [ '1.1.12' ],
159 silly audit   '@radix-ui/react-collection': [ '1.1.7' ],
159 silly audit   '@radix-ui/react-compose-refs': [ '1.1.2' ],
159 silly audit   '@radix-ui/react-context': [ '1.1.2' ],
159 silly audit   '@radix-ui/react-dialog': [ '1.1.15' ],
159 silly audit   '@radix-ui/react-direction': [ '1.1.1' ],
159 silly audit   '@radix-ui/react-dismissable-layer': [ '1.1.11' ],
159 silly audit   '@radix-ui/react-dropdown-menu': [ '2.1.16' ],
159 silly audit   '@radix-ui/react-focus-guards': [ '1.1.3' ],
159 silly audit   '@radix-ui/react-focus-scope': [ '1.1.7' ],
159 silly audit   '@radix-ui/react-id': [ '1.1.1' ],
159 silly audit   '@radix-ui/react-label': [ '2.1.7' ],
159 silly audit   '@radix-ui/react-menu': [ '2.1.16' ],
159 silly audit   '@radix-ui/react-popover': [ '1.1.15' ],
159 silly audit   '@radix-ui/react-popper': [ '1.2.8' ],
159 silly audit   '@radix-ui/react-portal': [ '1.1.9' ],
159 silly audit   '@radix-ui/react-presence': [ '1.1.5' ],
159 silly audit   '@radix-ui/react-primitive': [ '2.1.3' ],
159 silly audit   '@radix-ui/react-radio-group': [ '1.3.8' ],
159 silly audit   '@radix-ui/react-roving-focus': [ '1.1.11' ],
159 silly audit   '@radix-ui/react-scroll-area': [ '1.2.10' ],
159 silly audit   '@radix-ui/react-select': [ '2.2.6' ],
159 silly audit   '@radix-ui/react-separator': [ '1.1.7' ],
159 silly audit   '@radix-ui/react-slider': [ '1.3.6' ],
159 silly audit   '@radix-ui/react-slot': [ '1.2.3' ],
159 silly audit   '@radix-ui/react-switch': [ '1.2.6' ],
159 silly audit   '@radix-ui/react-toggle': [ '1.1.10' ],
159 silly audit   '@radix-ui/react-tooltip': [ '1.2.8' ],
159 silly audit   '@radix-ui/react-use-callback-ref': [ '1.1.1' ],
159 silly audit   '@radix-ui/react-use-controllable-state': [ '1.2.2' ],
159 silly audit   '@radix-ui/react-use-effect-event': [ '0.0.2' ],
159 silly audit   '@radix-ui/react-use-escape-keydown': [ '1.1.1' ],
159 silly audit   '@radix-ui/react-use-is-hydrated': [ '0.1.0' ],
159 silly audit   '@radix-ui/react-use-layout-effect': [ '1.1.1' ],
159 silly audit   '@radix-ui/react-use-previous': [ '1.1.1' ],
159 silly audit   '@radix-ui/react-use-rect': [ '1.1.1' ],
159 silly audit   '@radix-ui/react-use-size': [ '1.1.1' ],
159 silly audit   '@radix-ui/react-visually-hidden': [ '1.2.3' ],
159 silly audit   '@radix-ui/rect': [ '1.1.1' ],
159 silly audit   '@reduxjs/toolkit': [ '2.9.0' ],
159 silly audit   '@remirror/core-constants': [ '3.0.0' ],
159 silly audit   '@rolldown/pluginutils': [ '1.0.0-beta.27' ],
159 silly audit   '@standard-schema/spec': [ '1.0.0' ],
159 silly audit   '@standard-schema/utils': [ '0.3.0' ],
159 silly audit   '@syncfusion/ej2-base': [ '31.2.12' ],
159 silly audit   '@syncfusion/ej2-buttons': [ '31.2.12' ],
159 silly audit   '@syncfusion/ej2-data': [ '31.2.12' ],
159 silly audit   '@syncfusion/ej2-diagrams': [ '31.2.15' ],
159 silly audit   '@syncfusion/ej2-icons': [ '31.2.12' ],
159 silly audit   '@syncfusion/ej2-inputs': [ '31.2.15' ],
159 silly audit   '@syncfusion/ej2-lists': [ '31.2.12' ],
159 silly audit   '@syncfusion/ej2-navigations': [ '31.2.12' ],
159 silly audit   '@syncfusion/ej2-popups': [ '31.2.12' ],
159 silly audit   '@syncfusion/ej2-react-base': [ '31.2.12' ],
159 silly audit   '@syncfusion/ej2-react-diagrams': [ '31.2.15' ],
159 silly audit   '@syncfusion/ej2-react-navigations': [ '31.2.12' ],
159 silly audit   '@syncfusion/ej2-splitbuttons': [ '31.2.12' ],
159 silly audit   '@tailwindcss/forms': [ '0.5.10' ],
159 silly audit   '@tanstack/react-virtual': [ '3.13.12' ],
159 silly audit   '@tanstack/virtual-core': [ '3.13.12' ],
159 silly audit   '@tiptap/core': [ '3.3.0' ],
159 silly audit   '@tiptap/extension-blockquote': [ '3.3.0' ],
159 silly audit   '@tiptap/extension-bold': [ '3.3.0' ],
159 silly audit   '@tiptap/extension-bubble-menu': [ '3.3.0' ],
159 silly audit   '@tiptap/extension-bullet-list': [ '3.3.0' ],
159 silly audit   '@tiptap/extension-code': [ '3.3.0' ],
159 silly audit   '@tiptap/extension-code-block': [ '3.3.0' ],
159 silly audit   '@tiptap/extension-color': [ '3.3.0' ],
159 silly audit   '@tiptap/extension-document': [ '3.3.0' ],
159 silly audit   '@tiptap/extension-dropcursor': [ '3.3.0' ],
159 silly audit   '@tiptap/extension-floating-menu': [ '3.3.0' ],
159 silly audit   '@tiptap/extension-gapcursor': [ '3.3.0' ],
159 silly audit   '@tiptap/extension-hard-break': [ '3.3.0' ],
159 silly audit   '@tiptap/extension-heading': [ '3.3.0' ],
159 silly audit   '@tiptap/extension-highlight': [ '3.3.0' ],
159 silly audit   '@tiptap/extension-horizontal-rule': [ '3.3.0' ],
159 silly audit   '@tiptap/extension-italic': [ '3.3.0' ],
159 silly audit   '@tiptap/extension-link': [ '3.3.0' ],
159 silly audit   '@tiptap/extension-list': [ '3.3.0' ],
159 silly audit   '@tiptap/extension-list-item': [ '3.3.0' ],
159 silly audit   '@tiptap/extension-list-keymap': [ '3.3.0' ],
159 silly audit   '@tiptap/extension-ordered-list': [ '3.3.0' ],
159 silly audit   '@tiptap/extension-paragraph': [ '3.3.0' ],
159 silly audit   '@tiptap/extension-strike': [ '3.3.0' ],
159 silly audit   '@tiptap/extension-text': [ '3.3.0' ],
159 silly audit   '@tiptap/extension-text-align': [ '3.3.0' ],
159 silly audit   '@tiptap/extension-text-style': [ '3.3.0' ],
159 silly audit   '@tiptap/extension-underline': [ '3.3.0' ],
159 silly audit   '@tiptap/extensions': [ '3.3.0' ],
159 silly audit   '@tiptap/pm': [ '3.3.0' ],
159 silly audit   '@tiptap/react': [ '3.3.0' ],
159 silly audit   '@tiptap/starter-kit': [ '3.3.0' ],
159 silly audit   '@types/babel__core': [ '7.20.5' ],
159 silly audit   '@types/babel__generator': [ '7.27.0' ],
159 silly audit   '@types/babel__template': [ '7.4.4' ],
159 silly audit   '@types/babel__traverse': [ '7.28.0' ],
159 silly audit   '@types/d3-array': [ '3.2.2' ],
159 silly audit   '@types/d3-color': [ '3.1.3' ],
159 silly audit   '@types/d3-ease': [ '3.0.2' ],
159 silly audit   '@types/d3-interpolate': [ '3.0.4' ],
159 silly audit   '@types/d3-path': [ '3.1.1' ],
159 silly audit   '@types/d3-scale': [ '4.0.9' ],
159 silly audit   '@types/d3-shape': [ '3.1.7' ],
159 silly audit   '@types/d3-time': [ '3.0.4' ],
159 silly audit   '@types/d3-timer': [ '3.0.2' ],
159 silly audit   '@types/estree': [ '1.0.8' ],
159 silly audit   '@types/jsbarcode': [ '3.11.4' ],
159 silly audit   '@types/linkify-it': [ '5.0.0' ],
159 silly audit   '@types/lodash': [ '4.17.24' ],
159 silly audit   '@types/lodash-es': [ '4.17.12' ],
159 silly audit   '@types/markdown-it': [ '14.1.2' ],
159 silly audit   '@types/mdurl': [ '2.0.0' ],
159 silly audit   '@types/node': [ '18.19.123' ],
159 silly audit   '@types/pako': [ '2.0.4' ],
159 silly audit   '@types/prop-types': [ '15.7.15' ],
159 silly audit   '@types/qrcode': [ '1.5.5' ],
159 silly audit   '@types/raf': [ '3.4.3' ],
159 silly audit   '@types/react': [ '18.3.24' ],
159 silly audit   '@types/react-dom': [ '18.3.7' ],
159 silly audit   '@types/react-google-recaptcha': [ '2.1.9' ],
159 silly audit   '@types/trusted-types': [ '2.0.7' ],
159 silly audit   '@types/use-sync-external-store': [ '0.0.6' ],
159 silly audit   '@vitejs/plugin-react': [ '4.7.0' ],
159 silly audit   'ansi-regex': [ '6.2.0', '5.0.1' ],
159 silly audit   'ansi-styles': [ '6.2.1', '4.3.0' ],
159 silly audit   'any-promise': [ '1.3.0' ],
159 silly audit   anymatch: [ '3.1.3' ],
159 silly audit   arg: [ '5.0.2' ],
159 silly audit   argparse: [ '2.0.1' ],
159 silly audit   'aria-hidden': [ '1.2.6' ],
159 silly audit   asynckit: [ '0.4.0' ],
159 silly audit   autoprefixer: [ '10.4.21' ],
159 silly audit   axios: [ '1.13.6' ],
159 silly audit   'balanced-match': [ '1.0.2' ],
159 silly audit   'base64-arraybuffer': [ '1.0.2' ],
159 silly audit   'binary-extensions': [ '2.3.0' ],
159 silly audit   'brace-expansion': [ '2.0.2' ],
159 silly audit   braces: [ '3.0.3' ],
159 silly audit   browserslist: [ '4.25.3' ],
159 silly audit   'call-bind-apply-helpers': [ '1.0.2' ],
159 silly audit   'call-bound': [ '1.0.4' ],
159 silly audit   camelcase: [ '5.3.1' ],
159 silly audit   'camelcase-css': [ '2.0.1' ],
159 silly audit   'caniuse-lite': [ '1.0.30001737' ],
159 silly audit   canvg: [ '3.0.11' ],
159 silly audit   chokidar: [ '3.6.0' ],
159 silly audit   'glob-parent': [ '5.1.2', '6.0.2' ],
159 silly audit   'class-variance-authority': [ '0.7.1' ],
159 silly audit   'client-only': [ '0.0.1' ],
159 silly audit   cliui: [ '6.0.0' ],
159 silly audit   'emoji-regex': [ '8.0.0', '9.2.2' ],
159 silly audit   'string-width': [ '4.2.3', '5.1.2' ],
159 silly audit   'strip-ansi': [ '6.0.1', '7.1.0' ],
159 silly audit   'wrap-ansi': [ '6.2.0', '8.1.0', '7.0.0' ],
159 silly audit   clsx: [ '2.1.1' ],
159 silly audit   'color-convert': [ '2.0.1' ],
159 silly audit   'color-name': [ '1.1.4' ],
159 silly audit   'combined-stream': [ '1.0.8' ],
159 silly audit   commander: [ '4.1.1' ],
159 silly audit   'convert-source-map': [ '2.0.0' ],
159 silly audit   'copy-anything': [ '2.0.6' ],
159 silly audit   'core-js': [ '3.45.1' ],
159 silly audit   crelt: [ '1.0.6' ],
159 silly audit   'cross-fetch': [ '4.0.0' ],
159 silly audit   'cross-spawn': [ '7.0.6' ],
159 silly audit   'css-box-model': [ '1.2.1' ],
159 silly audit   'css-line-break': [ '2.1.0' ],
159 silly audit   cssesc: [ '3.0.0' ],
159 silly audit   csstype: [ '3.1.3' ],
159 silly audit   'd3-array': [ '3.2.4' ],
159 silly audit   'd3-color': [ '3.1.0' ],
159 silly audit   'd3-ease': [ '3.0.1' ],
159 silly audit   'd3-format': [ '3.1.0' ],
159 silly audit   'd3-interpolate': [ '3.0.1' ],
159 silly audit   'd3-path': [ '3.1.0' ],
159 silly audit   'd3-scale': [ '4.0.2' ],
159 silly audit   'd3-shape': [ '3.2.0' ],
159 silly audit   'd3-time': [ '3.1.0' ],
159 silly audit   'd3-time-format': [ '4.1.0' ],
159 silly audit   'd3-timer': [ '3.0.1' ],
159 silly audit   'date-fns': [ '3.6.0', '4.1.0' ],
159 silly audit   'date-fns-jalali': [ '4.1.0-0' ],
159 silly audit   debug: [ '4.4.1' ],
159 silly audit   decamelize: [ '1.2.0' ],
159 silly audit   'decimal.js-light': [ '2.5.1' ],
159 silly audit   'delayed-stream': [ '1.0.0' ],
159 silly audit   'detect-node-es': [ '1.1.0' ],
159 silly audit   didyoumean: [ '1.2.2' ],
159 silly audit   dijkstrajs: [ '1.0.3' ],
159 silly audit   dlv: [ '1.1.3' ],
159 silly audit   dompurify: [ '3.3.2' ],
159 silly audit   'dunder-proto': [ '1.0.1' ],
159 silly audit   eastasianwidth: [ '0.2.0' ],
159 silly audit   'electron-to-chromium': [ '1.5.211' ],
159 silly audit   entities: [ '4.5.0' ],
159 silly audit   errno: [ '0.1.8' ],
159 silly audit   'es-define-property': [ '1.0.1' ],
159 silly audit   'es-errors': [ '1.3.0' ],
159 silly audit   'es-object-atoms': [ '1.1.1' ],
159 silly audit   'es-set-tostringtag': [ '2.1.0' ],
159 silly audit   'es-toolkit': [ '1.39.10' ],
159 silly audit   esbuild: [ '0.25.12' ],
159 silly audit   escalade: [ '3.2.0' ],
159 silly audit   'escape-string-regexp': [ '4.0.0' ],
159 silly audit   eventemitter3: [ '5.0.1' ],
159 silly audit   'fast-deep-equal': [ '3.1.3' ],
159 silly audit   'fast-glob': [ '3.3.3' ],
159 silly audit   'fast-png': [ '6.4.0' ],
159 silly audit   fastq: [ '1.19.1' ],
159 silly audit   fflate: [ '0.8.2' ],
159 silly audit   'fill-range': [ '7.1.1' ],
159 silly audit   'find-up': [ '4.1.0' ],
159 silly audit   'follow-redirects': [ '1.15.11' ],
159 silly audit   'foreground-child': [ '3.3.1' ],
159 silly audit   'form-data': [ '4.0.5' ],
159 silly audit   'fraction.js': [ '4.3.7' ],
159 silly audit   fsevents: [ '2.3.3' ],
159 silly audit   'function-bind': [ '1.1.2' ],
159 silly audit   gensync: [ '1.0.0-beta.2' ],
159 silly audit   'get-caller-file': [ '2.0.5' ],
159 silly audit   'get-intrinsic': [ '1.3.0' ],
159 silly audit   'get-nonce': [ '1.0.1' ],
159 silly audit   'get-proto': [ '1.0.1' ],
159 silly audit   glob: [ '10.5.0' ],
159 silly audit   gopd: [ '1.2.0' ],
159 silly audit   'graceful-fs': [ '4.2.11' ],
159 silly audit   'has-symbols': [ '1.1.0' ],
159 silly audit   'has-tostringtag': [ '1.0.2' ],
159 silly audit   hasown: [ '2.0.2' ],
159 silly audit   'hoist-non-react-statics': [ '3.3.2' ],
159 silly audit   'html-parse-stringify': [ '3.0.1' ],
159 silly audit   html2canvas: [ '1.4.1' ],
159 silly audit   'html2pdf.js': [ '0.14.0' ],
159 silly audit   i18next: [ '25.4.2' ],
159 silly audit   'i18next-browser-languagedetector': [ '8.2.0' ],
159 silly audit   'i18next-http-backend': [ '3.0.2' ],
159 silly audit   'iconv-lite': [ '0.6.3' ],
159 silly audit   'image-size': [ '0.5.5' ],
159 silly audit   immer: [ '10.1.3' ],
159 silly audit   internmap: [ '2.0.3' ],
159 silly audit   iobuffer: [ '5.4.0' ],
159 silly audit   'is-binary-path': [ '2.1.0' ],
159 silly audit   'is-core-module': [ '2.16.1' ],
159 silly audit   'is-extglob': [ '2.1.1' ],
159 silly audit   'is-fullwidth-code-point': [ '3.0.0' ],
159 silly audit   'is-glob': [ '4.0.3' ],
159 silly audit   'is-number': [ '7.0.0' ],
159 silly audit   'is-what': [ '3.14.1' ],
159 silly audit   isexe: [ '2.0.0' ],
159 silly audit   jackspeak: [ '3.4.3' ],
159 silly audit   jiti: [ '1.21.7' ],
159 silly audit   'js-tokens': [ '4.0.0' ],
159 silly audit   jsbarcode: [ '3.12.1' ],
159 silly audit   jsesc: [ '3.1.0' ],
159 silly audit   json5: [ '2.2.3' ],
159 silly audit   jspdf: [ '4.2.0' ],
159 silly audit   'jspdf-autotable': [ '5.0.7' ],
159 silly audit   'laravel-echo': [ '1.19.0' ],
159 silly audit   'laravel-precognition': [ '1.0.2' ],
159 silly audit   'laravel-vite-plugin': [ '1.3.0' ],
159 silly audit   less: [ '4.4.2' ],
159 silly audit   lilconfig: [ '3.1.3' ],
159 silly audit   'lines-and-columns': [ '1.2.4' ],
159 silly audit   'linkify-it': [ '5.0.0' ],
159 silly audit   linkifyjs: [ '4.3.2' ],
159 silly audit   'locate-path': [ '5.0.0' ],
159 silly audit   'lodash-es': [ '4.17.23' ],
159 silly audit   'loose-envify': [ '1.4.0' ],
159 silly audit   'lru-cache': [ '5.1.1', '10.4.3' ],
159 silly audit   'lucide-react': [ '0.378.0' ],
159 silly audit   'make-dir': [ '2.1.0' ],
159 silly audit   pify: [ '4.0.1', '2.3.0' ],
159 silly audit   semver: [ '5.7.2', '6.3.1' ],
159 silly audit   'math-intrinsics': [ '1.1.0' ],
159 silly audit   mdurl: [ '2.0.0' ],
159 silly audit   merge2: [ '1.4.1' ],
159 silly audit   micromatch: [ '4.0.8' ],
159 silly audit   mime: [ '1.6.0' ],
159 silly audit   'mime-db': [ '1.52.0' ],
159 silly audit   'mime-types': [ '2.1.35' ],
159 silly audit   'mini-svg-data-uri': [ '1.4.4' ],
159 silly audit   minipass: [ '7.1.2' ],
159 silly audit   ms: [ '2.1.3' ],
159 silly audit   mz: [ '2.7.0' ],
159 silly audit   nanoid: [ '3.3.11' ],
159 silly audit   needle: [ '3.3.1' ],
159 silly audit   'next-themes': [ '0.3.0' ],
159 silly audit   'node-fetch': [ '2.7.0' ],
159 silly audit   'node-releases': [ '2.0.19' ],
159 silly audit   'normalize-path': [ '3.0.0' ],
159 silly audit   'normalize-range': [ '0.1.2' ],
159 silly audit   'object-assign': [ '4.1.1' ],
159 silly audit   'object-hash': [ '3.0.0' ],
159 silly audit   'object-inspect': [ '1.13.4' ],
159 silly audit   orderedmap: [ '2.1.1' ],
159 silly audit   'p-limit': [ '2.3.0' ],
159 silly audit   'p-locate': [ '4.1.0' ],
159 silly audit   'p-try': [ '2.2.0' ],
159 silly audit   'package-json-from-dist': [ '1.0.1' ],
159 silly audit   pako: [ '2.1.0' ],
159 silly audit   'parse-node-version': [ '1.0.1' ],
159 silly audit   'path-exists': [ '4.0.0' ],
159 silly audit   'path-key': [ '3.1.1' ],
159 silly audit   'path-parse': [ '1.0.7' ],
159 silly audit   'path-scurry': [ '1.11.1' ],
159 silly audit   'performance-now': [ '2.1.0' ],
159 silly audit   picocolors: [ '1.1.1' ],
159 silly audit   picomatch: [ '2.3.1', '4.0.3' ],
159 silly audit   pirates: [ '4.0.7' ],
159 silly audit   pngjs: [ '5.0.0' ],
159 silly audit   postcss: [ '8.5.6' ],
159 silly audit   'postcss-import': [ '15.1.0' ],
159 silly audit   'postcss-js': [ '4.0.1' ],
159 silly audit   'postcss-load-config': [ '4.0.2' ],
159 silly audit   'postcss-nested': [ '6.2.0' ],
159 silly audit   'postcss-selector-parser': [ '6.1.2' ],
159 silly audit   'postcss-value-parser': [ '4.2.0' ],
159 silly audit   preact: [ '10.12.1' ],
159 silly audit   'prop-types': [ '15.8.1' ],
159 silly audit   'prosemirror-changeset': [ '2.3.1' ],
159 silly audit   'prosemirror-collab': [ '1.3.1' ],
159 silly audit   'prosemirror-commands': [ '1.7.1' ],
159 silly audit   'prosemirror-dropcursor': [ '1.8.2' ],
159 silly audit   'prosemirror-gapcursor': [ '1.3.2' ],
159 silly audit   'prosemirror-history': [ '1.4.1' ],
159 silly audit   'prosemirror-inputrules': [ '1.5.0' ],
159 silly audit   'prosemirror-keymap': [ '1.2.3' ],
159 silly audit   'prosemirror-markdown': [ '1.13.2' ],
159 silly audit   'prosemirror-menu': [ '1.2.5' ],
159 silly audit   'prosemirror-model': [ '1.25.3' ],
159 silly audit   'prosemirror-schema-basic': [ '1.2.4' ],
159 silly audit   'prosemirror-schema-list': [ '1.5.1' ],
159 silly audit   'prosemirror-state': [ '1.4.3' ],
159 silly audit   'prosemirror-tables': [ '1.8.1' ],
159 silly audit   'prosemirror-trailing-node': [ '3.0.0' ],
159 silly audit   'prosemirror-transform': [ '1.10.4' ],
159 silly audit   'prosemirror-view': [ '1.40.1' ],
159 silly audit   'proxy-from-env': [ '1.1.0' ],
159 silly audit   prr: [ '1.0.1' ],
159 silly audit   'punycode.js': [ '2.3.1' ],
159 silly audit   'pusher-js': [ '8.4.0' ],
159 silly audit   qrcode: [ '1.5.4' ],
159 silly audit   qs: [ '6.15.0' ],
159 silly audit   'queue-microtask': [ '1.2.3' ],
159 silly audit   raf: [ '3.4.1' ],
159 silly audit   'raf-schd': [ '4.0.3' ],
159 silly audit   react: [ '18.3.1' ],
159 silly audit   'react-async-script': [ '1.2.0' ],
159 silly audit   'react-datepicker': [ '8.7.0' ],
159 silly audit   'react-day-picker': [ '9.9.0' ],
159 silly audit   'react-dom': [ '18.3.1' ],
159 silly audit   'react-google-recaptcha': [ '3.1.0' ],
159 silly audit   'react-i18next': [ '15.7.2' ],
159 silly audit   'react-is': [ '16.13.1' ],
159 silly audit   'react-redux': [ '9.2.0' ],
159 silly audit   'react-refresh': [ '0.17.0' ],
159 silly audit   'react-remove-scroll': [ '2.7.1' ],
159 silly audit   'react-remove-scroll-bar': [ '2.3.8' ],
159 silly audit   'react-signature-canvas': [ '1.0.7' ],
159 silly audit   'react-style-singleton': [ '2.2.3' ],
159 silly audit   'read-cache': [ '1.0.0' ],
159 silly audit   readdirp: [ '3.6.0' ],
159 silly audit   recharts: [ '3.2.0' ],
159 silly audit   redux: [ '5.0.1' ],
159 silly audit   'redux-thunk': [ '3.1.0' ],
159 silly audit   'regenerator-runtime': [ '0.13.11' ],
159 silly audit   'require-directory': [ '2.1.1' ],
159 silly audit   'require-main-filename': [ '2.0.0' ],
159 silly audit   reselect: [ '5.1.1' ],
159 silly audit   resolve: [ '1.22.10' ],
159 silly audit   reusify: [ '1.1.0' ],
159 silly audit   rgbcolor: [ '1.0.1' ],
159 silly audit   'rope-sequence': [ '1.3.4' ],
159 silly audit   'run-parallel': [ '1.2.0' ],
159 silly audit   'safer-buffer': [ '2.1.2' ],
159 silly audit   sax: [ '1.4.3' ],
159 silly audit   scheduler: [ '0.23.2' ],
159 silly audit   'set-blocking': [ '2.0.0' ],
159 silly audit   'shebang-command': [ '2.0.0' ],
159 silly audit   'shebang-regex': [ '3.0.0' ],
159 silly audit   'side-channel': [ '1.1.0' ],
159 silly audit   'side-channel-list': [ '1.0.0' ],
159 silly audit   'side-channel-map': [ '1.0.1' ],
159 silly audit   'side-channel-weakmap': [ '1.0.2' ],
159 silly audit   'signal-exit': [ '4.1.0' ],
159 silly audit   signature_pad: [ '2.3.2' ],
159 silly audit   sonner: [ '2.0.7' ],
159 silly audit   'source-map': [ '0.6.1' ],
159 silly audit   'source-map-js': [ '1.2.1' ],
159 silly audit   'stackblur-canvas': [ '2.7.0' ],
159 silly audit   sucrase: [ '3.35.0' ],
159 silly audit   'supports-preserve-symlinks-flag': [ '1.0.0' ],
159 silly audit   'svg-pathdata': [ '6.0.3' ],
159 silly audit   tabbable: [ '6.2.0' ],
159 silly audit   'tailwind-merge': [ '2.6.0' ],
159 silly audit   tailwindcss: [ '3.4.17' ],
159 silly audit   'tailwindcss-animate': [ '1.0.7' ],
159 silly audit   'text-segmentation': [ '1.0.3' ],
159 silly audit   thenify: [ '3.3.1' ],
159 silly audit   'thenify-all': [ '1.6.0' ],
159 silly audit   'tiny-invariant': [ '1.3.3' ],
159 silly audit   tinyglobby: [ '0.2.15' ],
159 silly audit   fdir: [ '6.5.0' ],
159 silly audit   'to-regex-range': [ '5.0.1' ],
159 silly audit   tr46: [ '0.0.3' ],
159 silly audit   'trim-canvas': [ '0.1.2' ],
159 silly audit   'ts-interface-checker': [ '0.1.13' ],
159 silly audit   tslib: [ '2.8.1' ],
159 silly audit   tweetnacl: [ '1.0.3' ],
159 silly audit   typescript: [ '5.9.2' ],
159 silly audit   'uc.micro': [ '2.1.0' ],
159 silly audit   'undici-types': [ '5.26.5' ],
159 silly audit   'unicode-emoji-json': [ '0.8.0' ],
159 silly audit   'update-browserslist-db': [ '1.1.3' ],
159 silly audit   'use-callback-ref': [ '1.3.3' ],
159 silly audit   'use-sidecar': [ '1.1.3' ],
159 silly audit   'use-sync-external-store': [ '1.5.0' ],
159 silly audit   'util-deprecate': [ '1.0.2' ],
159 silly audit   utrie: [ '1.0.2' ],
159 silly audit   'victory-vendor': [ '37.3.6' ],
159 silly audit   vite: [ '6.4.1' ],
159 silly audit   'vite-plugin-full-reload': [ '1.2.0' ],
159 silly audit   'void-elements': [ '3.1.0' ],
159 silly audit   'w3c-keyname': [ '2.2.8' ],
159 silly audit   'webidl-conversions': [ '3.0.1' ],
159 silly audit   'whatwg-url': [ '5.0.0' ],
159 silly audit   which: [ '2.0.2' ],
159 silly audit   'which-module': [ '2.0.1' ],
159 silly audit   y18n: [ '4.0.3' ],
159 silly audit   yallist: [ '3.1.1' ],
159 silly audit   yaml: [ '2.8.1' ],
159 silly audit   yargs: [ '15.4.1' ],
159 silly audit   'yargs-parser': [ '18.1.3' ],
159 silly audit   minimatch: [ '9.0.9' ],
159 silly audit   'markdown-it': [ '14.1.1' ],
159 silly audit   rollup: [ '4.59.0' ],
159 silly audit   '@rollup/rollup-android-arm-eabi': [ '4.59.0' ],
159 silly audit   '@rollup/rollup-android-arm64': [ '4.59.0' ],
159 silly audit   '@rollup/rollup-darwin-arm64': [ '4.59.0' ],
159 silly audit   '@rollup/rollup-darwin-x64': [ '4.59.0' ],
159 silly audit   '@rollup/rollup-freebsd-arm64': [ '4.59.0' ],
159 silly audit   '@rollup/rollup-freebsd-x64': [ '4.59.0' ],
159 silly audit   '@rollup/rollup-linux-arm-gnueabihf': [ '4.59.0' ],
159 silly audit   '@rollup/rollup-linux-arm-musleabihf': [ '4.59.0' ],
159 silly audit   '@rollup/rollup-linux-arm64-gnu': [ '4.59.0' ],
159 silly audit   '@rollup/rollup-linux-arm64-musl': [ '4.59.0' ],
159 silly audit   '@rollup/rollup-linux-loong64-gnu': [ '4.59.0' ],
159 silly audit   '@rollup/rollup-linux-loong64-musl': [ '4.59.0' ],
159 silly audit   '@rollup/rollup-linux-ppc64-gnu': [ '4.59.0' ],
159 silly audit   '@rollup/rollup-linux-ppc64-musl': [ '4.59.0' ],
159 silly audit   '@rollup/rollup-linux-riscv64-gnu': [ '4.59.0' ],
159 silly audit   '@rollup/rollup-linux-riscv64-musl': [ '4.59.0' ],
159 silly audit   '@rollup/rollup-linux-s390x-gnu': [ '4.59.0' ],
159 silly audit   '@rollup/rollup-linux-x64-gnu': [ '4.59.0' ],
159 silly audit   '@rollup/rollup-linux-x64-musl': [ '4.59.0' ],
159 silly audit   '@rollup/rollup-openbsd-x64': [ '4.59.0' ],
159 silly audit   '@rollup/rollup-openharmony-arm64': [ '4.59.0' ],
159 silly audit   '@rollup/rollup-win32-arm64-msvc': [ '4.59.0' ],
159 silly audit   '@rollup/rollup-win32-ia32-msvc': [ '4.59.0' ],
159 silly audit   '@rollup/rollup-win32-x64-gnu': [ '4.59.0' ],
159 silly audit   '@rollup/rollup-win32-x64-msvc': [ '4.59.0' ]
159 silly audit }
160 http cache @rollup/rollup-win32-x64-gnu@https://registry.npmjs.org/@rollup/rollup-win32-x64-gnu/-/rollup-win32-x64-gnu-4.59.0.tgz 0ms (cache hit)
161 http cache @rollup/rollup-win32-x64-msvc@https://registry.npmjs.org/@rollup/rollup-win32-x64-msvc/-/rollup-win32-x64-msvc-4.59.0.tgz 0ms (cache hit)
162 silly tarball no local data for @rollup/rollup-win32-x64-gnu@https://registry.npmjs.org/@rollup/rollup-win32-x64-gnu/-/rollup-win32-x64-gnu-4.59.0.tgz. Extracting by manifest.
163 silly tarball no local data for @rollup/rollup-win32-x64-msvc@https://registry.npmjs.org/@rollup/rollup-win32-x64-msvc/-/rollup-win32-x64-msvc-4.59.0.tgz. Extracting by manifest.
164 http cache rollup@https://registry.npmjs.org/rollup/-/rollup-4.59.0.tgz 0ms (cache hit)
165 http cache minimatch@https://registry.npmjs.org/minimatch/-/minimatch-9.0.9.tgz 0ms (cache hit)
166 http cache markdown-it@https://registry.npmjs.org/markdown-it/-/markdown-it-14.1.1.tgz 0ms (cache hit)
167 silly tarball no local data for rollup@https://registry.npmjs.org/rollup/-/rollup-4.59.0.tgz. Extracting by manifest.
168 silly tarball no local data for minimatch@https://registry.npmjs.org/minimatch/-/minimatch-9.0.9.tgz. Extracting by manifest.
169 silly tarball no local data for markdown-it@https://registry.npmjs.org/markdown-it/-/markdown-it-14.1.1.tgz. Extracting by manifest.
170 http fetch GET 200 https://registry.npmjs.org/@rollup/rollup-win32-x64-msvc/-/rollup-win32-x64-msvc-4.59.0.tgz 196ms (cache miss)
171 http fetch POST 200 https://registry.npmjs.org/-/npm/v1/security/advisories/bulk 215ms
172 silly audit report {}
173 http fetch GET 200 https://registry.npmjs.org/@rollup/rollup-win32-x64-gnu/-/rollup-win32-x64-gnu-4.59.0.tgz 365ms (cache miss)
174 http fetch GET 200 https://registry.npmjs.org/rollup/-/rollup-4.59.0.tgz 1470ms (cache miss)
175 http fetch GET 200 https://registry.npmjs.org/minimatch/-/minimatch-9.0.9.tgz 1503ms (cache miss)
176 http fetch GET 200 https://registry.npmjs.org/markdown-it/-/markdown-it-14.1.1.tgz 1696ms (cache miss)
177 silly ADD node_modules/@rollup/rollup-win32-x64-gnu
178 silly CHANGE node_modules/rollup
179 silly CHANGE node_modules/minimatch
180 silly CHANGE node_modules/markdown-it
181 silly CHANGE node_modules/@rollup/rollup-win32-x64-msvc
182 verbose cwd C:\xampp\htdocs\repo\kyro-3
183 verbose os Windows_NT 10.0.26200
184 verbose node v25.7.0
185 verbose npm  v11.10.1
186 verbose exit 0
187 info ok
