0 verbose cli C:\Program Files\nodejs\node.exe C:\Program Files\nodejs\node_modules\npm\bin\npm-cli.js
1 info using npm@11.10.1
2 info using node@v25.7.0
3 silly config load:file:C:\Program Files\nodejs\node_modules\npm\npmrc
4 silly config load:file:C:\xampp\htdocs\repo\kyro-3\.npmrc
5 silly config load:file:C:\Users\Dansa\.npmrc
6 silly config load:file:C:\Users\Dansa\AppData\Roaming\npm\etc\npmrc
7 verbose title npm uninstall @inertiajs/vue3 x-data-spreadsheet
8 verbose argv "uninstall" "@inertiajs/vue3" "x-data-spreadsheet"
9 verbose logfile logs-max:10 dir:C:\xampp\htdocs\repo\kyro-3\.npm-cache\_logs\2026-03-10T04_47_13_593Z-
10 verbose logfile C:\xampp\htdocs\repo\kyro-3\.npm-cache\_logs\2026-03-10T04_47_13_593Z-debug-0.log
11 silly logfile done cleaning log files
12 silly packumentCache heap:2348810240 maxSize:587202560 maxEntrySize:293601280
13 silly idealTree buildDeps
14 silly reify mark retired [ 'C:\\xampp\\htdocs\\repo\\kyro-3\\node_modules\\@inertiajs\\vue3' ]
15 silly reify mark retired [ 'C:\\xampp\\htdocs\\repo\\kyro-3\\node_modules\\@types\\lodash' ]
16 silly reify mark retired [ 'C:\\xampp\\htdocs\\repo\\kyro-3\\node_modules\\@types\\lodash-es' ]
17 silly reify mark retired [
17 silly reify   'C:\\xampp\\htdocs\\repo\\kyro-3\\node_modules\\@vue\\compiler-core'
17 silly reify ]
18 silly reify mark retired [ 'C:\\xampp\\htdocs\\repo\\kyro-3\\node_modules\\@vue\\compiler-dom' ]
19 silly reify mark retired [ 'C:\\xampp\\htdocs\\repo\\kyro-3\\node_modules\\@vue\\compiler-sfc' ]
20 silly reify mark retired [ 'C:\\xampp\\htdocs\\repo\\kyro-3\\node_modules\\@vue\\compiler-ssr' ]
21 silly reify mark retired [ 'C:\\xampp\\htdocs\\repo\\kyro-3\\node_modules\\@vue\\reactivity' ]
22 silly reify mark retired [ 'C:\\xampp\\htdocs\\repo\\kyro-3\\node_modules\\@vue\\runtime-core' ]
23 silly reify mark retired [ 'C:\\xampp\\htdocs\\repo\\kyro-3\\node_modules\\@vue\\runtime-dom' ]
24 silly reify mark retired [
24 silly reify   'C:\\xampp\\htdocs\\repo\\kyro-3\\node_modules\\@vue\\server-renderer'
24 silly reify ]
25 silly reify mark retired [ 'C:\\xampp\\htdocs\\repo\\kyro-3\\node_modules\\@vue\\shared' ]
26 silly reify mark retired [ 'C:\\xampp\\htdocs\\repo\\kyro-3\\node_modules\\ansi-escapes' ]
27 silly reify mark retired [ 'C:\\xampp\\htdocs\\repo\\kyro-3\\node_modules\\babel-polyfill' ]
28 silly reify mark retired [ 'C:\\xampp\\htdocs\\repo\\kyro-3\\node_modules\\babel-runtime' ]
29 silly reify mark retired [ 'C:\\xampp\\htdocs\\repo\\kyro-3\\node_modules\\chalk' ]
30 silly reify mark retired [ 'C:\\xampp\\htdocs\\repo\\kyro-3\\node_modules\\chardet' ]
31 silly reify mark retired [ 'C:\\xampp\\htdocs\\repo\\kyro-3\\node_modules\\cli-cursor' ]
32 silly reify mark retired [ 'C:\\xampp\\htdocs\\repo\\kyro-3\\node_modules\\cli-width' ]
33 silly reify mark retired [ 'C:\\xampp\\htdocs\\repo\\kyro-3\\node_modules\\encoding' ]
34 silly reify mark retired [ 'C:\\xampp\\htdocs\\repo\\kyro-3\\node_modules\\estree-walker' ]
35 silly reify mark retired [ 'C:\\xampp\\htdocs\\repo\\kyro-3\\node_modules\\external-editor' ]
36 silly reify mark retired [ 'C:\\xampp\\htdocs\\repo\\kyro-3\\node_modules\\figures' ]
37 silly reify mark retired [ 'C:\\xampp\\htdocs\\repo\\kyro-3\\node_modules\\has-ansi' ]
38 silly reify mark retired [ 'C:\\xampp\\htdocs\\repo\\kyro-3\\node_modules\\inquirer' ]
39 silly reify mark retired [ 'C:\\xampp\\htdocs\\repo\\kyro-3\\node_modules\\is-stream' ]
40 silly reify mark retired [ 'C:\\xampp\\htdocs\\repo\\kyro-3\\node_modules\\lodash' ]
41 silly reify mark retired [ 'C:\\xampp\\htdocs\\repo\\kyro-3\\node_modules\\lodash-es' ]
42 silly reify mark retired [ 'C:\\xampp\\htdocs\\repo\\kyro-3\\node_modules\\magic-string' ]
43 silly reify mark retired [ 'C:\\xampp\\htdocs\\repo\\kyro-3\\node_modules\\mimic-fn' ]
44 silly reify mark retired [ 'C:\\xampp\\htdocs\\repo\\kyro-3\\node_modules\\minimist' ]
45 silly reify mark retired [ 'C:\\xampp\\htdocs\\repo\\kyro-3\\node_modules\\mute-stream' ]
46 silly reify mark retired [ 'C:\\xampp\\htdocs\\repo\\kyro-3\\node_modules\\onetime' ]
47 silly reify mark retired [
47 silly reify   'C:\\xampp\\htdocs\\repo\\kyro-3\\node_modules\\opencollective',
47 silly reify   'C:\\xampp\\htdocs\\repo\\kyro-3\\node_modules\\.bin\\oc',
47 silly reify   'C:\\xampp\\htdocs\\repo\\kyro-3\\node_modules\\.bin\\oc.cmd',
47 silly reify   'C:\\xampp\\htdocs\\repo\\kyro-3\\node_modules\\.bin\\oc.ps1',
47 silly reify   'C:\\xampp\\htdocs\\repo\\kyro-3\\node_modules\\.bin\\opencollective',
47 silly reify   'C:\\xampp\\htdocs\\repo\\kyro-3\\node_modules\\.bin\\opencollective.cmd',
47 silly reify   'C:\\xampp\\htdocs\\repo\\kyro-3\\node_modules\\.bin\\opencollective.ps1'
47 silly reify ]
48 silly reify mark retired [
48 silly reify   'C:\\xampp\\htdocs\\repo\\kyro-3\\node_modules\\opencollective-postinstall',
48 silly reify   'C:\\xampp\\htdocs\\repo\\kyro-3\\node_modules\\.bin\\opencollective-postinstall',
48 silly reify   'C:\\xampp\\htdocs\\repo\\kyro-3\\node_modules\\.bin\\opencollective-postinstall.cmd',
48 silly reify   'C:\\xampp\\htdocs\\repo\\kyro-3\\node_modules\\.bin\\opencollective-postinstall.ps1'
48 silly reify ]
49 silly reify mark retired [ 'C:\\xampp\\htdocs\\repo\\kyro-3\\node_modules\\opn' ]
50 silly reify mark retired [ 'C:\\xampp\\htdocs\\repo\\kyro-3\\node_modules\\os-tmpdir' ]
51 silly reify mark retired [ 'C:\\xampp\\htdocs\\repo\\kyro-3\\node_modules\\pinkie' ]
52 silly reify mark retired [ 'C:\\xampp\\htdocs\\repo\\kyro-3\\node_modules\\pinkie-promise' ]
53 silly reify mark retired [ 'C:\\xampp\\htdocs\\repo\\kyro-3\\node_modules\\restore-cursor' ]
54 silly reify mark retired [ 'C:\\xampp\\htdocs\\repo\\kyro-3\\node_modules\\run-async' ]
55 silly reify mark retired [ 'C:\\xampp\\htdocs\\repo\\kyro-3\\node_modules\\rx' ]
56 silly reify mark retired [ 'C:\\xampp\\htdocs\\repo\\kyro-3\\node_modules\\supports-color' ]
57 silly reify mark retired [ 'C:\\xampp\\htdocs\\repo\\kyro-3\\node_modules\\through' ]
58 silly reify mark retired [ 'C:\\xampp\\htdocs\\repo\\kyro-3\\node_modules\\tmp' ]
59 silly reify mark retired [ 'C:\\xampp\\htdocs\\repo\\kyro-3\\node_modules\\vue' ]
60 silly reify mark retired [ 'C:\\xampp\\htdocs\\repo\\kyro-3\\node_modules\\x-data-spreadsheet' ]
61 silly reify moves {
61 silly reify   'C:\\xampp\\htdocs\\repo\\kyro-3\\node_modules\\@inertiajs\\vue3': 'C:\\xampp\\htdocs\\repo\\kyro-3\\node_modules\\@inertiajs\\.vue3-qbIBeuyV',
61 silly reify   'C:\\xampp\\htdocs\\repo\\kyro-3\\node_modules\\@types\\lodash': 'C:\\xampp\\htdocs\\repo\\kyro-3\\node_modules\\@types\\.lodash-Kok2wkAr',
61 silly reify   'C:\\xampp\\htdocs\\repo\\kyro-3\\node_modules\\@types\\lodash-es': 'C:\\xampp\\htdocs\\repo\\kyro-3\\node_modules\\@types\\.lodash-es-67lCWGHV',
61 silly reify   'C:\\xampp\\htdocs\\repo\\kyro-3\\node_modules\\@vue\\compiler-core': 'C:\\xampp\\htdocs\\repo\\kyro-3\\node_modules\\@vue\\.compiler-core-QZxbItgg',
61 silly reify   'C:\\xampp\\htdocs\\repo\\kyro-3\\node_modules\\@vue\\compiler-dom': 'C:\\xampp\\htdocs\\repo\\kyro-3\\node_modules\\@vue\\.compiler-dom-lDQplXqm',
61 silly reify   'C:\\xampp\\htdocs\\repo\\kyro-3\\node_modules\\@vue\\compiler-sfc': 'C:\\xampp\\htdocs\\repo\\kyro-3\\node_modules\\@vue\\.compiler-sfc-8QQSzFb6',
61 silly reify   'C:\\xampp\\htdocs\\repo\\kyro-3\\node_modules\\@vue\\compiler-ssr': 'C:\\xampp\\htdocs\\repo\\kyro-3\\node_modules\\@vue\\.compiler-ssr-5zc2MblI',
61 silly reify   'C:\\xampp\\htdocs\\repo\\kyro-3\\node_modules\\@vue\\reactivity': 'C:\\xampp\\htdocs\\repo\\kyro-3\\node_modules\\@vue\\.reactivity-6RtTHebO',
61 silly reify   'C:\\xampp\\htdocs\\repo\\kyro-3\\node_modules\\@vue\\runtime-core': 'C:\\xampp\\htdocs\\repo\\kyro-3\\node_modules\\@vue\\.runtime-core-rTVTMocz',
61 silly reify   'C:\\xampp\\htdocs\\repo\\kyro-3\\node_modules\\@vue\\runtime-dom': 'C:\\xampp\\htdocs\\repo\\kyro-3\\node_modules\\@vue\\.runtime-dom-LWey0YTV',
61 silly reify   'C:\\xampp\\htdocs\\repo\\kyro-3\\node_modules\\@vue\\server-renderer': 'C:\\xampp\\htdocs\\repo\\kyro-3\\node_modules\\@vue\\.server-renderer-BKP8K6YF',
61 silly reify   'C:\\xampp\\htdocs\\repo\\kyro-3\\node_modules\\@vue\\shared': 'C:\\xampp\\htdocs\\repo\\kyro-3\\node_modules\\@vue\\.shared-yybQN4Zh',
61 silly reify   'C:\\xampp\\htdocs\\repo\\kyro-3\\node_modules\\ansi-escapes': 'C:\\xampp\\htdocs\\repo\\kyro-3\\node_modules\\.ansi-escapes-rP5BaotN',
61 silly reify   'C:\\xampp\\htdocs\\repo\\kyro-3\\node_modules\\babel-polyfill': 'C:\\xampp\\htdocs\\repo\\kyro-3\\node_modules\\.babel-polyfill-OenzShn0',
61 silly reify   'C:\\xampp\\htdocs\\repo\\kyro-3\\node_modules\\babel-runtime': 'C:\\xampp\\htdocs\\repo\\kyro-3\\node_modules\\.babel-runtime-gpufIIp1',
61 silly reify   'C:\\xampp\\htdocs\\repo\\kyro-3\\node_modules\\chalk': 'C:\\xampp\\htdocs\\repo\\kyro-3\\node_modules\\.chalk-QDv9NUd1',
61 silly reify   'C:\\xampp\\htdocs\\repo\\kyro-3\\node_modules\\chardet': 'C:\\xampp\\htdocs\\repo\\kyro-3\\node_modules\\.chardet-yUJnYtxR',
61 silly reify   'C:\\xampp\\htdocs\\repo\\kyro-3\\node_modules\\cli-cursor': 'C:\\xampp\\htdocs\\repo\\kyro-3\\node_modules\\.cli-cursor-U14HBs9I',
61 silly reify   'C:\\xampp\\htdocs\\repo\\kyro-3\\node_modules\\cli-width': 'C:\\xampp\\htdocs\\repo\\kyro-3\\node_modules\\.cli-width-wXvTRErB',
61 silly reify   'C:\\xampp\\htdocs\\repo\\kyro-3\\node_modules\\encoding': 'C:\\xampp\\htdocs\\repo\\kyro-3\\node_modules\\.encoding-5JEDatWZ',
61 silly reify   'C:\\xampp\\htdocs\\repo\\kyro-3\\node_modules\\estree-walker': 'C:\\xampp\\htdocs\\repo\\kyro-3\\node_modules\\.estree-walker-PiBvgNbk',
61 silly reify   'C:\\xampp\\htdocs\\repo\\kyro-3\\node_modules\\external-editor': 'C:\\xampp\\htdocs\\repo\\kyro-3\\node_modules\\.external-editor-ID5o2w7Y',
61 silly reify   'C:\\xampp\\htdocs\\repo\\kyro-3\\node_modules\\figures': 'C:\\xampp\\htdocs\\repo\\kyro-3\\node_modules\\.figures-MYI4PApp',
61 silly reify   'C:\\xampp\\htdocs\\repo\\kyro-3\\node_modules\\has-ansi': 'C:\\xampp\\htdocs\\repo\\kyro-3\\node_modules\\.has-ansi-rzatai18',
61 silly reify   'C:\\xampp\\htdocs\\repo\\kyro-3\\node_modules\\inquirer': 'C:\\xampp\\htdocs\\repo\\kyro-3\\node_modules\\.inquirer-du4DPjVK',
61 silly reify   'C:\\xampp\\htdocs\\repo\\kyro-3\\node_modules\\is-stream': 'C:\\xampp\\htdocs\\repo\\kyro-3\\node_modules\\.is-stream-sCNpjDRN',
61 silly reify   'C:\\xampp\\htdocs\\repo\\kyro-3\\node_modules\\lodash': 'C:\\xampp\\htdocs\\repo\\kyro-3\\node_modules\\.lodash-oNpv9zgJ',
61 silly reify   'C:\\xampp\\htdocs\\repo\\kyro-3\\node_modules\\lodash-es': 'C:\\xampp\\htdocs\\repo\\kyro-3\\node_modules\\.lodash-es-7t42IcqL',
61 silly reify   'C:\\xampp\\htdocs\\repo\\kyro-3\\node_modules\\magic-string': 'C:\\xampp\\htdocs\\repo\\kyro-3\\node_modules\\.magic-string-pPegxJPg',
61 silly reify   'C:\\xampp\\htdocs\\repo\\kyro-3\\node_modules\\mimic-fn': 'C:\\xampp\\htdocs\\repo\\kyro-3\\node_modules\\.mimic-fn-bV6z2nTA',
61 silly reify   'C:\\xampp\\htdocs\\repo\\kyro-3\\node_modules\\minimist': 'C:\\xampp\\htdocs\\repo\\kyro-3\\node_modules\\.minimist-8w6kQkmB',
61 silly reify   'C:\\xampp\\htdocs\\repo\\kyro-3\\node_modules\\mute-stream': 'C:\\xampp\\htdocs\\repo\\kyro-3\\node_modules\\.mute-stream-pCnGSuGg',
61 silly reify   'C:\\xampp\\htdocs\\repo\\kyro-3\\node_modules\\onetime': 'C:\\xampp\\htdocs\\repo\\kyro-3\\node_modules\\.onetime-V2FibrvY',
61 silly reify   'C:\\xampp\\htdocs\\repo\\kyro-3\\node_modules\\opencollective': 'C:\\xampp\\htdocs\\repo\\kyro-3\\node_modules\\.opencollective-EwzfaHMd',
61 silly reify   'C:\\xampp\\htdocs\\repo\\kyro-3\\node_modules\\.bin\\oc': 'C:\\xampp\\htdocs\\repo\\kyro-3\\node_modules\\.bin\\.oc-FZHRSZFq',
61 silly reify   'C:\\xampp\\htdocs\\repo\\kyro-3\\node_modules\\.bin\\oc.cmd': 'C:\\xampp\\htdocs\\repo\\kyro-3\\node_modules\\.bin\\.oc.cmd-xrSCpnMW',
61 silly reify   'C:\\xampp\\htdocs\\repo\\kyro-3\\node_modules\\.bin\\oc.ps1': 'C:\\xampp\\htdocs\\repo\\kyro-3\\node_modules\\.bin\\.oc.ps1-BUqk7GaK',
61 silly reify   'C:\\xampp\\htdocs\\repo\\kyro-3\\node_modules\\.bin\\opencollective': 'C:\\xampp\\htdocs\\repo\\kyro-3\\node_modules\\.bin\\.opencollective-TY9GvVKn',
61 silly reify   'C:\\xampp\\htdocs\\repo\\kyro-3\\node_modules\\.bin\\opencollective.cmd': 'C:\\xampp\\htdocs\\repo\\kyro-3\\node_modules\\.bin\\.opencollective.cmd-wpG1S4LR',
61 silly reify   'C:\\xampp\\htdocs\\repo\\kyro-3\\node_modules\\.bin\\opencollective.ps1': 'C:\\xampp\\htdocs\\repo\\kyro-3\\node_modules\\.bin\\.opencollective.ps1-7qZF5YdK',
61 silly reify   'C:\\xampp\\htdocs\\repo\\kyro-3\\node_modules\\opencollective-postinstall': 'C:\\xampp\\htdocs\\repo\\kyro-3\\node_modules\\.opencollective-postinstall-Y1p5OGFu',
61 silly reify   'C:\\xampp\\htdocs\\repo\\kyro-3\\node_modules\\.bin\\opencollective-postinstall': 'C:\\xampp\\htdocs\\repo\\kyro-3\\node_modules\\.bin\\.opencollective-postinstall-PHKHsTSg',
61 silly reify   'C:\\xampp\\htdocs\\repo\\kyro-3\\node_modules\\.bin\\opencollective-postinstall.cmd': 'C:\\xampp\\htdocs\\repo\\kyro-3\\node_modules\\.bin\\.opencollective-postinstall.cmd-52bRLISG',
61 silly reify   'C:\\xampp\\htdocs\\repo\\kyro-3\\node_modules\\.bin\\opencollective-postinstall.ps1': 'C:\\xampp\\htdocs\\repo\\kyro-3\\node_modules\\.bin\\.opencollective-postinstall.ps1-CY0l6qnc',
61 silly reify   'C:\\xampp\\htdocs\\repo\\kyro-3\\node_modules\\opn': 'C:\\xampp\\htdocs\\repo\\kyro-3\\node_modules\\.opn-MHwK9gDR',
61 silly reify   'C:\\xampp\\htdocs\\repo\\kyro-3\\node_modules\\os-tmpdir': 'C:\\xampp\\htdocs\\repo\\kyro-3\\node_modules\\.os-tmpdir-woc4CLri',
61 silly reify   'C:\\xampp\\htdocs\\repo\\kyro-3\\node_modules\\pinkie': 'C:\\xampp\\htdocs\\repo\\kyro-3\\node_modules\\.pinkie-D3zEFyCP',
61 silly reify   'C:\\xampp\\htdocs\\repo\\kyro-3\\node_modules\\pinkie-promise': 'C:\\xampp\\htdocs\\repo\\kyro-3\\node_modules\\.pinkie-promise-ZmpV3Zmw',
61 silly reify   'C:\\xampp\\htdocs\\repo\\kyro-3\\node_modules\\restore-cursor': 'C:\\xampp\\htdocs\\repo\\kyro-3\\node_modules\\.restore-cursor-QFaaG4mv',
61 silly reify   'C:\\xampp\\htdocs\\repo\\kyro-3\\node_modules\\run-async': 'C:\\xampp\\htdocs\\repo\\kyro-3\\node_modules\\.run-async-Ip068UJ2',
61 silly reify   'C:\\xampp\\htdocs\\repo\\kyro-3\\node_modules\\rx': 'C:\\xampp\\htdocs\\repo\\kyro-3\\node_modules\\.rx-LJJfZH9R',
61 silly reify   'C:\\xampp\\htdocs\\repo\\kyro-3\\node_modules\\supports-color': 'C:\\xampp\\htdocs\\repo\\kyro-3\\node_modules\\.supports-color-E1Z2qVsf',
61 silly reify   'C:\\xampp\\htdocs\\repo\\kyro-3\\node_modules\\through': 'C:\\xampp\\htdocs\\repo\\kyro-3\\node_modules\\.through-IEmxFE1r',
61 silly reify   'C:\\xampp\\htdocs\\repo\\kyro-3\\node_modules\\tmp': 'C:\\xampp\\htdocs\\repo\\kyro-3\\node_modules\\.tmp-zfxBQZLz',
61 silly reify   'C:\\xampp\\htdocs\\repo\\kyro-3\\node_modules\\vue': 'C:\\xampp\\htdocs\\repo\\kyro-3\\node_modules\\.vue-M3Eekq9x',
61 silly reify   'C:\\xampp\\htdocs\\repo\\kyro-3\\node_modules\\x-data-spreadsheet': 'C:\\xampp\\htdocs\\repo\\kyro-3\\node_modules\\.x-data-spreadsheet-bphfm9Gx'
61 silly reify }
62 silly audit bulk request {
62 silly audit   '@alloc/quick-lru': [ '5.2.0' ],
62 silly audit   '@ampproject/remapping': [ '2.3.0' ],
62 silly audit   '@babel/code-frame': [ '7.27.1' ],
62 silly audit   '@babel/compat-data': [ '7.28.0' ],
62 silly audit   '@babel/core': [ '7.28.3' ],
62 silly audit   '@babel/generator': [ '7.28.3' ],
62 silly audit   '@babel/helper-compilation-targets': [ '7.27.2' ],
62 silly audit   '@babel/helper-globals': [ '7.28.0' ],
62 silly audit   '@babel/helper-module-imports': [ '7.27.1' ],
62 silly audit   '@babel/helper-module-transforms': [ '7.28.3' ],
62 silly audit   '@babel/helper-plugin-utils': [ '7.27.1' ],
62 silly audit   '@babel/helper-string-parser': [ '7.27.1' ],
62 silly audit   '@babel/helper-validator-identifier': [ '7.27.1' ],
62 silly audit   '@babel/helper-validator-option': [ '7.27.1' ],
62 silly audit   '@babel/helpers': [ '7.28.3' ],
62 silly audit   '@babel/parser': [ '7.28.3' ],
62 silly audit   '@babel/plugin-transform-react-jsx-self': [ '7.27.1' ],
62 silly audit   '@babel/plugin-transform-react-jsx-source': [ '7.27.1' ],
62 silly audit   '@babel/runtime': [ '7.28.4' ],
62 silly audit   '@babel/template': [ '7.27.2' ],
62 silly audit   '@babel/traverse': [ '7.28.3' ],
62 silly audit   '@babel/types': [ '7.28.2' ],
62 silly audit   '@date-fns/tz': [ '1.4.1' ],
62 silly audit   '@esbuild/aix-ppc64': [ '0.21.5' ],
62 silly audit   '@esbuild/android-arm': [ '0.21.5' ],
62 silly audit   '@esbuild/android-arm64': [ '0.21.5' ],
62 silly audit   '@esbuild/android-x64': [ '0.21.5' ],
62 silly audit   '@esbuild/darwin-arm64': [ '0.21.5' ],
62 silly audit   '@esbuild/darwin-x64': [ '0.21.5' ],
62 silly audit   '@esbuild/freebsd-arm64': [ '0.21.5' ],
62 silly audit   '@esbuild/freebsd-x64': [ '0.21.5' ],
62 silly audit   '@esbuild/linux-arm': [ '0.21.5' ],
62 silly audit   '@esbuild/linux-arm64': [ '0.21.5' ],
62 silly audit   '@esbuild/linux-ia32': [ '0.21.5' ],
62 silly audit   '@esbuild/linux-loong64': [ '0.21.5' ],
62 silly audit   '@esbuild/linux-mips64el': [ '0.21.5' ],
62 silly audit   '@esbuild/linux-ppc64': [ '0.21.5' ],
62 silly audit   '@esbuild/linux-riscv64': [ '0.21.5' ],
62 silly audit   '@esbuild/linux-s390x': [ '0.21.5' ],
62 silly audit   '@esbuild/linux-x64': [ '0.21.5' ],
62 silly audit   '@esbuild/netbsd-x64': [ '0.21.5' ],
62 silly audit   '@esbuild/openbsd-x64': [ '0.21.5' ],
62 silly audit   '@esbuild/sunos-x64': [ '0.21.5' ],
62 silly audit   '@esbuild/win32-arm64': [ '0.21.5' ],
62 silly audit   '@esbuild/win32-ia32': [ '0.21.5' ],
62 silly audit   '@esbuild/win32-x64': [ '0.21.5' ],
62 silly audit   '@floating-ui/core': [ '1.7.3' ],
62 silly audit   '@floating-ui/dom': [ '1.7.4' ],
62 silly audit   '@floating-ui/react': [ '0.27.16' ],
62 silly audit   '@floating-ui/react-dom': [ '2.1.6' ],
62 silly audit   '@floating-ui/utils': [ '0.2.10' ],
62 silly audit   '@fullcalendar/core': [ '6.1.19' ],
62 silly audit   '@fullcalendar/daygrid': [ '6.1.19' ],
62 silly audit   '@fullcalendar/interaction': [ '6.1.19' ],
62 silly audit   '@fullcalendar/react': [ '6.1.19' ],
62 silly audit   '@fullcalendar/timegrid': [ '6.1.19' ],
62 silly audit   '@headlessui/react': [ '1.7.19' ],
62 silly audit   '@hello-pangea/dnd': [ '18.0.1' ],
62 silly audit   '@inertiajs/core': [ '1.3.0' ],
62 silly audit   '@inertiajs/react': [ '1.3.0' ],
62 silly audit   '@isaacs/cliui': [ '8.0.2' ],
62 silly audit   '@jridgewell/gen-mapping': [ '0.3.13' ],
62 silly audit   '@jridgewell/resolve-uri': [ '3.1.2' ],
62 silly audit   '@jridgewell/sourcemap-codec': [ '1.5.5' ],
62 silly audit   '@jridgewell/trace-mapping': [ '0.3.30' ],
62 silly audit   '@nodelib/fs.scandir': [ '2.1.5' ],
62 silly audit   '@nodelib/fs.stat': [ '2.0.5' ],
62 silly audit   '@nodelib/fs.walk': [ '1.2.8' ],
62 silly audit   '@pkgjs/parseargs': [ '0.11.0' ],
62 silly audit   '@radix-ui/number': [ '1.1.1' ],
62 silly audit   '@radix-ui/primitive': [ '1.1.3' ],
62 silly audit   '@radix-ui/react-alert-dialog': [ '1.1.15' ],
62 silly audit   '@radix-ui/react-arrow': [ '1.1.7' ],
62 silly audit   '@radix-ui/react-avatar': [ '1.1.10' ],
62 silly audit   '@radix-ui/react-checkbox': [ '1.3.3' ],
62 silly audit   '@radix-ui/react-collapsible': [ '1.1.12' ],
62 silly audit   '@radix-ui/react-collection': [ '1.1.7' ],
62 silly audit   '@radix-ui/react-compose-refs': [ '1.1.2' ],
62 silly audit   '@radix-ui/react-context': [ '1.1.2' ],
62 silly audit   '@radix-ui/react-dialog': [ '1.1.15' ],
62 silly audit   '@radix-ui/react-direction': [ '1.1.1' ],
62 silly audit   '@radix-ui/react-dismissable-layer': [ '1.1.11' ],
62 silly audit   '@radix-ui/react-dropdown-menu': [ '2.1.16' ],
62 silly audit   '@radix-ui/react-focus-guards': [ '1.1.3' ],
62 silly audit   '@radix-ui/react-focus-scope': [ '1.1.7' ],
62 silly audit   '@radix-ui/react-id': [ '1.1.1' ],
62 silly audit   '@radix-ui/react-label': [ '2.1.7' ],
62 silly audit   '@radix-ui/react-menu': [ '2.1.16' ],
62 silly audit   '@radix-ui/react-popover': [ '1.1.15' ],
62 silly audit   '@radix-ui/react-popper': [ '1.2.8' ],
62 silly audit   '@radix-ui/react-portal': [ '1.1.9' ],
62 silly audit   '@radix-ui/react-presence': [ '1.1.5' ],
62 silly audit   '@radix-ui/react-primitive': [ '2.1.3' ],
62 silly audit   '@radix-ui/react-radio-group': [ '1.3.8' ],
62 silly audit   '@radix-ui/react-roving-focus': [ '1.1.11' ],
62 silly audit   '@radix-ui/react-scroll-area': [ '1.2.10' ],
62 silly audit   '@radix-ui/react-select': [ '2.2.6' ],
62 silly audit   '@radix-ui/react-separator': [ '1.1.7' ],
62 silly audit   '@radix-ui/react-slider': [ '1.3.6' ],
62 silly audit   '@radix-ui/react-slot': [ '1.2.3' ],
62 silly audit   '@radix-ui/react-switch': [ '1.2.6' ],
62 silly audit   '@radix-ui/react-toggle': [ '1.1.10' ],
62 silly audit   '@radix-ui/react-tooltip': [ '1.2.8' ],
62 silly audit   '@radix-ui/react-use-callback-ref': [ '1.1.1' ],
62 silly audit   '@radix-ui/react-use-controllable-state': [ '1.2.2' ],
62 silly audit   '@radix-ui/react-use-effect-event': [ '0.0.2' ],
62 silly audit   '@radix-ui/react-use-escape-keydown': [ '1.1.1' ],
62 silly audit   '@radix-ui/react-use-is-hydrated': [ '0.1.0' ],
62 silly audit   '@radix-ui/react-use-layout-effect': [ '1.1.1' ],
62 silly audit   '@radix-ui/react-use-previous': [ '1.1.1' ],
62 silly audit   '@radix-ui/react-use-rect': [ '1.1.1' ],
62 silly audit   '@radix-ui/react-use-size': [ '1.1.1' ],
62 silly audit   '@radix-ui/react-visually-hidden': [ '1.2.3' ],
62 silly audit   '@radix-ui/rect': [ '1.1.1' ],
62 silly audit   '@reduxjs/toolkit': [ '2.9.0' ],
62 silly audit   '@remirror/core-constants': [ '3.0.0' ],
62 silly audit   '@rolldown/pluginutils': [ '1.0.0-beta.27' ],
62 silly audit   '@rollup/rollup-android-arm-eabi': [ '4.49.0' ],
62 silly audit   '@rollup/rollup-android-arm64': [ '4.49.0' ],
62 silly audit   '@rollup/rollup-darwin-arm64': [ '4.49.0' ],
62 silly audit   '@rollup/rollup-darwin-x64': [ '4.49.0' ],
62 silly audit   '@rollup/rollup-freebsd-arm64': [ '4.49.0' ],
62 silly audit   '@rollup/rollup-freebsd-x64': [ '4.49.0' ],
62 silly audit   '@rollup/rollup-linux-arm-gnueabihf': [ '4.49.0' ],
62 silly audit   '@rollup/rollup-linux-arm-musleabihf': [ '4.49.0' ],
62 silly audit   '@rollup/rollup-linux-arm64-gnu': [ '4.49.0' ],
62 silly audit   '@rollup/rollup-linux-arm64-musl': [ '4.49.0' ],
62 silly audit   '@rollup/rollup-linux-loongarch64-gnu': [ '4.49.0' ],
62 silly audit   '@rollup/rollup-linux-ppc64-gnu': [ '4.49.0' ],
62 silly audit   '@rollup/rollup-linux-riscv64-gnu': [ '4.49.0' ],
62 silly audit   '@rollup/rollup-linux-riscv64-musl': [ '4.49.0' ],
62 silly audit   '@rollup/rollup-linux-s390x-gnu': [ '4.49.0' ],
62 silly audit   '@rollup/rollup-linux-x64-gnu': [ '4.49.0' ],
62 silly audit   '@rollup/rollup-linux-x64-musl': [ '4.49.0' ],
62 silly audit   '@rollup/rollup-win32-arm64-msvc': [ '4.49.0' ],
62 silly audit   '@rollup/rollup-win32-ia32-msvc': [ '4.49.0' ],
62 silly audit   '@rollup/rollup-win32-x64-msvc': [ '4.49.0' ],
62 silly audit   '@standard-schema/spec': [ '1.0.0' ],
62 silly audit   '@standard-schema/utils': [ '0.3.0' ],
62 silly audit   '@syncfusion/ej2-base': [ '31.2.12' ],
62 silly audit   '@syncfusion/ej2-buttons': [ '31.2.12' ],
62 silly audit   '@syncfusion/ej2-data': [ '31.2.12' ],
62 silly audit   '@syncfusion/ej2-diagrams': [ '31.2.15' ],
62 silly audit   '@syncfusion/ej2-icons': [ '31.2.12' ],
62 silly audit   '@syncfusion/ej2-inputs': [ '31.2.15' ],
62 silly audit   '@syncfusion/ej2-lists': [ '31.2.12' ],
62 silly audit   '@syncfusion/ej2-navigations': [ '31.2.12' ],
62 silly audit   '@syncfusion/ej2-popups': [ '31.2.12' ],
62 silly audit   '@syncfusion/ej2-react-base': [ '31.2.12' ],
62 silly audit   '@syncfusion/ej2-react-diagrams': [ '31.2.15' ],
62 silly audit   '@syncfusion/ej2-react-navigations': [ '31.2.12' ],
62 silly audit   '@syncfusion/ej2-splitbuttons': [ '31.2.12' ],
62 silly audit   '@tailwindcss/forms': [ '0.5.10' ],
62 silly audit   '@tanstack/react-virtual': [ '3.13.12' ],
62 silly audit   '@tanstack/virtual-core': [ '3.13.12' ],
62 silly audit   '@tiptap/core': [ '3.3.0' ],
62 silly audit   '@tiptap/extension-blockquote': [ '3.3.0' ],
62 silly audit   '@tiptap/extension-bold': [ '3.3.0' ],
62 silly audit   '@tiptap/extension-bubble-menu': [ '3.3.0' ],
62 silly audit   '@tiptap/extension-bullet-list': [ '3.3.0' ],
62 silly audit   '@tiptap/extension-code': [ '3.3.0' ],
62 silly audit   '@tiptap/extension-code-block': [ '3.3.0' ],
62 silly audit   '@tiptap/extension-color': [ '3.3.0' ],
62 silly audit   '@tiptap/extension-document': [ '3.3.0' ],
62 silly audit   '@tiptap/extension-dropcursor': [ '3.3.0' ],
62 silly audit   '@tiptap/extension-floating-menu': [ '3.3.0' ],
62 silly audit   '@tiptap/extension-gapcursor': [ '3.3.0' ],
62 silly audit   '@tiptap/extension-hard-break': [ '3.3.0' ],
62 silly audit   '@tiptap/extension-heading': [ '3.3.0' ],
62 silly audit   '@tiptap/extension-highlight': [ '3.3.0' ],
62 silly audit   '@tiptap/extension-horizontal-rule': [ '3.3.0' ],
62 silly audit   '@tiptap/extension-italic': [ '3.3.0' ],
62 silly audit   '@tiptap/extension-link': [ '3.3.0' ],
62 silly audit   '@tiptap/extension-list': [ '3.3.0' ],
62 silly audit   '@tiptap/extension-list-item': [ '3.3.0' ],
62 silly audit   '@tiptap/extension-list-keymap': [ '3.3.0' ],
62 silly audit   '@tiptap/extension-ordered-list': [ '3.3.0' ],
62 silly audit   '@tiptap/extension-paragraph': [ '3.3.0' ],
62 silly audit   '@tiptap/extension-strike': [ '3.3.0' ],
62 silly audit   '@tiptap/extension-text': [ '3.3.0' ],
62 silly audit   '@tiptap/extension-text-align': [ '3.3.0' ],
62 silly audit   '@tiptap/extension-text-style': [ '3.3.0' ],
62 silly audit   '@tiptap/extension-underline': [ '3.3.0' ],
62 silly audit   '@tiptap/extensions': [ '3.3.0' ],
62 silly audit   '@tiptap/pm': [ '3.3.0' ],
62 silly audit   '@tiptap/react': [ '3.3.0' ],
62 silly audit   '@tiptap/starter-kit': [ '3.3.0' ],
62 silly audit   '@types/babel__core': [ '7.20.5' ],
62 silly audit   '@types/babel__generator': [ '7.27.0' ],
62 silly audit   '@types/babel__template': [ '7.4.4' ],
62 silly audit   '@types/babel__traverse': [ '7.28.0' ],
62 silly audit   '@types/d3-array': [ '3.2.2' ],
62 silly audit   '@types/d3-color': [ '3.1.3' ],
62 silly audit   '@types/d3-ease': [ '3.0.2' ],
62 silly audit   '@types/d3-interpolate': [ '3.0.4' ],
62 silly audit   '@types/d3-path': [ '3.1.1' ],
62 silly audit   '@types/d3-scale': [ '4.0.9' ],
62 silly audit   '@types/d3-shape': [ '3.1.7' ],
62 silly audit   '@types/d3-time': [ '3.0.4' ],
62 silly audit   '@types/d3-timer': [ '3.0.2' ],
62 silly audit   '@types/estree': [ '1.0.8' ],
62 silly audit   '@types/jsbarcode': [ '3.11.4' ],
62 silly audit   '@types/linkify-it': [ '5.0.0' ],
62 silly audit   '@types/markdown-it': [ '14.1.2' ],
62 silly audit   '@types/mdurl': [ '2.0.0' ],
62 silly audit   '@types/node': [ '18.19.123' ],
62 silly audit   '@types/pako': [ '2.0.4' ],
62 silly audit   '@types/prop-types': [ '15.7.15' ],
62 silly audit   '@types/qrcode': [ '1.5.5' ],
62 silly audit   '@types/raf': [ '3.4.3' ],
62 silly audit   '@types/react': [ '18.3.24' ],
62 silly audit   '@types/react-dom': [ '18.3.7' ],
62 silly audit   '@types/react-google-recaptcha': [ '2.1.9' ],
62 silly audit   '@types/trusted-types': [ '2.0.7' ],
62 silly audit   '@types/use-sync-external-store': [ '0.0.6' ],
62 silly audit   '@vitejs/plugin-react': [ '4.7.0' ],
62 silly audit   'ansi-regex': [ '6.2.0', '5.0.1' ],
62 silly audit   'ansi-styles': [ '6.2.1', '4.3.0' ],
62 silly audit   'any-promise': [ '1.3.0' ],
62 silly audit   anymatch: [ '3.1.3' ],
62 silly audit   arg: [ '5.0.2' ],
62 silly audit   argparse: [ '2.0.1' ],
62 silly audit   'aria-hidden': [ '1.2.6' ],
62 silly audit   asynckit: [ '0.4.0' ],
62 silly audit   autoprefixer: [ '10.4.21' ],
62 silly audit   axios: [ '1.12.0' ],
62 silly audit   'core-js': [ '3.45.1' ],
62 silly audit   'regenerator-runtime': [ '0.13.11' ],
62 silly audit   'balanced-match': [ '1.0.2' ],
62 silly audit   'base64-arraybuffer': [ '1.0.2' ],
62 silly audit   'binary-extensions': [ '2.3.0' ],
62 silly audit   'brace-expansion': [ '2.0.2' ],
62 silly audit   braces: [ '3.0.3' ],
62 silly audit   browserslist: [ '4.25.3' ],
62 silly audit   'call-bind-apply-helpers': [ '1.0.2' ],
62 silly audit   'call-bound': [ '1.0.4' ],
62 silly audit   camelcase: [ '5.3.1' ],
62 silly audit   'camelcase-css': [ '2.0.1' ],
62 silly audit   'caniuse-lite': [ '1.0.30001737' ],
62 silly audit   canvg: [ '3.0.11' ],
62 silly audit   'escape-string-regexp': [ '4.0.0' ],
62 silly audit   'strip-ansi': [ '6.0.1', '7.1.0' ],
62 silly audit   chokidar: [ '3.6.0' ],
62 silly audit   'glob-parent': [ '5.1.2', '6.0.2' ],
62 silly audit   'class-variance-authority': [ '0.7.1' ],
62 silly audit   'client-only': [ '0.0.1' ],
62 silly audit   cliui: [ '6.0.0' ],
62 silly audit   'emoji-regex': [ '8.0.0', '9.2.2' ],
62 silly audit   'string-width': [ '4.2.3', '5.1.2' ],
62 silly audit   'wrap-ansi': [ '6.2.0', '8.1.0', '7.0.0' ],
62 silly audit   clsx: [ '2.1.1' ],
62 silly audit   'color-convert': [ '2.0.1' ],
62 silly audit   'color-name': [ '1.1.4' ],
62 silly audit   'combined-stream': [ '1.0.8' ],
62 silly audit   commander: [ '4.1.1' ],
62 silly audit   'convert-source-map': [ '2.0.0' ],
62 silly audit   'copy-anything': [ '2.0.6' ],
62 silly audit   crelt: [ '1.0.6' ],
62 silly audit   'cross-fetch': [ '4.0.0' ],
62 silly audit   'cross-spawn': [ '7.0.6' ],
62 silly audit   'css-box-model': [ '1.2.1' ],
62 silly audit   'css-line-break': [ '2.1.0' ],
62 silly audit   cssesc: [ '3.0.0' ],
62 silly audit   csstype: [ '3.1.3' ],
62 silly audit   'd3-array': [ '3.2.4' ],
62 silly audit   'd3-color': [ '3.1.0' ],
62 silly audit   'd3-ease': [ '3.0.1' ],
62 silly audit   'd3-format': [ '3.1.0' ],
62 silly audit   'd3-interpolate': [ '3.0.1' ],
62 silly audit   'd3-path': [ '3.1.0' ],
62 silly audit   'd3-scale': [ '4.0.2' ],
62 silly audit   'd3-shape': [ '3.2.0' ],
62 silly audit   'd3-time': [ '3.1.0' ],
62 silly audit   'd3-time-format': [ '4.1.0' ],
62 silly audit   'd3-timer': [ '3.0.1' ],
62 silly audit   'date-fns': [ '3.6.0', '4.1.0' ],
62 silly audit   'date-fns-jalali': [ '4.1.0-0' ],
62 silly audit   debug: [ '4.4.1' ],
62 silly audit   decamelize: [ '1.2.0' ],
62 silly audit   'decimal.js-light': [ '2.5.1' ],
62 silly audit   deepmerge: [ '4.3.1' ],
62 silly audit   'delayed-stream': [ '1.0.0' ],
62 silly audit   'detect-node-es': [ '1.1.0' ],
62 silly audit   didyoumean: [ '1.2.2' ],
62 silly audit   dijkstrajs: [ '1.0.3' ],
62 silly audit   dlv: [ '1.1.3' ],
62 silly audit   dompurify: [ '3.2.7' ],
62 silly audit   'dunder-proto': [ '1.0.1' ],
62 silly audit   eastasianwidth: [ '0.2.0' ],
62 silly audit   'electron-to-chromium': [ '1.5.211' ],
62 silly audit   entities: [ '4.5.0' ],
62 silly audit   errno: [ '0.1.8' ],
62 silly audit   'es-define-property': [ '1.0.1' ],
62 silly audit   'es-errors': [ '1.3.0' ],
62 silly audit   'es-object-atoms': [ '1.1.1' ],
62 silly audit   'es-set-tostringtag': [ '2.1.0' ],
62 silly audit   'es-toolkit': [ '1.39.10' ],
62 silly audit   esbuild: [ '0.21.5' ],
62 silly audit   escalade: [ '3.2.0' ],
62 silly audit   eventemitter3: [ '5.0.1' ],
62 silly audit   'iconv-lite': [ '0.6.3' ],
62 silly audit   'fast-deep-equal': [ '3.1.3' ],
62 silly audit   'fast-glob': [ '3.3.3' ],
62 silly audit   'fast-png': [ '6.4.0' ],
62 silly audit   fastq: [ '1.19.1' ],
62 silly audit   fflate: [ '0.8.2' ],
62 silly audit   'fill-range': [ '7.1.1' ],
62 silly audit   'find-up': [ '4.1.0' ],
62 silly audit   'follow-redirects': [ '1.15.11' ],
62 silly audit   'foreground-child': [ '3.3.1' ],
62 silly audit   'form-data': [ '4.0.4' ],
62 silly audit   'fraction.js': [ '4.3.7' ],
62 silly audit   fsevents: [ '2.3.3' ],
62 silly audit   'function-bind': [ '1.1.2' ],
62 silly audit   gensync: [ '1.0.0-beta.2' ],
62 silly audit   'get-caller-file': [ '2.0.5' ],
62 silly audit   'get-intrinsic': [ '1.3.0' ],
62 silly audit   'get-nonce': [ '1.0.1' ],
62 silly audit   'get-proto': [ '1.0.1' ],
62 silly audit   glob: [ '10.4.5' ],
62 silly audit   gopd: [ '1.2.0' ],
62 silly audit   'graceful-fs': [ '4.2.11' ],
62 silly audit   'has-symbols': [ '1.1.0' ],
62 silly audit   'has-tostringtag': [ '1.0.2' ],
62 silly audit   hasown: [ '2.0.2' ],
62 silly audit   'hoist-non-react-statics': [ '3.3.2' ],
62 silly audit   'html-parse-stringify': [ '3.0.1' ],
62 silly audit   html2canvas: [ '1.4.1' ],
62 silly audit   'html2pdf.js': [ '0.12.1' ],
62 silly audit   i18next: [ '25.4.2' ],
62 silly audit   'i18next-browser-languagedetector': [ '8.2.0' ],
62 silly audit   'i18next-http-backend': [ '3.0.2' ],
62 silly audit   'image-size': [ '0.5.5' ],
62 silly audit   immer: [ '10.1.3' ],
62 silly audit   'is-fullwidth-code-point': [ '3.0.0' ],
62 silly audit   internmap: [ '2.0.3' ],
62 silly audit   iobuffer: [ '5.4.0' ],
62 silly audit   'is-binary-path': [ '2.1.0' ],
62 silly audit   'is-core-module': [ '2.16.1' ],
62 silly audit   'is-extglob': [ '2.1.1' ],
62 silly audit   'is-glob': [ '4.0.3' ],
62 silly audit   'is-number': [ '7.0.0' ],
62 silly audit   'is-what': [ '3.14.1' ],
62 silly audit   isexe: [ '2.0.0' ],
62 silly audit   jackspeak: [ '3.4.3' ],
62 silly audit   jiti: [ '1.21.7' ],
62 silly audit   'js-tokens': [ '4.0.0' ],
62 silly audit   jsbarcode: [ '3.12.1' ],
62 silly audit   jsesc: [ '3.1.0' ],
62 silly audit   json5: [ '2.2.3' ],
62 silly audit   jspdf: [ '3.0.4' ],
62 silly audit   'jspdf-autotable': [ '5.0.2' ],
62 silly audit   'laravel-echo': [ '1.19.0' ],
62 silly audit   'laravel-vite-plugin': [ '1.3.0' ],
62 silly audit   less: [ '4.4.2' ],
62 silly audit   lilconfig: [ '3.1.3' ],
62 silly audit   'lines-and-columns': [ '1.2.4' ],
62 silly audit   'linkify-it': [ '5.0.0' ],
62 silly audit   linkifyjs: [ '4.3.2' ],
62 silly audit   'locate-path': [ '5.0.0' ],
62 silly audit   'lodash.isequal': [ '4.5.0' ],
62 silly audit   'loose-envify': [ '1.4.0' ],
62 silly audit   'lru-cache': [ '5.1.1', '10.4.3' ],
62 silly audit   'lucide-react': [ '0.378.0' ],
62 silly audit   'make-dir': [ '2.1.0' ],
62 silly audit   pify: [ '4.0.1', '2.3.0' ],
62 silly audit   semver: [ '5.7.2', '6.3.1' ],
62 silly audit   'markdown-it': [ '14.1.0' ],
62 silly audit   'math-intrinsics': [ '1.1.0' ],
62 silly audit   mdurl: [ '2.0.0' ],
62 silly audit   merge2: [ '1.4.1' ],
62 silly audit   micromatch: [ '4.0.8' ],
62 silly audit   mime: [ '1.6.0' ],
62 silly audit   'mime-db': [ '1.52.0' ],
62 silly audit   'mime-types': [ '2.1.35' ],
62 silly audit   'mini-svg-data-uri': [ '1.4.4' ],
62 silly audit   minimatch: [ '9.0.5' ],
62 silly audit   minipass: [ '7.1.2' ],
62 silly audit   ms: [ '2.1.3' ],
62 silly audit   mz: [ '2.7.0' ],
62 silly audit   nanoid: [ '3.3.11' ],
62 silly audit   needle: [ '3.3.1' ],
62 silly audit   'next-themes': [ '0.3.0' ],
62 silly audit   'node-fetch': [ '2.7.0' ],
62 silly audit   'node-releases': [ '2.0.19' ],
62 silly audit   'normalize-path': [ '3.0.0' ],
62 silly audit   'normalize-range': [ '0.1.2' ],
62 silly audit   nprogress: [ '0.2.0' ],
62 silly audit   'object-assign': [ '4.1.1' ],
62 silly audit   'object-hash': [ '3.0.0' ],
62 silly audit   'object-inspect': [ '1.13.4' ],
62 silly audit   orderedmap: [ '2.1.1' ],
62 silly audit   'p-limit': [ '2.3.0' ],
62 silly audit   'p-locate': [ '4.1.0' ],
62 silly audit   'p-try': [ '2.2.0' ],
62 silly audit   'package-json-from-dist': [ '1.0.1' ],
62 silly audit   pako: [ '2.1.0' ],
62 silly audit   'parse-node-version': [ '1.0.1' ],
62 silly audit   'path-exists': [ '4.0.0' ],
62 silly audit   'path-key': [ '3.1.1' ],
62 silly audit   'path-parse': [ '1.0.7' ],
62 silly audit   'path-scurry': [ '1.11.1' ],
62 silly audit   'performance-now': [ '2.1.0' ],
62 silly audit   picocolors: [ '1.1.1' ],
62 silly audit   picomatch: [ '2.3.1' ],
62 silly audit   pirates: [ '4.0.7' ],
62 silly audit   pngjs: [ '5.0.0' ],
62 silly audit   postcss: [ '8.5.6' ],
62 silly audit   'postcss-import': [ '15.1.0' ],
62 silly audit   'postcss-js': [ '4.0.1' ],
62 silly audit   'postcss-load-config': [ '4.0.2' ],
62 silly audit   'postcss-nested': [ '6.2.0' ],
62 silly audit   'postcss-selector-parser': [ '6.1.2' ],
62 silly audit   'postcss-value-parser': [ '4.2.0' ],
62 silly audit   preact: [ '10.12.1' ],
62 silly audit   'prop-types': [ '15.8.1' ],
62 silly audit   'prosemirror-changeset': [ '2.3.1' ],
62 silly audit   'prosemirror-collab': [ '1.3.1' ],
62 silly audit   'prosemirror-commands': [ '1.7.1' ],
62 silly audit   'prosemirror-dropcursor': [ '1.8.2' ],
62 silly audit   'prosemirror-gapcursor': [ '1.3.2' ],
62 silly audit   'prosemirror-history': [ '1.4.1' ],
62 silly audit   'prosemirror-inputrules': [ '1.5.0' ],
62 silly audit   'prosemirror-keymap': [ '1.2.3' ],
62 silly audit   'prosemirror-markdown': [ '1.13.2' ],
62 silly audit   'prosemirror-menu': [ '1.2.5' ],
62 silly audit   'prosemirror-model': [ '1.25.3' ],
62 silly audit   'prosemirror-schema-basic': [ '1.2.4' ],
62 silly audit   'prosemirror-schema-list': [ '1.5.1' ],
62 silly audit   'prosemirror-state': [ '1.4.3' ],
62 silly audit   'prosemirror-tables': [ '1.8.1' ],
62 silly audit   'prosemirror-trailing-node': [ '3.0.0' ],
62 silly audit   'prosemirror-transform': [ '1.10.4' ],
62 silly audit   'prosemirror-view': [ '1.40.1' ],
62 silly audit   'proxy-from-env': [ '1.1.0' ],
62 silly audit   prr: [ '1.0.1' ],
62 silly audit   'punycode.js': [ '2.3.1' ],
62 silly audit   'pusher-js': [ '8.4.0' ],
62 silly audit   qrcode: [ '1.5.4' ],
62 silly audit   qs: [ '6.14.0' ],
62 silly audit   'queue-microtask': [ '1.2.3' ],
62 silly audit   raf: [ '3.4.1' ],
62 silly audit   'raf-schd': [ '4.0.3' ],
62 silly audit   react: [ '18.3.1' ],
62 silly audit   'react-async-script': [ '1.2.0' ],
62 silly audit   'react-datepicker': [ '8.7.0' ],
62 silly audit   'react-day-picker': [ '9.9.0' ],
62 silly audit   'react-dom': [ '18.3.1' ],
62 silly audit   'react-google-recaptcha': [ '3.1.0' ],
62 silly audit   'react-i18next': [ '15.7.2' ],
62 silly audit   'react-is': [ '16.13.1' ],
62 silly audit   'react-redux': [ '9.2.0' ],
62 silly audit   'react-refresh': [ '0.17.0' ],
62 silly audit   'react-remove-scroll': [ '2.7.1' ],
62 silly audit   'react-remove-scroll-bar': [ '2.3.8' ],
62 silly audit   'react-signature-canvas': [ '1.0.7' ],
62 silly audit   'react-style-singleton': [ '2.2.3' ],
62 silly audit   'read-cache': [ '1.0.0' ],
62 silly audit   readdirp: [ '3.6.0' ],
62 silly audit   recharts: [ '3.2.0' ],
62 silly audit   redux: [ '5.0.1' ],
62 silly audit   'redux-thunk': [ '3.1.0' ],
62 silly audit   'require-directory': [ '2.1.1' ],
62 silly audit   'require-main-filename': [ '2.0.0' ],
62 silly audit   reselect: [ '5.1.1' ],
62 silly audit   resolve: [ '1.22.10' ],
62 silly audit   'signal-exit': [ '4.1.0' ],
62 silly audit   reusify: [ '1.1.0' ],
62 silly audit   rgbcolor: [ '1.0.1' ],
62 silly audit   rollup: [ '4.49.0' ],
62 silly audit   'rope-sequence': [ '1.3.4' ],
62 silly audit   'run-parallel': [ '1.2.0' ],
62 silly audit   'safer-buffer': [ '2.1.2' ],
62 silly audit   sax: [ '1.4.3' ],
62 silly audit   scheduler: [ '0.23.2' ],
62 silly audit   'set-blocking': [ '2.0.0' ],
62 silly audit   'shebang-command': [ '2.0.0' ],
62 silly audit   'shebang-regex': [ '3.0.0' ],
62 silly audit   'side-channel': [ '1.1.0' ],
62 silly audit   'side-channel-list': [ '1.0.0' ],
62 silly audit   'side-channel-map': [ '1.0.1' ],
62 silly audit   'side-channel-weakmap': [ '1.0.2' ],
62 silly audit   signature_pad: [ '2.3.2' ],
62 silly audit   sonner: [ '2.0.7' ],
62 silly audit   'source-map': [ '0.6.1' ],
62 silly audit   'source-map-js': [ '1.2.1' ],
62 silly audit   'stackblur-canvas': [ '2.7.0' ],
62 silly audit   sucrase: [ '3.35.0' ],
62 silly audit   'supports-preserve-symlinks-flag': [ '1.0.0' ],
62 silly audit   'svg-pathdata': [ '6.0.3' ],
62 silly audit   tabbable: [ '6.2.0' ],
62 silly audit   'tailwind-merge': [ '2.6.0' ],
62 silly audit   tailwindcss: [ '3.4.17' ],
62 silly audit   'tailwindcss-animate': [ '1.0.7' ],
62 silly audit   'text-segmentation': [ '1.0.3' ],
62 silly audit   thenify: [ '3.3.1' ],
62 silly audit   'thenify-all': [ '1.6.0' ],
62 silly audit   'tiny-invariant': [ '1.3.3' ],
62 silly audit   'to-regex-range': [ '5.0.1' ],
62 silly audit   tr46: [ '0.0.3' ],
62 silly audit   'trim-canvas': [ '0.1.2' ],
62 silly audit   'ts-interface-checker': [ '0.1.13' ],
62 silly audit   tslib: [ '2.8.1' ],
62 silly audit   tweetnacl: [ '1.0.3' ],
62 silly audit   typescript: [ '5.9.2' ],
62 silly audit   'uc.micro': [ '2.1.0' ],
62 silly audit   'undici-types': [ '5.26.5' ],
62 silly audit   'unicode-emoji-json': [ '0.8.0' ],
62 silly audit   'update-browserslist-db': [ '1.1.3' ],
62 silly audit   'use-callback-ref': [ '1.3.3' ],
62 silly audit   'use-sidecar': [ '1.1.3' ],
62 silly audit   'use-sync-external-store': [ '1.5.0' ],
62 silly audit   'util-deprecate': [ '1.0.2' ],
62 silly audit   utrie: [ '1.0.2' ],
62 silly audit   'victory-vendor': [ '37.3.6' ],
62 silly audit   vite: [ '5.4.20' ],
62 silly audit   'vite-plugin-full-reload': [ '1.2.0' ],
62 silly audit   'void-elements': [ '3.1.0' ],
62 silly audit   'w3c-keyname': [ '2.2.8' ],
62 silly audit   'webidl-conversions': [ '3.0.1' ],
62 silly audit   'whatwg-url': [ '5.0.0' ],
62 silly audit   which: [ '2.0.2' ],
62 silly audit   'which-module': [ '2.0.1' ],
62 silly audit   y18n: [ '4.0.3' ],
62 silly audit   yallist: [ '3.1.1' ],
62 silly audit   yaml: [ '2.8.1' ],
62 silly audit   yargs: [ '15.4.1' ],
62 silly audit   'yargs-parser': [ '18.1.3' ]
62 silly audit }
63 http fetch POST 200 https://registry.npmjs.org/-/npm/v1/security/advisories/bulk 609ms
64 silly audit report {
64 silly audit report   axios: [
64 silly audit report     {
64 silly audit report       id: 1113275,
64 silly audit report       url: 'https://github.com/advisories/GHSA-43fc-jf86-j433',
64 silly audit report       title: 'Axios is Vulnerable to Denial of Service via __proto__ Key in mergeConfig',
64 silly audit report       severity: 'high',
64 silly audit report       vulnerable_versions: '>=1.0.0 <=1.13.4',
64 silly audit report       cwe: [Array],
64 silly audit report       cvss: [Object]
64 silly audit report     }
64 silly audit report   ],
64 silly audit report   dompurify: [
64 silly audit report     {
64 silly audit report       id: 1114017,
64 silly audit report       url: 'https://github.com/advisories/GHSA-v2wj-7wpq-c8vv',
64 silly audit report       title: 'DOMPurify contains a Cross-site Scripting vulnerability',
64 silly audit report       severity: 'moderate',
64 silly audit report       vulnerable_versions: '>=3.1.3 <=3.3.1',
64 silly audit report       cwe: [Array],
64 silly audit report       cvss: [Object]
64 silly audit report     }
64 silly audit report   ],
64 silly audit report   esbuild: [
64 silly audit report     {
64 silly audit report       id: 1102341,
64 silly audit report       url: 'https://github.com/advisories/GHSA-67mh-4wv8-2f99',
64 silly audit report       title: 'esbuild enables any website to send any requests to the development server and read the response',
64 silly audit report       severity: 'moderate',
64 silly audit report       vulnerable_versions: '<=0.24.2',
64 silly audit report       cwe: [Array],
64 silly audit report       cvss: [Object]
64 silly audit report     }
64 silly audit report   ],
64 silly audit report   glob: [
64 silly audit report     {
64 silly audit report       id: 1109842,
64 silly audit report       url: 'https://github.com/advisories/GHSA-5j98-mcp5-4vw2',
64 silly audit report       title: 'glob CLI: Command injection via -c/--cmd executes matches with shell:true',
64 silly audit report       severity: 'high',
64 silly audit report       vulnerable_versions: '>=10.2.0 <10.5.0',
64 silly audit report       cwe: [Array],
64 silly audit report       cvss: [Object]
64 silly audit report     }
64 silly audit report   ],
64 silly audit report   'html2pdf.js': [
64 silly audit report     {
64 silly audit report       id: 1112433,
64 silly audit report       url: 'https://github.com/advisories/GHSA-w8x4-x68c-m6fc',
64 silly audit report       title: 'html2pdf.js contains a cross-site scripting vulnerability',
64 silly audit report       severity: 'high',
64 silly audit report       vulnerable_versions: '<0.14.0',
64 silly audit report       cwe: [Array],
64 silly audit report       cvss: [Object]
64 silly audit report     }
64 silly audit report   ],
64 silly audit report   jspdf: [
64 silly audit report     {
64 silly audit report       id: 1112264,
64 silly audit report       url: 'https://github.com/advisories/GHSA-f8cm-6447-x5h2',
64 silly audit report       title: 'jsPDF has Local File Inclusion/Path Traversal vulnerability',
64 silly audit report       severity: 'critical',
64 silly audit report       vulnerable_versions: '<=3.0.4',
64 silly audit report       cwe: [Array],
64 silly audit report       cvss: [Object]
64 silly audit report     },
64 silly audit report     {
64 silly audit report       id: 1112801,
64 silly audit report       url: 'https://github.com/advisories/GHSA-pqxr-3g65-p328',
64 silly audit report       title: 'jsPDF has PDF Injection in AcroFormChoiceField that allows Arbitrary JavaScript Execution',
64 silly audit report       severity: 'high',
64 silly audit report       vulnerable_versions: '<=4.0.0',
64 silly audit report       cwe: [Array],
64 silly audit report       cvss: [Object]
64 silly audit report     },
64 silly audit report     {
64 silly audit report       id: 1112802,
64 silly audit report       url: 'https://github.com/advisories/GHSA-95fx-jjr5-f39c',
64 silly audit report       title: 'jsPDF Vulnerable to Denial of Service (DoS) via Unvalidated BMP Dimensions in BMPDecoder',
64 silly audit report       severity: 'high',
64 silly audit report       vulnerable_versions: '<=4.0.0',
64 silly audit report       cwe: [Array],
64 silly audit report       cvss: [Object]
64 silly audit report     },
64 silly audit report     {
64 silly audit report       id: 1112803,
64 silly audit report       url: 'https://github.com/advisories/GHSA-vm32-vv63-w422',
64 silly audit report       title: 'jsPDF Vulnerable to Stored XMP Metadata Injection (Spoofing & Integrity Violation)',
64 silly audit report       severity: 'moderate',
64 silly audit report       vulnerable_versions: '<=4.0.0',
64 silly audit report       cwe: [Array],
64 silly audit report       cvss: [Object]
64 silly audit report     },
64 silly audit report     {
64 silly audit report       id: 1112804,
64 silly audit report       url: 'https://github.com/advisories/GHSA-cjw8-79x6-5cj4',
64 silly audit report       title: 'jsPDF has Shared State Race Condition in addJS Plugin',
64 silly audit report       severity: 'moderate',
64 silly audit report       vulnerable_versions: '<=4.0.0',
64 silly audit report       cwe: [Array],
64 silly audit report       cvss: [Object]
64 silly audit report     },
64 silly audit report     {
64 silly audit report       id: 1113309,
64 silly audit report       url: 'https://github.com/advisories/GHSA-p5xg-68wr-hm3m',
64 silly audit report       title: 'jsPDF has a PDF Injection in AcroForm module allows Arbitrary JavaScript Execution (RadioButton.createOption and "AS" property)',
64 silly audit report       severity: 'high',
64 silly audit report       vulnerable_versions: '<4.2.0',
64 silly audit report       cwe: [Array],
64 silly audit report       cvss: [Object]
64 silly audit report     },
64 silly audit report     {
64 silly audit report       id: 1113310,
64 silly audit report       url: 'https://github.com/advisories/GHSA-9vjf-qc39-jprp',
64 silly audit report       title: 'jsPDF has a PDF Object Injection via Unsanitized Input in addJS Method',
64 silly audit report       severity: 'high',
64 silly audit report       vulnerable_versions: '<4.2.0',
64 silly audit report       cwe: [Array],
64 silly audit report       cvss: [Object]
64 silly audit report     },
64 silly audit report     {
64 silly audit report       id: 1113324,
64 silly audit report       url: 'https://github.com/advisories/GHSA-67pg-wm7f-q7fj',
64 silly audit report       title: 'jsPDF Affected by Client-Side/Server-Side Denial of Service via Malicious GIF Dimensions',
64 silly audit report       severity: 'high',
64 silly audit report       vulnerable_versions: '<4.2.0',
64 silly audit report       cwe: [Array],
64 silly audit report       cvss: [Object]
64 silly audit report     }
64 silly audit report   ],
64 silly audit report   'markdown-it': [
64 silly audit report     {
64 silly audit report       id: 1113190,
64 silly audit report       url: 'https://github.com/advisories/GHSA-38c4-r59v-3vqw',
64 silly audit report       title: 'markdown-it is has a Regular Expression Denial of Service (ReDoS)',
64 silly audit report       severity: 'moderate',
64 silly audit report       vulnerable_versions: '>=13.0.0 <14.1.1',
64 silly audit report       cwe: [Array],
64 silly audit report       cvss: [Object]
64 silly audit report     }
64 silly audit report   ],
64 silly audit report   minimatch: [
64 silly audit report     {
64 silly audit report       id: 1113465,
64 silly audit report       url: 'https://github.com/advisories/GHSA-3ppc-4f35-3m26',
64 silly audit report       title: 'minimatch has a ReDoS via repeated wildcards with non-matching literal in pattern',
64 silly audit report       severity: 'high',
64 silly audit report       vulnerable_versions: '>=9.0.0 <9.0.6',
64 silly audit report       cwe: [Array],
64 silly audit report       cvss: [Object]
64 silly audit report     },
64 silly audit report     {
64 silly audit report       id: 1113544,
64 silly audit report       url: 'https://github.com/advisories/GHSA-7r86-cg39-jmmj',
64 silly audit report       title: 'minimatch has ReDoS: matchOne() combinatorial backtracking via multiple non-adjacent GLOBSTAR segments',
64 silly audit report       severity: 'high',
64 silly audit report       vulnerable_versions: '>=9.0.0 <9.0.7',
64 silly audit report       cwe: [Array],
64 silly audit report       cvss: [Object]
64 silly audit report     },
64 silly audit report     {
64 silly audit report       id: 1113552,
64 silly audit report       url: 'https://github.com/advisories/GHSA-23c5-xmqv-rm74',
64 silly audit report       title: 'minimatch ReDoS: nested *() extglobs generate catastrophically backtracking regular expressions',
64 silly audit report       severity: 'high',
64 silly audit report       vulnerable_versions: '>=9.0.0 <9.0.7',
64 silly audit report       cwe: [Array],
64 silly audit report       cvss: [Object]
64 silly audit report     }
64 silly audit report   ],
64 silly audit report   qs: [
64 silly audit report     {
64 silly audit report       id: 1113161,
64 silly audit report       url: 'https://github.com/advisories/GHSA-w7fw-mjwx-w883',
64 silly audit report       title: "qs's arrayLimit bypass in comma parsing allows denial of service",
64 silly audit report       severity: 'low',
64 silly audit report       vulnerable_versions: '>=6.7.0 <=6.14.1',
64 silly audit report       cwe: [Array],
64 silly audit report       cvss: [Object]
64 silly audit report     },
64 silly audit report     {
64 silly audit report       id: 1113719,
64 silly audit report       url: 'https://github.com/advisories/GHSA-6rw7-vpxm-498p',
64 silly audit report       title: "qs's arrayLimit bypass in its bracket notation allows DoS via memory exhaustion",
64 silly audit report       severity: 'moderate',
64 silly audit report       vulnerable_versions: '<6.14.1',
64 silly audit report       cwe: [Array],
64 silly audit report       cvss: [Object]
64 silly audit report     }
64 silly audit report   ],
64 silly audit report   rollup: [
64 silly audit report     {
64 silly audit report       id: 1113515,
64 silly audit report       url: 'https://github.com/advisories/GHSA-mw96-cpmx-2vgc',
64 silly audit report       title: 'Rollup 4 has Arbitrary File Write via Path Traversal',
64 silly audit report       severity: 'high',
64 silly audit report       vulnerable_versions: '>=4.0.0 <4.59.0',
64 silly audit report       cwe: [Array],
64 silly audit report       cvss: [Object]
64 silly audit report     }
64 silly audit report   ],
64 silly audit report   vite: [
64 silly audit report     {
64 silly audit report       id: 1109131,
64 silly audit report       url: 'https://github.com/advisories/GHSA-93m4-6634-74q7',
64 silly audit report       title: 'vite allows server.fs.deny bypass via backslash on Windows',
64 silly audit report       severity: 'moderate',
64 silly audit report       vulnerable_versions: '>=5.2.6 <=5.4.20',
64 silly audit report       cwe: [Array],
64 silly audit report       cvss: [Object]
64 silly audit report     }
64 silly audit report   ]
64 silly audit report }
65 silly packumentCache corgi:https://registry.npmjs.org/axios cache-miss
66 silly packumentCache corgi:https://registry.npmjs.org/dompurify cache-miss
67 silly packumentCache corgi:https://registry.npmjs.org/esbuild cache-miss
68 silly packumentCache corgi:https://registry.npmjs.org/glob cache-miss
69 silly packumentCache corgi:https://registry.npmjs.org/html2pdf.js cache-miss
70 silly packumentCache corgi:https://registry.npmjs.org/jspdf cache-miss
71 silly packumentCache corgi:https://registry.npmjs.org/markdown-it cache-miss
72 silly packumentCache corgi:https://registry.npmjs.org/minimatch cache-miss
73 silly packumentCache corgi:https://registry.npmjs.org/qs cache-miss
74 silly packumentCache corgi:https://registry.npmjs.org/rollup cache-miss
75 silly packumentCache corgi:https://registry.npmjs.org/vite cache-miss
76 http cache https://registry.npmjs.org/jspdf 799ms (cache hit)
77 silly packumentCache corgi:https://registry.npmjs.org/jspdf set size:66192 disposed:false
78 http cache https://registry.npmjs.org/markdown-it 802ms (cache hit)
79 silly packumentCache corgi:https://registry.npmjs.org/markdown-it set size:123533 disposed:false
80 http cache https://registry.npmjs.org/glob 818ms (cache hit)
81 silly packumentCache corgi:https://registry.npmjs.org/glob set size:199194 disposed:false
82 http cache https://registry.npmjs.org/axios 831ms (cache hit)
83 silly packumentCache corgi:https://registry.npmjs.org/axios set size:273487 disposed:false
84 http cache https://registry.npmjs.org/dompurify 837ms (cache hit)
85 silly packumentCache corgi:https://registry.npmjs.org/dompurify set size:236417 disposed:false
86 http cache https://registry.npmjs.org/minimatch 830ms (cache hit)
87 silly packumentCache corgi:https://registry.npmjs.org/minimatch set size:167610 disposed:false
88 http cache https://registry.npmjs.org/qs 831ms (cache hit)
89 silly packumentCache corgi:https://registry.npmjs.org/qs set size:143799 disposed:false
90 http cache https://registry.npmjs.org/esbuild 868ms (cache hit)
91 silly packumentCache corgi:https://registry.npmjs.org/esbuild set size:879341 disposed:false
92 http cache https://registry.npmjs.org/html2pdf.js 887ms (cache hit)
93 silly packumentCache corgi:https://registry.npmjs.org/html2pdf.js set size:24274 disposed:false
94 http cache https://registry.npmjs.org/vite 873ms (cache hit)
95 silly packumentCache corgi:https://registry.npmjs.org/vite set size:2196538 disposed:false
96 http cache https://registry.npmjs.org/rollup 910ms (cache hit)
97 silly packumentCache corgi:https://registry.npmjs.org/rollup set size:2543476 disposed:false
98 silly packumentCache corgi:https://registry.npmjs.org/@inertiajs%2fcore cache-miss
99 http cache https://registry.npmjs.org/@inertiajs%2fcore 931ms (cache hit)
100 silly packumentCache corgi:https://registry.npmjs.org/@inertiajs%2fcore set size:105983 disposed:false
101 silly packumentCache corgi:https://registry.npmjs.org/sucrase cache-miss
102 http cache https://registry.npmjs.org/sucrase 38ms (cache hit)
103 silly packumentCache corgi:https://registry.npmjs.org/sucrase set size:163085 disposed:false
104 silly packumentCache corgi:https://registry.npmjs.org/jspdf-autotable cache-miss
105 http cache https://registry.npmjs.org/jspdf-autotable 17ms (cache hit)
106 silly packumentCache corgi:https://registry.npmjs.org/jspdf-autotable set size:193650 disposed:false
107 silly packumentCache corgi:https://registry.npmjs.org/prosemirror-markdown cache-miss
108 http cache https://registry.npmjs.org/prosemirror-markdown 14ms (cache hit)
109 silly packumentCache corgi:https://registry.npmjs.org/prosemirror-markdown set size:74370 disposed:false
110 silly packumentCache corgi:https://registry.npmjs.org/@vitejs%2fplugin-react cache-miss
111 silly packumentCache corgi:https://registry.npmjs.org/laravel-vite-plugin cache-miss
112 http cache https://registry.npmjs.org/@vitejs%2fplugin-react 29ms (cache hit)
113 silly packumentCache corgi:https://registry.npmjs.org/@vitejs%2fplugin-react set size:108650 disposed:false
114 http cache https://registry.npmjs.org/laravel-vite-plugin 44ms (cache hit)
115 silly packumentCache corgi:https://registry.npmjs.org/laravel-vite-plugin set size:63107 disposed:false
116 silly REMOVE node_modules/x-data-spreadsheet
117 silly REMOVE node_modules/vue
118 silly REMOVE node_modules/tmp
119 silly REMOVE node_modules/through
120 silly REMOVE node_modules/supports-color
121 silly REMOVE node_modules/rx
122 silly REMOVE node_modules/run-async
123 silly REMOVE node_modules/restore-cursor
124 silly REMOVE node_modules/restore-cursor/node_modules/signal-exit
125 silly REMOVE node_modules/pinkie-promise
126 silly REMOVE node_modules/pinkie
127 silly REMOVE node_modules/os-tmpdir
128 silly REMOVE node_modules/opn
129 silly REMOVE node_modules/opencollective-postinstall
130 silly REMOVE node_modules/opencollective
131 silly REMOVE node_modules/opencollective/node_modules/node-fetch
132 silly REMOVE node_modules/onetime
133 silly REMOVE node_modules/mute-stream
134 silly REMOVE node_modules/minimist
135 silly REMOVE node_modules/mimic-fn
136 silly REMOVE node_modules/magic-string
137 silly REMOVE node_modules/lodash-es
138 silly REMOVE node_modules/lodash
139 silly REMOVE node_modules/is-stream
140 silly REMOVE node_modules/inquirer
141 silly REMOVE node_modules/inquirer/node_modules/strip-ansi
142 silly REMOVE node_modules/inquirer/node_modules/string-width
143 silly REMOVE node_modules/inquirer/node_modules/string-width/node_modules/strip-ansi
144 silly REMOVE node_modules/inquirer/node_modules/string-width/node_modules/ansi-regex
145 silly REMOVE node_modules/inquirer/node_modules/is-fullwidth-code-point
146 silly REMOVE node_modules/inquirer/node_modules/ansi-regex
147 silly REMOVE node_modules/has-ansi
148 silly REMOVE node_modules/has-ansi/node_modules/ansi-regex
149 silly REMOVE node_modules/figures
150 silly REMOVE node_modules/figures/node_modules/escape-string-regexp
151 silly REMOVE node_modules/external-editor
152 silly REMOVE node_modules/external-editor/node_modules/iconv-lite
153 silly REMOVE node_modules/estree-walker
154 silly REMOVE node_modules/encoding
155 silly REMOVE node_modules/cli-width
156 silly REMOVE node_modules/cli-cursor
157 silly REMOVE node_modules/chardet
158 silly REMOVE node_modules/chalk
159 silly REMOVE node_modules/chalk/node_modules/strip-ansi
160 silly REMOVE node_modules/chalk/node_modules/escape-string-regexp
161 silly REMOVE node_modules/chalk/node_modules/ansi-styles
162 silly REMOVE node_modules/chalk/node_modules/ansi-regex
163 silly REMOVE node_modules/babel-runtime
164 silly REMOVE node_modules/babel-runtime/node_modules/regenerator-runtime
165 silly REMOVE node_modules/babel-runtime/node_modules/core-js
166 silly REMOVE node_modules/babel-polyfill
167 silly REMOVE node_modules/babel-polyfill/node_modules/regenerator-runtime
168 silly REMOVE node_modules/babel-polyfill/node_modules/core-js
169 silly REMOVE node_modules/ansi-escapes
170 silly REMOVE node_modules/@vue/shared
171 silly REMOVE node_modules/@vue/server-renderer
172 silly REMOVE node_modules/@vue/runtime-dom
173 silly REMOVE node_modules/@vue/runtime-core
174 silly REMOVE node_modules/@vue/reactivity
175 silly REMOVE node_modules/@vue/compiler-ssr
176 silly REMOVE node_modules/@vue/compiler-sfc
177 silly REMOVE node_modules/@vue/compiler-dom
178 silly REMOVE node_modules/@vue/compiler-core
179 silly REMOVE node_modules/@types/lodash-es
180 silly REMOVE node_modules/@types/lodash
181 silly REMOVE node_modules/@inertiajs/vue3
182 silly REMOVE node_modules/@inertiajs/vue3/node_modules/@inertiajs/core
183 verbose cwd C:\xampp\htdocs\repo\kyro-3
184 verbose os Windows_NT 10.0.26200
185 verbose node v25.7.0
186 verbose npm  v11.10.1
187 verbose exit 0
188 info ok
